                                 Started job on |	Jun 19 00:53:45
                             Started mapping on |	Jun 19 00:53:46
                                    Finished on |	Jun 19 01:03:01
       Mapping speed, Million of reads per hour |	313.11

                          Number of input reads |	48270546
                      Average input read length |	296
                                    UNIQUE READS:
                   Uniquely mapped reads number |	45695062
                        Uniquely mapped reads % |	94.66%
                          Average mapped length |	293.85
                       Number of splices: Total |	11989291
            Number of splices: Annotated (sjdb) |	11400708
                       Number of splices: GT/AG |	11969703
                       Number of splices: GC/AG |	7071
                       Number of splices: AT/AC |	2588
               Number of splices: Non-canonical |	9929
                      Mismatch rate per base, % |	0.31%
                         Deletion rate per base |	0.02%
                        Deletion average length |	1.45
                        Insertion rate per base |	0.02%
                       Insertion average length |	1.26
                             MULTI-MAPPING READS:
        Number of reads mapped to multiple loci |	2233974
             % of reads mapped to multiple loci |	4.63%
        Number of reads mapped to too many loci |	30805
             % of reads mapped to too many loci |	0.06%
                                  UNMAPPED READS:
       % of reads unmapped: too many mismatches |	0.00%
                 % of reads unmapped: too short |	0.05%
                     % of reads unmapped: other |	0.60%
                                  CHIMERIC READS:
                       Number of chimeric reads |	0
                            % of chimeric reads |	0.00%
