                                 Started job on |	Jun 09 16:30:23
                             Started mapping on |	Jun 09 16:30:25
                                    Finished on |	Jun 09 16:40:55
       Mapping speed, Million of reads per hour |	189.18

                          Number of input reads |	33106553
                      Average input read length |	293
                                    UNIQUE READS:
                   Uniquely mapped reads number |	30298466
                        Uniquely mapped reads % |	91.52%
                          Average mapped length |	290.11
                       Number of splices: Total |	6690350
            Number of splices: Annotated (sjdb) |	6360698
                       Number of splices: GT/AG |	6682455
                       Number of splices: GC/AG |	1802
                       Number of splices: AT/AC |	1273
               Number of splices: Non-canonical |	4820
                      Mismatch rate per base, % |	0.34%
                         Deletion rate per base |	0.01%
                        Deletion average length |	1.48
                        Insertion rate per base |	0.03%
                       Insertion average length |	1.22
                             MULTI-MAPPING READS:
        Number of reads mapped to multiple loci |	2532145
             % of reads mapped to multiple loci |	7.65%
        Number of reads mapped to too many loci |	41314
             % of reads mapped to too many loci |	0.12%
                                  UNMAPPED READS:
       % of reads unmapped: too many mismatches |	0.00%
                 % of reads unmapped: too short |	0.31%
                     % of reads unmapped: other |	0.40%
                                  CHIMERIC READS:
                       Number of chimeric reads |	0
                            % of chimeric reads |	0.00%
