                                 Started job on |	Jun 04 19:41:02
                             Started mapping on |	Jun 04 19:41:04
                                    Finished on |	Jun 04 19:51:21
       Mapping speed, Million of reads per hour |	163.91

                          Number of input reads |	28092578
                      Average input read length |	293
                                    UNIQUE READS:
                   Uniquely mapped reads number |	25640789
                        Uniquely mapped reads % |	91.27%
                          Average mapped length |	289.75
                       Number of splices: Total |	5015100
            Number of splices: Annotated (sjdb) |	4794577
                       Number of splices: GT/AG |	5009199
                       Number of splices: GC/AG |	1537
                       Number of splices: AT/AC |	1007
               Number of splices: Non-canonical |	3357
                      Mismatch rate per base, % |	0.35%
                         Deletion rate per base |	0.01%
                        Deletion average length |	1.48
                        Insertion rate per base |	0.03%
                       Insertion average length |	1.23
                             MULTI-MAPPING READS:
        Number of reads mapped to multiple loci |	2221746
             % of reads mapped to multiple loci |	7.91%
        Number of reads mapped to too many loci |	37179
             % of reads mapped to too many loci |	0.13%
                                  UNMAPPED READS:
       % of reads unmapped: too many mismatches |	0.01%
                 % of reads unmapped: too short |	0.47%
                     % of reads unmapped: other |	0.21%
                                  CHIMERIC READS:
                       Number of chimeric reads |	0
                            % of chimeric reads |	0.00%
