                                 Started job on |	May 31 01:48:13
                             Started mapping on |	May 31 01:48:16
                                    Finished on |	May 31 01:56:55
       Mapping speed, Million of reads per hour |	174.77

                          Number of input reads |	25195348
                      Average input read length |	294
                                    UNIQUE READS:
                   Uniquely mapped reads number |	22806387
                        Uniquely mapped reads % |	90.52%
                          Average mapped length |	289.56
                       Number of splices: Total |	3728454
            Number of splices: Annotated (sjdb) |	3566514
                       Number of splices: GT/AG |	3723597
                       Number of splices: GC/AG |	1608
                       Number of splices: AT/AC |	895
               Number of splices: Non-canonical |	2354
                      Mismatch rate per base, % |	0.34%
                         Deletion rate per base |	0.01%
                        Deletion average length |	1.40
                        Insertion rate per base |	0.03%
                       Insertion average length |	1.22
                             MULTI-MAPPING READS:
        Number of reads mapped to multiple loci |	2173966
             % of reads mapped to multiple loci |	8.63%
        Number of reads mapped to too many loci |	32679
             % of reads mapped to too many loci |	0.13%
                                  UNMAPPED READS:
       % of reads unmapped: too many mismatches |	0.01%
                 % of reads unmapped: too short |	0.50%
                     % of reads unmapped: other |	0.22%
                                  CHIMERIC READS:
                       Number of chimeric reads |	0
                            % of chimeric reads |	0.00%
