                                 Started job on |	Jun 09 14:19:43
                             Started mapping on |	Jun 09 14:19:44
                                    Finished on |	Jun 09 14:28:35
       Mapping speed, Million of reads per hour |	197.28

                          Number of input reads |	29098249
                      Average input read length |	294
                                    UNIQUE READS:
                   Uniquely mapped reads number |	24942809
                        Uniquely mapped reads % |	85.72%
                          Average mapped length |	276.11
                       Number of splices: Total |	5657380
            Number of splices: Annotated (sjdb) |	5411946
                       Number of splices: GT/AG |	5651388
                       Number of splices: GC/AG |	1501
                       Number of splices: AT/AC |	923
               Number of splices: Non-canonical |	3568
                      Mismatch rate per base, % |	0.33%
                         Deletion rate per base |	0.01%
                        Deletion average length |	1.47
                        Insertion rate per base |	0.03%
                       Insertion average length |	1.22
                             MULTI-MAPPING READS:
        Number of reads mapped to multiple loci |	3958071
             % of reads mapped to multiple loci |	13.60%
        Number of reads mapped to too many loci |	28684
             % of reads mapped to too many loci |	0.10%
                                  UNMAPPED READS:
       % of reads unmapped: too many mismatches |	0.00%
                 % of reads unmapped: too short |	0.28%
                     % of reads unmapped: other |	0.30%
                                  CHIMERIC READS:
                       Number of chimeric reads |	0
                            % of chimeric reads |	0.00%
