                                 Started job on |	Jun 16 23:21:53
                             Started mapping on |	Jun 16 23:21:55
                                    Finished on |	Jun 16 23:33:15
       Mapping speed, Million of reads per hour |	179.30

                          Number of input reads |	33867881
                      Average input read length |	295
                                    UNIQUE READS:
                   Uniquely mapped reads number |	31342317
                        Uniquely mapped reads % |	92.54%
                          Average mapped length |	292.05
                       Number of splices: Total |	8452974
            Number of splices: Annotated (sjdb) |	8046329
                       Number of splices: GT/AG |	8444348
                       Number of splices: GC/AG |	2216
                       Number of splices: AT/AC |	1362
               Number of splices: Non-canonical |	5048
                      Mismatch rate per base, % |	0.32%
                         Deletion rate per base |	0.01%
                        Deletion average length |	1.50
                        Insertion rate per base |	0.03%
                       Insertion average length |	1.24
                             MULTI-MAPPING READS:
        Number of reads mapped to multiple loci |	2330687
             % of reads mapped to multiple loci |	6.88%
        Number of reads mapped to too many loci |	29024
             % of reads mapped to too many loci |	0.09%
                                  UNMAPPED READS:
       % of reads unmapped: too many mismatches |	0.00%
                 % of reads unmapped: too short |	0.14%
                     % of reads unmapped: other |	0.35%
                                  CHIMERIC READS:
                       Number of chimeric reads |	0
                            % of chimeric reads |	0.00%
