                                 Started job on |	Jun 18 22:01:54
                             Started mapping on |	Jun 18 22:01:56
                                    Finished on |	Jun 18 22:10:34
       Mapping speed, Million of reads per hour |	327.78

                          Number of input reads |	47164461
                      Average input read length |	295
                                    UNIQUE READS:
                   Uniquely mapped reads number |	40005727
                        Uniquely mapped reads % |	84.82%
                          Average mapped length |	271.86
                       Number of splices: Total |	10825710
            Number of splices: Annotated (sjdb) |	10329785
                       Number of splices: GT/AG |	10810027
                       Number of splices: GC/AG |	5525
                       Number of splices: AT/AC |	2121
               Number of splices: Non-canonical |	8037
                      Mismatch rate per base, % |	0.32%
                         Deletion rate per base |	0.01%
                        Deletion average length |	1.46
                        Insertion rate per base |	0.02%
                       Insertion average length |	1.26
                             MULTI-MAPPING READS:
        Number of reads mapped to multiple loci |	6927992
             % of reads mapped to multiple loci |	14.69%
        Number of reads mapped to too many loci |	27590
             % of reads mapped to too many loci |	0.06%
                                  UNMAPPED READS:
       % of reads unmapped: too many mismatches |	0.00%
                 % of reads unmapped: too short |	0.04%
                     % of reads unmapped: other |	0.39%
                                  CHIMERIC READS:
                       Number of chimeric reads |	0
                            % of chimeric reads |	0.00%
