                                 Started job on |	Jun 03 19:03:46
                             Started mapping on |	Jun 03 19:03:48
                                    Finished on |	Jun 03 19:08:11
       Mapping speed, Million of reads per hour |	273.78

                          Number of input reads |	20001172
                      Average input read length |	294
                                    UNIQUE READS:
                   Uniquely mapped reads number |	15356087
                        Uniquely mapped reads % |	76.78%
                          Average mapped length |	258.14
                       Number of splices: Total |	2884550
            Number of splices: Annotated (sjdb) |	2774914
                       Number of splices: GT/AG |	2881760
                       Number of splices: GC/AG |	1008
                       Number of splices: AT/AC |	434
               Number of splices: Non-canonical |	1348
                      Mismatch rate per base, % |	0.33%
                         Deletion rate per base |	0.01%
                        Deletion average length |	1.45
                        Insertion rate per base |	0.03%
                       Insertion average length |	1.23
                             MULTI-MAPPING READS:
        Number of reads mapped to multiple loci |	4507366
             % of reads mapped to multiple loci |	22.54%
        Number of reads mapped to too many loci |	17960
             % of reads mapped to too many loci |	0.09%
                                  UNMAPPED READS:
       % of reads unmapped: too many mismatches |	0.01%
                 % of reads unmapped: too short |	0.45%
                     % of reads unmapped: other |	0.14%
                                  CHIMERIC READS:
                       Number of chimeric reads |	0
                            % of chimeric reads |	0.00%
