                                 Started job on |	Jun 13 03:35:54
                             Started mapping on |	Jun 13 03:35:56
                                    Finished on |	Jun 13 03:47:09
       Mapping speed, Million of reads per hour |	174.98

                          Number of input reads |	32712435
                      Average input read length |	293
                                    UNIQUE READS:
                   Uniquely mapped reads number |	28118986
                        Uniquely mapped reads % |	85.96%
                          Average mapped length |	273.48
                       Number of splices: Total |	7304775
            Number of splices: Annotated (sjdb) |	6962500
                       Number of splices: GT/AG |	7297633
                       Number of splices: GC/AG |	1944
                       Number of splices: AT/AC |	1176
               Number of splices: Non-canonical |	4022
                      Mismatch rate per base, % |	0.33%
                         Deletion rate per base |	0.02%
                        Deletion average length |	1.51
                        Insertion rate per base |	0.03%
                       Insertion average length |	1.25
                             MULTI-MAPPING READS:
        Number of reads mapped to multiple loci |	4304392
             % of reads mapped to multiple loci |	13.16%
        Number of reads mapped to too many loci |	39746
             % of reads mapped to too many loci |	0.12%
                                  UNMAPPED READS:
       % of reads unmapped: too many mismatches |	0.02%
                 % of reads unmapped: too short |	0.43%
                     % of reads unmapped: other |	0.32%
                                  CHIMERIC READS:
                       Number of chimeric reads |	0
                            % of chimeric reads |	0.00%
