                                 Started job on |	Jun 17 02:17:53
                             Started mapping on |	Jun 17 02:17:55
                                    Finished on |	Jun 17 02:30:39
       Mapping speed, Million of reads per hour |	181.16

                          Number of input reads |	38445549
                      Average input read length |	295
                                    UNIQUE READS:
                   Uniquely mapped reads number |	35852449
                        Uniquely mapped reads % |	93.26%
                          Average mapped length |	292.57
                       Number of splices: Total |	9928383
            Number of splices: Annotated (sjdb) |	9481050
                       Number of splices: GT/AG |	9917758
                       Number of splices: GC/AG |	3096
                       Number of splices: AT/AC |	1810
               Number of splices: Non-canonical |	5719
                      Mismatch rate per base, % |	0.31%
                         Deletion rate per base |	0.01%
                        Deletion average length |	1.50
                        Insertion rate per base |	0.03%
                       Insertion average length |	1.22
                             MULTI-MAPPING READS:
        Number of reads mapped to multiple loci |	2389520
             % of reads mapped to multiple loci |	6.22%
        Number of reads mapped to too many loci |	27416
             % of reads mapped to too many loci |	0.07%
                                  UNMAPPED READS:
       % of reads unmapped: too many mismatches |	0.00%
                 % of reads unmapped: too short |	0.12%
                     % of reads unmapped: other |	0.33%
                                  CHIMERIC READS:
                       Number of chimeric reads |	0
                            % of chimeric reads |	0.00%
