                                 Started job on |	Jun 09 19:00:39
                             Started mapping on |	Jun 09 19:00:41
                                    Finished on |	Jun 09 19:11:57
       Mapping speed, Million of reads per hour |	195.51

                          Number of input reads |	36712906
                      Average input read length |	295
                                    UNIQUE READS:
                   Uniquely mapped reads number |	33738081
                        Uniquely mapped reads % |	91.90%
                          Average mapped length |	292.88
                       Number of splices: Total |	7782552
            Number of splices: Annotated (sjdb) |	7420400
                       Number of splices: GT/AG |	7773894
                       Number of splices: GC/AG |	2010
                       Number of splices: AT/AC |	1356
               Number of splices: Non-canonical |	5292
                      Mismatch rate per base, % |	0.31%
                         Deletion rate per base |	0.01%
                        Deletion average length |	1.44
                        Insertion rate per base |	0.03%
                       Insertion average length |	1.22
                             MULTI-MAPPING READS:
        Number of reads mapped to multiple loci |	2621819
             % of reads mapped to multiple loci |	7.14%
        Number of reads mapped to too many loci |	43942
             % of reads mapped to too many loci |	0.12%
                                  UNMAPPED READS:
       % of reads unmapped: too many mismatches |	0.00%
                 % of reads unmapped: too short |	0.20%
                     % of reads unmapped: other |	0.64%
                                  CHIMERIC READS:
                       Number of chimeric reads |	0
                            % of chimeric reads |	0.00%
