                                 Started job on |	Jun 06 13:32:21
                             Started mapping on |	Jun 06 13:32:24
                                    Finished on |	Jun 06 13:41:46
       Mapping speed, Million of reads per hour |	172.22

                          Number of input reads |	26884865
                      Average input read length |	293
                                    UNIQUE READS:
                   Uniquely mapped reads number |	24371836
                        Uniquely mapped reads % |	90.65%
                          Average mapped length |	288.35
                       Number of splices: Total |	4752913
            Number of splices: Annotated (sjdb) |	4512189
                       Number of splices: GT/AG |	4747378
                       Number of splices: GC/AG |	1312
                       Number of splices: AT/AC |	883
               Number of splices: Non-canonical |	3340
                      Mismatch rate per base, % |	0.36%
                         Deletion rate per base |	0.02%
                        Deletion average length |	1.51
                        Insertion rate per base |	0.03%
                       Insertion average length |	1.26
                             MULTI-MAPPING READS:
        Number of reads mapped to multiple loci |	2302884
             % of reads mapped to multiple loci |	8.57%
        Number of reads mapped to too many loci |	31774
             % of reads mapped to too many loci |	0.12%
                                  UNMAPPED READS:
       % of reads unmapped: too many mismatches |	0.01%
                 % of reads unmapped: too short |	0.46%
                     % of reads unmapped: other |	0.19%
                                  CHIMERIC READS:
                       Number of chimeric reads |	0
                            % of chimeric reads |	0.00%
