                                 Started job on |	Jun 06 11:12:08
                             Started mapping on |	Jun 06 11:12:09
                                    Finished on |	Jun 06 11:22:51
       Mapping speed, Million of reads per hour |	176.38

                          Number of input reads |	31454639
                      Average input read length |	294
                                    UNIQUE READS:
                   Uniquely mapped reads number |	28659446
                        Uniquely mapped reads % |	91.11%
                          Average mapped length |	291.05
                       Number of splices: Total |	5935044
            Number of splices: Annotated (sjdb) |	5678934
                       Number of splices: GT/AG |	5928024
                       Number of splices: GC/AG |	1859
                       Number of splices: AT/AC |	1146
               Number of splices: Non-canonical |	4015
                      Mismatch rate per base, % |	0.34%
                         Deletion rate per base |	0.01%
                        Deletion average length |	1.48
                        Insertion rate per base |	0.03%
                       Insertion average length |	1.23
                             MULTI-MAPPING READS:
        Number of reads mapped to multiple loci |	2561951
             % of reads mapped to multiple loci |	8.14%
        Number of reads mapped to too many loci |	30621
             % of reads mapped to too many loci |	0.10%
                                  UNMAPPED READS:
       % of reads unmapped: too many mismatches |	0.00%
                 % of reads unmapped: too short |	0.39%
                     % of reads unmapped: other |	0.25%
                                  CHIMERIC READS:
                       Number of chimeric reads |	0
                            % of chimeric reads |	0.00%
