                                 Started job on |	Jun 06 04:52:11
                             Started mapping on |	Jun 06 04:52:43
                                    Finished on |	Jun 06 05:53:01
       Mapping speed, Million of reads per hour |	44.20

                          Number of input reads |	44422944
                      Average input read length |	296
                                    UNIQUE READS:
                   Uniquely mapped reads number |	4051302
                        Uniquely mapped reads % |	9.12%
                          Average mapped length |	292.76
                       Number of splices: Total |	3728636
            Number of splices: Annotated (sjdb) |	0
                       Number of splices: GT/AG |	3716586
                       Number of splices: GC/AG |	7962
                       Number of splices: AT/AC |	241
               Number of splices: Non-canonical |	3847
                      Mismatch rate per base, % |	0.30%
                         Deletion rate per base |	0.00%
                        Deletion average length |	1.43
                        Insertion rate per base |	0.00%
                       Insertion average length |	1.65
                             MULTI-MAPPING READS:
        Number of reads mapped to multiple loci |	7266245
             % of reads mapped to multiple loci |	16.36%
        Number of reads mapped to too many loci |	11107
             % of reads mapped to too many loci |	0.03%
                                  UNMAPPED READS:
       % of reads unmapped: too many mismatches |	0.00%
                 % of reads unmapped: too short |	74.48%
                     % of reads unmapped: other |	0.02%
                                  CHIMERIC READS:
                       Number of chimeric reads |	0
                            % of chimeric reads |	0.00%
