                                 Started job on |	Jun 09 10:07:14
                             Started mapping on |	Jun 09 10:07:29
                                    Finished on |	Jun 09 11:22:51
       Mapping speed, Million of reads per hour |	41.69

                          Number of input reads |	52367382
                      Average input read length |	296
                                    UNIQUE READS:
                   Uniquely mapped reads number |	5303707
                        Uniquely mapped reads % |	10.13%
                          Average mapped length |	292.65
                       Number of splices: Total |	5039153
            Number of splices: Annotated (sjdb) |	0
                       Number of splices: GT/AG |	5028246
                       Number of splices: GC/AG |	7268
                       Number of splices: AT/AC |	412
               Number of splices: Non-canonical |	3227
                      Mismatch rate per base, % |	0.30%
                         Deletion rate per base |	0.00%
                        Deletion average length |	1.37
                        Insertion rate per base |	0.00%
                       Insertion average length |	1.50
                             MULTI-MAPPING READS:
        Number of reads mapped to multiple loci |	3887028
             % of reads mapped to multiple loci |	7.42%
        Number of reads mapped to too many loci |	17840
             % of reads mapped to too many loci |	0.03%
                                  UNMAPPED READS:
       % of reads unmapped: too many mismatches |	0.00%
                 % of reads unmapped: too short |	82.40%
                     % of reads unmapped: other |	0.02%
                                  CHIMERIC READS:
                       Number of chimeric reads |	0
                            % of chimeric reads |	0.00%
