                                 Started job on |	Jun 12 17:39:42
                             Started mapping on |	Jun 12 17:40:08
                                    Finished on |	Jun 12 18:40:16
       Mapping speed, Million of reads per hour |	43.62

                          Number of input reads |	43717141
                      Average input read length |	294
                                    UNIQUE READS:
                   Uniquely mapped reads number |	3656036
                        Uniquely mapped reads % |	8.36%
                          Average mapped length |	293.07
                       Number of splices: Total |	3267466
            Number of splices: Annotated (sjdb) |	0
                       Number of splices: GT/AG |	3259289
                       Number of splices: GC/AG |	5314
                       Number of splices: AT/AC |	225
               Number of splices: Non-canonical |	2638
                      Mismatch rate per base, % |	0.31%
                         Deletion rate per base |	0.00%
                        Deletion average length |	1.33
                        Insertion rate per base |	0.00%
                       Insertion average length |	1.47
                             MULTI-MAPPING READS:
        Number of reads mapped to multiple loci |	6321584
             % of reads mapped to multiple loci |	14.46%
        Number of reads mapped to too many loci |	22417
             % of reads mapped to too many loci |	0.05%
                                  UNMAPPED READS:
       % of reads unmapped: too many mismatches |	0.00%
                 % of reads unmapped: too short |	77.11%
                     % of reads unmapped: other |	0.01%
                                  CHIMERIC READS:
                       Number of chimeric reads |	0
                            % of chimeric reads |	0.00%
