                                 Started job on |	Jun 16 09:30:30
                             Started mapping on |	Jun 16 09:30:47
                                    Finished on |	Jun 16 10:46:43
       Mapping speed, Million of reads per hour |	33.89

                          Number of input reads |	42885124
                      Average input read length |	296
                                    UNIQUE READS:
                   Uniquely mapped reads number |	1707508
                        Uniquely mapped reads % |	3.98%
                          Average mapped length |	293.92
                       Number of splices: Total |	1537150
            Number of splices: Annotated (sjdb) |	0
                       Number of splices: GT/AG |	1532405
                       Number of splices: GC/AG |	3194
                       Number of splices: AT/AC |	163
               Number of splices: Non-canonical |	1388
                      Mismatch rate per base, % |	0.27%
                         Deletion rate per base |	0.00%
                        Deletion average length |	1.36
                        Insertion rate per base |	0.00%
                       Insertion average length |	1.53
                             MULTI-MAPPING READS:
        Number of reads mapped to multiple loci |	2755567
             % of reads mapped to multiple loci |	6.43%
        Number of reads mapped to too many loci |	11153
             % of reads mapped to too many loci |	0.03%
                                  UNMAPPED READS:
       % of reads unmapped: too many mismatches |	0.00%
                 % of reads unmapped: too short |	89.55%
                     % of reads unmapped: other |	0.01%
                                  CHIMERIC READS:
                       Number of chimeric reads |	0
                            % of chimeric reads |	0.00%
