                                 Started job on |	Jun 18 17:17:42
                             Started mapping on |	Jun 18 17:17:58
                                    Finished on |	Jun 18 18:28:07
       Mapping speed, Million of reads per hour |	37.49

                          Number of input reads |	43836374
                      Average input read length |	296
                                    UNIQUE READS:
                   Uniquely mapped reads number |	572459
                        Uniquely mapped reads % |	1.31%
                          Average mapped length |	291.22
                       Number of splices: Total |	512008
            Number of splices: Annotated (sjdb) |	0
                       Number of splices: GT/AG |	509941
                       Number of splices: GC/AG |	1062
                       Number of splices: AT/AC |	48
               Number of splices: Non-canonical |	957
                      Mismatch rate per base, % |	0.28%
                         Deletion rate per base |	0.00%
                        Deletion average length |	1.46
                        Insertion rate per base |	0.00%
                       Insertion average length |	1.68
                             MULTI-MAPPING READS:
        Number of reads mapped to multiple loci |	831474
             % of reads mapped to multiple loci |	1.90%
        Number of reads mapped to too many loci |	10621
             % of reads mapped to too many loci |	0.02%
                                  UNMAPPED READS:
       % of reads unmapped: too many mismatches |	0.00%
                 % of reads unmapped: too short |	96.76%
                     % of reads unmapped: other |	0.02%
                                  CHIMERIC READS:
                       Number of chimeric reads |	0
                            % of chimeric reads |	0.00%
