                                 Started job on |	Jun 09 07:55:40
                             Started mapping on |	Jun 09 07:56:30
                                    Finished on |	Jun 09 08:55:20
       Mapping speed, Million of reads per hour |	50.81

                          Number of input reads |	49819418
                      Average input read length |	296
                                    UNIQUE READS:
                   Uniquely mapped reads number |	6243736
                        Uniquely mapped reads % |	12.53%
                          Average mapped length |	295.00
                       Number of splices: Total |	5973136
            Number of splices: Annotated (sjdb) |	0
                       Number of splices: GT/AG |	5958071
                       Number of splices: GC/AG |	10137
                       Number of splices: AT/AC |	360
               Number of splices: Non-canonical |	4568
                      Mismatch rate per base, % |	0.28%
                         Deletion rate per base |	0.00%
                        Deletion average length |	1.35
                        Insertion rate per base |	0.00%
                       Insertion average length |	1.52
                             MULTI-MAPPING READS:
        Number of reads mapped to multiple loci |	10901488
             % of reads mapped to multiple loci |	21.88%
        Number of reads mapped to too many loci |	24326
             % of reads mapped to too many loci |	0.05%
                                  UNMAPPED READS:
       % of reads unmapped: too many mismatches |	0.00%
                 % of reads unmapped: too short |	65.52%
                     % of reads unmapped: other |	0.01%
                                  CHIMERIC READS:
                       Number of chimeric reads |	0
                            % of chimeric reads |	0.00%
