                                 Started job on |	Jun 18 14:21:43
                             Started mapping on |	Jun 18 14:21:57
                                    Finished on |	Jun 18 15:43:21
       Mapping speed, Million of reads per hour |	37.67

                          Number of input reads |	51101474
                      Average input read length |	296
                                    UNIQUE READS:
                   Uniquely mapped reads number |	704902
                        Uniquely mapped reads % |	1.38%
                          Average mapped length |	290.39
                       Number of splices: Total |	638479
            Number of splices: Annotated (sjdb) |	0
                       Number of splices: GT/AG |	635911
                       Number of splices: GC/AG |	1467
                       Number of splices: AT/AC |	83
               Number of splices: Non-canonical |	1018
                      Mismatch rate per base, % |	0.28%
                         Deletion rate per base |	0.00%
                        Deletion average length |	1.44
                        Insertion rate per base |	0.00%
                       Insertion average length |	1.68
                             MULTI-MAPPING READS:
        Number of reads mapped to multiple loci |	942049
             % of reads mapped to multiple loci |	1.84%
        Number of reads mapped to too many loci |	12139
             % of reads mapped to too many loci |	0.02%
                                  UNMAPPED READS:
       % of reads unmapped: too many mismatches |	0.00%
                 % of reads unmapped: too short |	96.74%
                     % of reads unmapped: other |	0.02%
                                  CHIMERIC READS:
                       Number of chimeric reads |	0
                            % of chimeric reads |	0.00%
