                                 Started job on |	Jun 06 07:25:46
                             Started mapping on |	Jun 06 07:26:00
                                    Finished on |	Jun 06 08:20:02
       Mapping speed, Million of reads per hour |	55.61

                          Number of input reads |	50083242
                      Average input read length |	296
                                    UNIQUE READS:
                   Uniquely mapped reads number |	8338607
                        Uniquely mapped reads % |	16.65%
                          Average mapped length |	295.00
                       Number of splices: Total |	8212295
            Number of splices: Annotated (sjdb) |	0
                       Number of splices: GT/AG |	8193698
                       Number of splices: GC/AG |	12451
                       Number of splices: AT/AC |	420
               Number of splices: Non-canonical |	5726
                      Mismatch rate per base, % |	0.28%
                         Deletion rate per base |	0.00%
                        Deletion average length |	1.33
                        Insertion rate per base |	0.00%
                       Insertion average length |	1.51
                             MULTI-MAPPING READS:
        Number of reads mapped to multiple loci |	13651336
             % of reads mapped to multiple loci |	27.26%
        Number of reads mapped to too many loci |	26419
             % of reads mapped to too many loci |	0.05%
                                  UNMAPPED READS:
       % of reads unmapped: too many mismatches |	0.00%
                 % of reads unmapped: too short |	56.03%
                     % of reads unmapped: other |	0.01%
                                  CHIMERIC READS:
                       Number of chimeric reads |	0
                            % of chimeric reads |	0.00%
