                                 Started job on |	May 30 22:35:47
                             Started mapping on |	May 30 22:36:24
                                    Finished on |	May 30 23:36:34
       Mapping speed, Million of reads per hour |	45.93

                          Number of input reads |	46061188
                      Average input read length |	296
                                    UNIQUE READS:
                   Uniquely mapped reads number |	5621581
                        Uniquely mapped reads % |	12.20%
                          Average mapped length |	292.14
                       Number of splices: Total |	5190660
            Number of splices: Annotated (sjdb) |	0
                       Number of splices: GT/AG |	5173596
                       Number of splices: GC/AG |	11420
                       Number of splices: AT/AC |	414
               Number of splices: Non-canonical |	5230
                      Mismatch rate per base, % |	0.27%
                         Deletion rate per base |	0.00%
                        Deletion average length |	1.43
                        Insertion rate per base |	0.00%
                       Insertion average length |	1.68
                             MULTI-MAPPING READS:
        Number of reads mapped to multiple loci |	8703967
             % of reads mapped to multiple loci |	18.90%
        Number of reads mapped to too many loci |	13934
             % of reads mapped to too many loci |	0.03%
                                  UNMAPPED READS:
       % of reads unmapped: too many mismatches |	0.00%
                 % of reads unmapped: too short |	68.86%
                     % of reads unmapped: other |	0.01%
                                  CHIMERIC READS:
                       Number of chimeric reads |	0
                            % of chimeric reads |	0.00%
