                                 Started job on |	Jun 18 11:40:17
                             Started mapping on |	Jun 18 11:40:33
                                    Finished on |	Jun 18 12:50:33
       Mapping speed, Million of reads per hour |	38.71

                          Number of input reads |	45160221
                      Average input read length |	296
                                    UNIQUE READS:
                   Uniquely mapped reads number |	1555354
                        Uniquely mapped reads % |	3.44%
                          Average mapped length |	293.74
                       Number of splices: Total |	1384599
            Number of splices: Annotated (sjdb) |	0
                       Number of splices: GT/AG |	1380371
                       Number of splices: GC/AG |	2777
                       Number of splices: AT/AC |	132
               Number of splices: Non-canonical |	1319
                      Mismatch rate per base, % |	0.27%
                         Deletion rate per base |	0.00%
                        Deletion average length |	1.37
                        Insertion rate per base |	0.00%
                       Insertion average length |	1.53
                             MULTI-MAPPING READS:
        Number of reads mapped to multiple loci |	2821464
             % of reads mapped to multiple loci |	6.25%
        Number of reads mapped to too many loci |	12526
             % of reads mapped to too many loci |	0.03%
                                  UNMAPPED READS:
       % of reads unmapped: too many mismatches |	0.00%
                 % of reads unmapped: too short |	90.27%
                     % of reads unmapped: other |	0.01%
                                  CHIMERIC READS:
                       Number of chimeric reads |	0
                            % of chimeric reads |	0.00%
