                                 Started job on |	Jun 03 14:30:10
                             Started mapping on |	Jun 03 14:30:53
                                    Finished on |	Jun 03 17:00:40
       Mapping speed, Million of reads per hour |	20.80

                          Number of input reads |	51925368
                      Average input read length |	296
                                    UNIQUE READS:
                   Uniquely mapped reads number |	7977113
                        Uniquely mapped reads % |	15.36%
                          Average mapped length |	293.00
                       Number of splices: Total |	7934450
            Number of splices: Annotated (sjdb) |	0
                       Number of splices: GT/AG |	7912523
                       Number of splices: GC/AG |	14215
                       Number of splices: AT/AC |	492
               Number of splices: Non-canonical |	7220
                      Mismatch rate per base, % |	0.29%
                         Deletion rate per base |	0.00%
                        Deletion average length |	1.39
                        Insertion rate per base |	0.00%
                       Insertion average length |	1.56
                             MULTI-MAPPING READS:
        Number of reads mapped to multiple loci |	12276669
             % of reads mapped to multiple loci |	23.64%
        Number of reads mapped to too many loci |	20131
             % of reads mapped to too many loci |	0.04%
                                  UNMAPPED READS:
       % of reads unmapped: too many mismatches |	0.00%
                 % of reads unmapped: too short |	60.94%
                     % of reads unmapped: other |	0.02%
                                  CHIMERIC READS:
                       Number of chimeric reads |	0
                            % of chimeric reads |	0.00%
