                                 Started job on |	Jun 09 05:38:07
                             Started mapping on |	Jun 09 05:38:22
                                    Finished on |	Jun 09 06:40:55
       Mapping speed, Million of reads per hour |	45.29

                          Number of input reads |	47209639
                      Average input read length |	296
                                    UNIQUE READS:
                   Uniquely mapped reads number |	4422168
                        Uniquely mapped reads % |	9.37%
                          Average mapped length |	294.48
                       Number of splices: Total |	4507695
            Number of splices: Annotated (sjdb) |	0
                       Number of splices: GT/AG |	4495845
                       Number of splices: GC/AG |	7448
                       Number of splices: AT/AC |	317
               Number of splices: Non-canonical |	4085
                      Mismatch rate per base, % |	0.28%
                         Deletion rate per base |	0.00%
                        Deletion average length |	1.36
                        Insertion rate per base |	0.00%
                       Insertion average length |	1.54
                             MULTI-MAPPING READS:
        Number of reads mapped to multiple loci |	7528531
             % of reads mapped to multiple loci |	15.95%
        Number of reads mapped to too many loci |	11765
             % of reads mapped to too many loci |	0.02%
                                  UNMAPPED READS:
       % of reads unmapped: too many mismatches |	0.00%
                 % of reads unmapped: too short |	74.64%
                     % of reads unmapped: other |	0.02%
                                  CHIMERIC READS:
                       Number of chimeric reads |	0
                            % of chimeric reads |	0.00%
