                                 Started job on |	Jun 12 13:10:53
                             Started mapping on |	Jun 12 13:11:35
                                    Finished on |	Jun 12 14:14:48
       Mapping speed, Million of reads per hour |	38.88

                          Number of input reads |	40965417
                      Average input read length |	296
                                    UNIQUE READS:
                   Uniquely mapped reads number |	3542635
                        Uniquely mapped reads % |	8.65%
                          Average mapped length |	292.32
                       Number of splices: Total |	3412021
            Number of splices: Annotated (sjdb) |	0
                       Number of splices: GT/AG |	3405300
                       Number of splices: GC/AG |	4619
                       Number of splices: AT/AC |	224
               Number of splices: Non-canonical |	1878
                      Mismatch rate per base, % |	0.30%
                         Deletion rate per base |	0.00%
                        Deletion average length |	1.36
                        Insertion rate per base |	0.00%
                       Insertion average length |	1.53
                             MULTI-MAPPING READS:
        Number of reads mapped to multiple loci |	2532097
             % of reads mapped to multiple loci |	6.18%
        Number of reads mapped to too many loci |	17938
             % of reads mapped to too many loci |	0.04%
                                  UNMAPPED READS:
       % of reads unmapped: too many mismatches |	0.00%
                 % of reads unmapped: too short |	85.11%
                     % of reads unmapped: other |	0.02%
                                  CHIMERIC READS:
                       Number of chimeric reads |	0
                            % of chimeric reads |	0.00%
