                                 Started job on |	May 30 22:24:52
                             Started mapping on |	May 30 22:25:10
                                    Finished on |	May 30 23:21:53
       Mapping speed, Million of reads per hour |	53.09

                          Number of input reads |	50182279
                      Average input read length |	297
                                    UNIQUE READS:
                   Uniquely mapped reads number |	12617080
                        Uniquely mapped reads % |	25.14%
                          Average mapped length |	293.61
                       Number of splices: Total |	12803478
            Number of splices: Annotated (sjdb) |	0
                       Number of splices: GT/AG |	12779059
                       Number of splices: GC/AG |	16639
                       Number of splices: AT/AC |	669
               Number of splices: Non-canonical |	7111
                      Mismatch rate per base, % |	0.30%
                         Deletion rate per base |	0.00%
                        Deletion average length |	1.34
                        Insertion rate per base |	0.00%
                       Insertion average length |	1.51
                             MULTI-MAPPING READS:
        Number of reads mapped to multiple loci |	9206229
             % of reads mapped to multiple loci |	18.35%
        Number of reads mapped to too many loci |	25866
             % of reads mapped to too many loci |	0.05%
                                  UNMAPPED READS:
       % of reads unmapped: too many mismatches |	0.00%
                 % of reads unmapped: too short |	56.45%
                     % of reads unmapped: other |	0.01%
                                  CHIMERIC READS:
                       Number of chimeric reads |	0
                            % of chimeric reads |	0.00%
