                                 Started job on |	Jun 03 18:24:56
                             Started mapping on |	Jun 03 18:24:58
                                    Finished on |	Jun 03 18:30:03
       Mapping speed, Million of reads per hour |	206.44

                          Number of input reads |	17489832
                      Average input read length |	292
                                    UNIQUE READS:
                   Uniquely mapped reads number |	14919397
                        Uniquely mapped reads % |	85.30%
                          Average mapped length |	258.74
                       Number of splices: Total |	2998032
            Number of splices: Annotated (sjdb) |	2751187
                       Number of splices: GT/AG |	2964195
                       Number of splices: GC/AG |	5357
                       Number of splices: AT/AC |	4539
               Number of splices: Non-canonical |	23941
                      Mismatch rate per base, % |	0.91%
                         Deletion rate per base |	0.02%
                        Deletion average length |	1.87
                        Insertion rate per base |	0.06%
                       Insertion average length |	2.19
                             MULTI-MAPPING READS:
        Number of reads mapped to multiple loci |	2351792
             % of reads mapped to multiple loci |	13.45%
        Number of reads mapped to too many loci |	19842
             % of reads mapped to too many loci |	0.11%
                                  UNMAPPED READS:
       % of reads unmapped: too many mismatches |	0.02%
                 % of reads unmapped: too short |	0.92%
                     % of reads unmapped: other |	0.19%
                                  CHIMERIC READS:
                       Number of chimeric reads |	0
                            % of chimeric reads |	0.00%
