                                 Started job on |	Jun 19 18:05:21
                             Started mapping on |	Jun 19 18:05:23
                                    Finished on |	Jun 19 18:13:19
       Mapping speed, Million of reads per hour |	254.83

                          Number of input reads |	33694473
                      Average input read length |	295
                                    UNIQUE READS:
                   Uniquely mapped reads number |	31560870
                        Uniquely mapped reads % |	93.67%
                          Average mapped length |	290.38
                       Number of splices: Total |	8980286
            Number of splices: Annotated (sjdb) |	8344377
                       Number of splices: GT/AG |	8919750
                       Number of splices: GC/AG |	8012
                       Number of splices: AT/AC |	5050
               Number of splices: Non-canonical |	47474
                      Mismatch rate per base, % |	0.54%
                         Deletion rate per base |	0.02%
                        Deletion average length |	1.84
                        Insertion rate per base |	0.05%
                       Insertion average length |	1.89
                             MULTI-MAPPING READS:
        Number of reads mapped to multiple loci |	2007609
             % of reads mapped to multiple loci |	5.96%
        Number of reads mapped to too many loci |	48137
             % of reads mapped to too many loci |	0.14%
                                  UNMAPPED READS:
       % of reads unmapped: too many mismatches |	0.11%
                 % of reads unmapped: too short |	0.09%
                     % of reads unmapped: other |	0.03%
                                  CHIMERIC READS:
                       Number of chimeric reads |	0
                            % of chimeric reads |	0.00%
