                                 Started job on |	May 31 05:08:42
                             Started mapping on |	May 31 05:08:44
                                    Finished on |	May 31 05:12:17
       Mapping speed, Million of reads per hour |	217.74

                          Number of input reads |	12882708
                      Average input read length |	292
                                    UNIQUE READS:
                   Uniquely mapped reads number |	9390996
                        Uniquely mapped reads % |	72.90%
                          Average mapped length |	178.04
                       Number of splices: Total |	1724589
            Number of splices: Annotated (sjdb) |	1627307
                       Number of splices: GT/AG |	1716561
                       Number of splices: GC/AG |	2296
                       Number of splices: AT/AC |	1259
               Number of splices: Non-canonical |	4473
                      Mismatch rate per base, % |	0.66%
                         Deletion rate per base |	0.02%
                        Deletion average length |	1.83
                        Insertion rate per base |	0.04%
                       Insertion average length |	2.00
                             MULTI-MAPPING READS:
        Number of reads mapped to multiple loci |	3431725
             % of reads mapped to multiple loci |	26.64%
        Number of reads mapped to too many loci |	6552
             % of reads mapped to too many loci |	0.05%
                                  UNMAPPED READS:
       % of reads unmapped: too many mismatches |	0.01%
                 % of reads unmapped: too short |	0.33%
                     % of reads unmapped: other |	0.08%
                                  CHIMERIC READS:
                       Number of chimeric reads |	0
                            % of chimeric reads |	0.00%
