                                 Started job on |	Jun 19 15:37:33
                             Started mapping on |	Jun 19 15:37:35
                                    Finished on |	Jun 19 15:46:20
       Mapping speed, Million of reads per hour |	289.69

                          Number of input reads |	42246035
                      Average input read length |	295
                                    UNIQUE READS:
                   Uniquely mapped reads number |	37704181
                        Uniquely mapped reads % |	89.25%
                          Average mapped length |	273.91
                       Number of splices: Total |	10783186
            Number of splices: Annotated (sjdb) |	10062636
                       Number of splices: GT/AG |	10715655
                       Number of splices: GC/AG |	8240
                       Number of splices: AT/AC |	5504
               Number of splices: Non-canonical |	53787
                      Mismatch rate per base, % |	0.49%
                         Deletion rate per base |	0.02%
                        Deletion average length |	1.85
                        Insertion rate per base |	0.06%
                       Insertion average length |	1.81
                             MULTI-MAPPING READS:
        Number of reads mapped to multiple loci |	4457308
             % of reads mapped to multiple loci |	10.55%
        Number of reads mapped to too many loci |	27783
             % of reads mapped to too many loci |	0.07%
                                  UNMAPPED READS:
       % of reads unmapped: too many mismatches |	0.04%
                 % of reads unmapped: too short |	0.07%
                     % of reads unmapped: other |	0.03%
                                  CHIMERIC READS:
                       Number of chimeric reads |	0
                            % of chimeric reads |	0.00%
