                                 Started job on |	Jun 19 13:02:58
                             Started mapping on |	Jun 19 13:03:00
                                    Finished on |	Jun 19 13:10:06
       Mapping speed, Million of reads per hour |	304.66

                          Number of input reads |	36051005
                      Average input read length |	295
                                    UNIQUE READS:
                   Uniquely mapped reads number |	29940909
                        Uniquely mapped reads % |	83.05%
                          Average mapped length |	265.49
                       Number of splices: Total |	8741932
            Number of splices: Annotated (sjdb) |	8082476
                       Number of splices: GT/AG |	8692195
                       Number of splices: GC/AG |	3840
                       Number of splices: AT/AC |	4498
               Number of splices: Non-canonical |	41399
                      Mismatch rate per base, % |	0.48%
                         Deletion rate per base |	0.02%
                        Deletion average length |	1.81
                        Insertion rate per base |	0.06%
                       Insertion average length |	1.85
                             MULTI-MAPPING READS:
        Number of reads mapped to multiple loci |	6044299
             % of reads mapped to multiple loci |	16.77%
        Number of reads mapped to too many loci |	12806
             % of reads mapped to too many loci |	0.04%
                                  UNMAPPED READS:
       % of reads unmapped: too many mismatches |	0.01%
                 % of reads unmapped: too short |	0.11%
                     % of reads unmapped: other |	0.03%
                                  CHIMERIC READS:
                       Number of chimeric reads |	0
                            % of chimeric reads |	0.00%
