                                 Started job on |	Jun 07 16:49:37
                             Started mapping on |	Jun 07 16:49:39
                                    Finished on |	Jun 07 16:57:27
       Mapping speed, Million of reads per hour |	187.25

                          Number of input reads |	24342711
                      Average input read length |	294
                                    UNIQUE READS:
                   Uniquely mapped reads number |	19435083
                        Uniquely mapped reads % |	79.84%
                          Average mapped length |	230.82
                       Number of splices: Total |	4412071
            Number of splices: Annotated (sjdb) |	4067915
                       Number of splices: GT/AG |	4363617
                       Number of splices: GC/AG |	10026
                       Number of splices: AT/AC |	3910
               Number of splices: Non-canonical |	34518
                      Mismatch rate per base, % |	0.81%
                         Deletion rate per base |	0.02%
                        Deletion average length |	1.87
                        Insertion rate per base |	0.06%
                       Insertion average length |	2.20
                             MULTI-MAPPING READS:
        Number of reads mapped to multiple loci |	4801407
             % of reads mapped to multiple loci |	19.72%
        Number of reads mapped to too many loci |	13489
             % of reads mapped to too many loci |	0.06%
                                  UNMAPPED READS:
       % of reads unmapped: too many mismatches |	0.01%
                 % of reads unmapped: too short |	0.26%
                     % of reads unmapped: other |	0.12%
                                  CHIMERIC READS:
                       Number of chimeric reads |	0
                            % of chimeric reads |	0.00%
