                                 Started job on |	Jun 13 14:59:28
                             Started mapping on |	Jun 13 14:59:30
                                    Finished on |	Jun 13 15:12:55
       Mapping speed, Million of reads per hour |	187.84

                          Number of input reads |	42004212
                      Average input read length |	294
                                    UNIQUE READS:
                   Uniquely mapped reads number |	36339696
                        Uniquely mapped reads % |	86.51%
                          Average mapped length |	265.11
                       Number of splices: Total |	9912870
            Number of splices: Annotated (sjdb) |	9159600
                       Number of splices: GT/AG |	9867400
                       Number of splices: GC/AG |	4683
                       Number of splices: AT/AC |	5813
               Number of splices: Non-canonical |	34974
                      Mismatch rate per base, % |	0.56%
                         Deletion rate per base |	0.02%
                        Deletion average length |	1.76
                        Insertion rate per base |	0.05%
                       Insertion average length |	1.78
                             MULTI-MAPPING READS:
        Number of reads mapped to multiple loci |	5596958
             % of reads mapped to multiple loci |	13.32%
        Number of reads mapped to too many loci |	18589
             % of reads mapped to too many loci |	0.04%
                                  UNMAPPED READS:
       % of reads unmapped: too many mismatches |	0.01%
                 % of reads unmapped: too short |	0.07%
                     % of reads unmapped: other |	0.03%
                                  CHIMERIC READS:
                       Number of chimeric reads |	0
                            % of chimeric reads |	0.00%
