                                 Started job on |	Jun 07 18:46:35
                             Started mapping on |	Jun 07 18:46:37
                                    Finished on |	Jun 07 18:59:04
       Mapping speed, Million of reads per hour |	141.61

                          Number of input reads |	29383342
                      Average input read length |	293
                                    UNIQUE READS:
                   Uniquely mapped reads number |	25960735
                        Uniquely mapped reads % |	88.35%
                          Average mapped length |	270.59
                       Number of splices: Total |	6596508
            Number of splices: Annotated (sjdb) |	5942873
                       Number of splices: GT/AG |	6490693
                       Number of splices: GC/AG |	25615
                       Number of splices: AT/AC |	5451
               Number of splices: Non-canonical |	74749
                      Mismatch rate per base, % |	0.90%
                         Deletion rate per base |	0.02%
                        Deletion average length |	1.89
                        Insertion rate per base |	0.06%
                       Insertion average length |	2.32
                             MULTI-MAPPING READS:
        Number of reads mapped to multiple loci |	3254939
             % of reads mapped to multiple loci |	11.08%
        Number of reads mapped to too many loci |	22964
             % of reads mapped to too many loci |	0.08%
                                  UNMAPPED READS:
       % of reads unmapped: too many mismatches |	0.01%
                 % of reads unmapped: too short |	0.33%
                     % of reads unmapped: other |	0.15%
                                  CHIMERIC READS:
                       Number of chimeric reads |	0
                            % of chimeric reads |	0.00%
