                                 Started job on |	Jun 06 00:25:57
                             Started mapping on |	Jun 06 00:25:59
                                    Finished on |	Jun 06 00:32:06
       Mapping speed, Million of reads per hour |	164.35

                          Number of input reads |	16754465
                      Average input read length |	293
                                    UNIQUE READS:
                   Uniquely mapped reads number |	14601419
                        Uniquely mapped reads % |	87.15%
                          Average mapped length |	268.83
                       Number of splices: Total |	3053834
            Number of splices: Annotated (sjdb) |	2802327
                       Number of splices: GT/AG |	3017701
                       Number of splices: GC/AG |	5837
                       Number of splices: AT/AC |	4594
               Number of splices: Non-canonical |	25702
                      Mismatch rate per base, % |	0.91%
                         Deletion rate per base |	0.02%
                        Deletion average length |	1.86
                        Insertion rate per base |	0.06%
                       Insertion average length |	2.16
                             MULTI-MAPPING READS:
        Number of reads mapped to multiple loci |	1932129
             % of reads mapped to multiple loci |	11.53%
        Number of reads mapped to too many loci |	18099
             % of reads mapped to too many loci |	0.11%
                                  UNMAPPED READS:
       % of reads unmapped: too many mismatches |	0.02%
                 % of reads unmapped: too short |	0.99%
                     % of reads unmapped: other |	0.20%
                                  CHIMERIC READS:
                       Number of chimeric reads |	0
                            % of chimeric reads |	0.00%
