                                 Started job on |	Jun 19 21:02:31
                             Started mapping on |	Jun 19 21:02:33
                                    Finished on |	Jun 19 21:12:22
       Mapping speed, Million of reads per hour |	248.85

                          Number of input reads |	40714810
                      Average input read length |	294
                                    UNIQUE READS:
                   Uniquely mapped reads number |	33059823
                        Uniquely mapped reads % |	81.20%
                          Average mapped length |	263.23
                       Number of splices: Total |	8916006
            Number of splices: Annotated (sjdb) |	8367184
                       Number of splices: GT/AG |	8864227
                       Number of splices: GC/AG |	9168
                       Number of splices: AT/AC |	4117
               Number of splices: Non-canonical |	38494
                      Mismatch rate per base, % |	0.56%
                         Deletion rate per base |	0.02%
                        Deletion average length |	1.76
                        Insertion rate per base |	0.05%
                       Insertion average length |	1.84
                             MULTI-MAPPING READS:
        Number of reads mapped to multiple loci |	7496965
             % of reads mapped to multiple loci |	18.41%
        Number of reads mapped to too many loci |	63131
             % of reads mapped to too many loci |	0.16%
                                  UNMAPPED READS:
       % of reads unmapped: too many mismatches |	0.12%
                 % of reads unmapped: too short |	0.09%
                     % of reads unmapped: other |	0.03%
                                  CHIMERIC READS:
                       Number of chimeric reads |	0
                            % of chimeric reads |	0.00%
