                                 Started job on |	Jun 13 10:07:37
                             Started mapping on |	Jun 13 10:07:39
                                    Finished on |	Jun 13 10:18:22
       Mapping speed, Million of reads per hour |	184.54

                          Number of input reads |	32960270
                      Average input read length |	295
                                    UNIQUE READS:
                   Uniquely mapped reads number |	29230376
                        Uniquely mapped reads % |	88.68%
                          Average mapped length |	274.04
                       Number of splices: Total |	7996538
            Number of splices: Annotated (sjdb) |	7337519
                       Number of splices: GT/AG |	7951435
                       Number of splices: GC/AG |	6737
                       Number of splices: AT/AC |	5026
               Number of splices: Non-canonical |	33340
                      Mismatch rate per base, % |	0.63%
                         Deletion rate per base |	0.02%
                        Deletion average length |	1.78
                        Insertion rate per base |	0.06%
                       Insertion average length |	1.80
                             MULTI-MAPPING READS:
        Number of reads mapped to multiple loci |	3647415
             % of reads mapped to multiple loci |	11.07%
        Number of reads mapped to too many loci |	26502
             % of reads mapped to too many loci |	0.08%
                                  UNMAPPED READS:
       % of reads unmapped: too many mismatches |	0.01%
                 % of reads unmapped: too short |	0.10%
                     % of reads unmapped: other |	0.06%
                                  CHIMERIC READS:
                       Number of chimeric reads |	0
                            % of chimeric reads |	0.00%
