                                 Started job on |	Jun 06 01:40:18
                             Started mapping on |	Jun 06 01:40:19
                                    Finished on |	Jun 06 01:44:55
       Mapping speed, Million of reads per hour |	200.15

                          Number of input reads |	15344979
                      Average input read length |	291
                                    UNIQUE READS:
                   Uniquely mapped reads number |	12362780
                        Uniquely mapped reads % |	80.57%
                          Average mapped length |	226.16
                       Number of splices: Total |	2536871
            Number of splices: Annotated (sjdb) |	2358646
                       Number of splices: GT/AG |	2512666
                       Number of splices: GC/AG |	4822
                       Number of splices: AT/AC |	3026
               Number of splices: Non-canonical |	16357
                      Mismatch rate per base, % |	0.84%
                         Deletion rate per base |	0.02%
                        Deletion average length |	1.86
                        Insertion rate per base |	0.06%
                       Insertion average length |	2.10
                             MULTI-MAPPING READS:
        Number of reads mapped to multiple loci |	2853659
             % of reads mapped to multiple loci |	18.60%
        Number of reads mapped to too many loci |	11140
             % of reads mapped to too many loci |	0.07%
                                  UNMAPPED READS:
       % of reads unmapped: too many mismatches |	0.01%
                 % of reads unmapped: too short |	0.63%
                     % of reads unmapped: other |	0.13%
                                  CHIMERIC READS:
                       Number of chimeric reads |	0
                            % of chimeric reads |	0.00%
