                                 Started job on |	Jun 07 21:01:26
                             Started mapping on |	Jun 07 21:01:27
                                    Finished on |	Jun 07 21:12:58
       Mapping speed, Million of reads per hour |	167.96

                          Number of input reads |	32239903
                      Average input read length |	294
                                    UNIQUE READS:
                   Uniquely mapped reads number |	27926824
                        Uniquely mapped reads % |	86.62%
                          Average mapped length |	262.49
                       Number of splices: Total |	7089897
            Number of splices: Annotated (sjdb) |	6442211
                       Number of splices: GT/AG |	7021796
                       Number of splices: GC/AG |	11030
                       Number of splices: AT/AC |	5205
               Number of splices: Non-canonical |	51866
                      Mismatch rate per base, % |	0.75%
                         Deletion rate per base |	0.03%
                        Deletion average length |	1.87
                        Insertion rate per base |	0.07%
                       Insertion average length |	1.94
                             MULTI-MAPPING READS:
        Number of reads mapped to multiple loci |	4208189
             % of reads mapped to multiple loci |	13.05%
        Number of reads mapped to too many loci |	21484
             % of reads mapped to too many loci |	0.07%
                                  UNMAPPED READS:
       % of reads unmapped: too many mismatches |	0.01%
                 % of reads unmapped: too short |	0.17%
                     % of reads unmapped: other |	0.08%
                                  CHIMERIC READS:
                       Number of chimeric reads |	0
                            % of chimeric reads |	0.00%
