                                 Started job on |	May 30 21:53:46
                             Started mapping on |	May 30 21:53:48
                                    Finished on |	May 30 21:56:49
       Mapping speed, Million of reads per hour |	250.68

                          Number of input reads |	12603534
                      Average input read length |	292
                                    UNIQUE READS:
                   Uniquely mapped reads number |	8652626
                        Uniquely mapped reads % |	68.65%
                          Average mapped length |	179.84
                       Number of splices: Total |	1401437
            Number of splices: Annotated (sjdb) |	1313658
                       Number of splices: GT/AG |	1394991
                       Number of splices: GC/AG |	2024
                       Number of splices: AT/AC |	914
               Number of splices: Non-canonical |	3508
                      Mismatch rate per base, % |	0.66%
                         Deletion rate per base |	0.02%
                        Deletion average length |	1.79
                        Insertion rate per base |	0.04%
                       Insertion average length |	1.99
                             MULTI-MAPPING READS:
        Number of reads mapped to multiple loci |	3892132
             % of reads mapped to multiple loci |	30.88%
        Number of reads mapped to too many loci |	5531
             % of reads mapped to too many loci |	0.04%
                                  UNMAPPED READS:
       % of reads unmapped: too many mismatches |	0.01%
                 % of reads unmapped: too short |	0.33%
                     % of reads unmapped: other |	0.08%
                                  CHIMERIC READS:
                       Number of chimeric reads |	0
                            % of chimeric reads |	0.00%
