                                 Started job on |	Jun 13 12:16:52
                             Started mapping on |	Jun 13 12:16:53
                                    Finished on |	Jun 13 12:28:06
       Mapping speed, Million of reads per hour |	177.27

                          Number of input reads |	33139933
                      Average input read length |	294
                                    UNIQUE READS:
                   Uniquely mapped reads number |	31029123
                        Uniquely mapped reads % |	93.63%
                          Average mapped length |	290.11
                       Number of splices: Total |	8435404
            Number of splices: Annotated (sjdb) |	7636465
                       Number of splices: GT/AG |	8366679
                       Number of splices: GC/AG |	5944
                       Number of splices: AT/AC |	5682
               Number of splices: Non-canonical |	57099
                      Mismatch rate per base, % |	0.62%
                         Deletion rate per base |	0.02%
                        Deletion average length |	1.85
                        Insertion rate per base |	0.06%
                       Insertion average length |	1.91
                             MULTI-MAPPING READS:
        Number of reads mapped to multiple loci |	1998983
             % of reads mapped to multiple loci |	6.03%
        Number of reads mapped to too many loci |	24586
             % of reads mapped to too many loci |	0.07%
                                  UNMAPPED READS:
       % of reads unmapped: too many mismatches |	0.01%
                 % of reads unmapped: too short |	0.20%
                     % of reads unmapped: other |	0.06%
                                  CHIMERIC READS:
                       Number of chimeric reads |	0
                            % of chimeric reads |	0.00%
