                                 Started job on |	May 31 06:14:37
                             Started mapping on |	May 31 06:14:51
                                    Finished on |	May 31 06:43:52
       Mapping speed, Million of reads per hour |	120.84

                          Number of input reads |	58441235
                      Average input read length |	298
                                    UNIQUE READS:
                   Uniquely mapped reads number |	23050446
                        Uniquely mapped reads % |	39.44%
                          Average mapped length |	294.46
                       Number of splices: Total |	24371165
            Number of splices: Annotated (sjdb) |	0
                       Number of splices: GT/AG |	24296539
                       Number of splices: GC/AG |	53969
                       Number of splices: AT/AC |	1498
               Number of splices: Non-canonical |	19159
                      Mismatch rate per base, % |	0.35%
                         Deletion rate per base |	0.00%
                        Deletion average length |	1.42
                        Insertion rate per base |	0.00%
                       Insertion average length |	1.54
                             MULTI-MAPPING READS:
        Number of reads mapped to multiple loci |	24064663
             % of reads mapped to multiple loci |	41.18%
        Number of reads mapped to too many loci |	37325
             % of reads mapped to too many loci |	0.06%
                                  UNMAPPED READS:
       % of reads unmapped: too many mismatches |	0.00%
                 % of reads unmapped: too short |	19.31%
                     % of reads unmapped: other |	0.01%
                                  CHIMERIC READS:
                       Number of chimeric reads |	0
                            % of chimeric reads |	0.00%
