                                 Started job on |	May 30 22:47:14
                             Started mapping on |	May 30 22:47:27
                                    Finished on |	May 30 23:10:17
       Mapping speed, Million of reads per hour |	124.34

                          Number of input reads |	47318847
                      Average input read length |	298
                                    UNIQUE READS:
                   Uniquely mapped reads number |	19015080
                        Uniquely mapped reads % |	40.19%
                          Average mapped length |	294.18
                       Number of splices: Total |	20324289
            Number of splices: Annotated (sjdb) |	0
                       Number of splices: GT/AG |	20269501
                       Number of splices: GC/AG |	39695
                       Number of splices: AT/AC |	1165
               Number of splices: Non-canonical |	13928
                      Mismatch rate per base, % |	0.35%
                         Deletion rate per base |	0.00%
                        Deletion average length |	1.39
                        Insertion rate per base |	0.00%
                       Insertion average length |	1.52
                             MULTI-MAPPING READS:
        Number of reads mapped to multiple loci |	19199413
             % of reads mapped to multiple loci |	40.57%
        Number of reads mapped to too many loci |	32339
             % of reads mapped to too many loci |	0.07%
                                  UNMAPPED READS:
       % of reads unmapped: too many mismatches |	0.00%
                 % of reads unmapped: too short |	19.16%
                     % of reads unmapped: other |	0.01%
                                  CHIMERIC READS:
                       Number of chimeric reads |	0
                            % of chimeric reads |	0.00%
