                                 Started job on |	Jun 14 01:09:51
                             Started mapping on |	Jun 14 01:10:05
                                    Finished on |	Jun 14 02:04:43
       Mapping speed, Million of reads per hour |	45.28

                          Number of input reads |	41230180
                      Average input read length |	296
                                    UNIQUE READS:
                   Uniquely mapped reads number |	6369566
                        Uniquely mapped reads % |	15.45%
                          Average mapped length |	294.45
                       Number of splices: Total |	6876376
            Number of splices: Annotated (sjdb) |	0
                       Number of splices: GT/AG |	6858891
                       Number of splices: GC/AG |	11736
                       Number of splices: AT/AC |	517
               Number of splices: Non-canonical |	5232
                      Mismatch rate per base, % |	0.36%
                         Deletion rate per base |	0.00%
                        Deletion average length |	1.41
                        Insertion rate per base |	0.01%
                       Insertion average length |	1.48
                             MULTI-MAPPING READS:
        Number of reads mapped to multiple loci |	3995451
             % of reads mapped to multiple loci |	9.69%
        Number of reads mapped to too many loci |	8695
             % of reads mapped to too many loci |	0.02%
                                  UNMAPPED READS:
       % of reads unmapped: too many mismatches |	0.00%
                 % of reads unmapped: too short |	74.82%
                     % of reads unmapped: other |	0.02%
                                  CHIMERIC READS:
                       Number of chimeric reads |	0
                            % of chimeric reads |	0.00%
