                                 Started job on |	Jun 06 07:16:47
                             Started mapping on |	Jun 06 07:17:02
                                    Finished on |	Jun 06 07:56:30
       Mapping speed, Million of reads per hour |	109.35

                          Number of input reads |	71930817
                      Average input read length |	298
                                    UNIQUE READS:
                   Uniquely mapped reads number |	24706069
                        Uniquely mapped reads % |	34.35%
                          Average mapped length |	294.44
                       Number of splices: Total |	26870671
            Number of splices: Annotated (sjdb) |	0
                       Number of splices: GT/AG |	26790928
                       Number of splices: GC/AG |	58217
                       Number of splices: AT/AC |	1517
               Number of splices: Non-canonical |	20009
                      Mismatch rate per base, % |	0.36%
                         Deletion rate per base |	0.00%
                        Deletion average length |	1.42
                        Insertion rate per base |	0.00%
                       Insertion average length |	1.51
                             MULTI-MAPPING READS:
        Number of reads mapped to multiple loci |	30459004
             % of reads mapped to multiple loci |	42.34%
        Number of reads mapped to too many loci |	37050
             % of reads mapped to too many loci |	0.05%
                                  UNMAPPED READS:
       % of reads unmapped: too many mismatches |	0.00%
                 % of reads unmapped: too short |	23.25%
                     % of reads unmapped: other |	0.01%
                                  CHIMERIC READS:
                       Number of chimeric reads |	0
                            % of chimeric reads |	0.00%
