                                 Started job on |	Jun 08 04:16:29
                             Started mapping on |	Jun 08 04:16:45
                                    Finished on |	Jun 08 04:55:06
       Mapping speed, Million of reads per hour |	79.75

                          Number of input reads |	50974403
                      Average input read length |	297
                                    UNIQUE READS:
                   Uniquely mapped reads number |	13755783
                        Uniquely mapped reads % |	26.99%
                          Average mapped length |	294.62
                       Number of splices: Total |	14676586
            Number of splices: Annotated (sjdb) |	0
                       Number of splices: GT/AG |	14636409
                       Number of splices: GC/AG |	28016
                       Number of splices: AT/AC |	914
               Number of splices: Non-canonical |	11247
                      Mismatch rate per base, % |	0.35%
                         Deletion rate per base |	0.00%
                        Deletion average length |	1.37
                        Insertion rate per base |	0.00%
                       Insertion average length |	1.55
                             MULTI-MAPPING READS:
        Number of reads mapped to multiple loci |	17358662
             % of reads mapped to multiple loci |	34.05%
        Number of reads mapped to too many loci |	16214
             % of reads mapped to too many loci |	0.03%
                                  UNMAPPED READS:
       % of reads unmapped: too many mismatches |	0.00%
                 % of reads unmapped: too short |	38.92%
                     % of reads unmapped: other |	0.01%
                                  CHIMERIC READS:
                       Number of chimeric reads |	0
                            % of chimeric reads |	0.00%
