                                 Started job on |	Jun 13 23:12:07
                             Started mapping on |	Jun 13 23:12:22
                                    Finished on |	Jun 14 00:06:42
       Mapping speed, Million of reads per hour |	47.83

                          Number of input reads |	43308272
                      Average input read length |	296
                                    UNIQUE READS:
                   Uniquely mapped reads number |	6475804
                        Uniquely mapped reads % |	14.95%
                          Average mapped length |	294.72
                       Number of splices: Total |	6807445
            Number of splices: Annotated (sjdb) |	0
                       Number of splices: GT/AG |	6788296
                       Number of splices: GC/AG |	11920
                       Number of splices: AT/AC |	530
               Number of splices: Non-canonical |	6699
                      Mismatch rate per base, % |	0.36%
                         Deletion rate per base |	0.00%
                        Deletion average length |	1.42
                        Insertion rate per base |	0.01%
                       Insertion average length |	1.49
                             MULTI-MAPPING READS:
        Number of reads mapped to multiple loci |	6945112
             % of reads mapped to multiple loci |	16.04%
        Number of reads mapped to too many loci |	11564
             % of reads mapped to too many loci |	0.03%
                                  UNMAPPED READS:
       % of reads unmapped: too many mismatches |	0.00%
                 % of reads unmapped: too short |	68.97%
                     % of reads unmapped: other |	0.02%
                                  CHIMERIC READS:
                       Number of chimeric reads |	0
                            % of chimeric reads |	0.00%
