                                 Started job on |	Jun 20 16:40:42
                             Started mapping on |	Jun 20 16:41:01
                                    Finished on |	Jun 20 17:48:27
       Mapping speed, Million of reads per hour |	37.45

                          Number of input reads |	42093439
                      Average input read length |	295
                                    UNIQUE READS:
                   Uniquely mapped reads number |	1865920
                        Uniquely mapped reads % |	4.43%
                          Average mapped length |	294.32
                       Number of splices: Total |	1747920
            Number of splices: Annotated (sjdb) |	0
                       Number of splices: GT/AG |	1741875
                       Number of splices: GC/AG |	3910
                       Number of splices: AT/AC |	188
               Number of splices: Non-canonical |	1947
                      Mismatch rate per base, % |	0.34%
                         Deletion rate per base |	0.01%
                        Deletion average length |	1.40
                        Insertion rate per base |	0.01%
                       Insertion average length |	1.51
                             MULTI-MAPPING READS:
        Number of reads mapped to multiple loci |	1723077
             % of reads mapped to multiple loci |	4.09%
        Number of reads mapped to too many loci |	6246
             % of reads mapped to too many loci |	0.01%
                                  UNMAPPED READS:
       % of reads unmapped: too many mismatches |	0.00%
                 % of reads unmapped: too short |	91.44%
                     % of reads unmapped: other |	0.02%
                                  CHIMERIC READS:
                       Number of chimeric reads |	0
                            % of chimeric reads |	0.00%
