                                 Started job on |	Jun 08 05:38:15
                             Started mapping on |	Jun 08 05:38:30
                                    Finished on |	Jun 08 06:33:41
       Mapping speed, Million of reads per hour |	46.69

                          Number of input reads |	42938477
                      Average input read length |	296
                                    UNIQUE READS:
                   Uniquely mapped reads number |	7565537
                        Uniquely mapped reads % |	17.62%
                          Average mapped length |	294.54
                       Number of splices: Total |	8102150
            Number of splices: Annotated (sjdb) |	0
                       Number of splices: GT/AG |	8083988
                       Number of splices: GC/AG |	11847
                       Number of splices: AT/AC |	652
               Number of splices: Non-canonical |	5663
                      Mismatch rate per base, % |	0.37%
                         Deletion rate per base |	0.00%
                        Deletion average length |	1.41
                        Insertion rate per base |	0.01%
                       Insertion average length |	1.50
                             MULTI-MAPPING READS:
        Number of reads mapped to multiple loci |	3523581
             % of reads mapped to multiple loci |	8.21%
        Number of reads mapped to too many loci |	9732
             % of reads mapped to too many loci |	0.02%
                                  UNMAPPED READS:
       % of reads unmapped: too many mismatches |	0.00%
                 % of reads unmapped: too short |	74.13%
                     % of reads unmapped: other |	0.02%
                                  CHIMERIC READS:
                       Number of chimeric reads |	0
                            % of chimeric reads |	0.00%
