                                 Started job on |	Jun 20 19:05:23
                             Started mapping on |	Jun 20 19:05:39
                                    Finished on |	Jun 20 20:09:45
       Mapping speed, Million of reads per hour |	39.98

                          Number of input reads |	42715773
                      Average input read length |	295
                                    UNIQUE READS:
                   Uniquely mapped reads number |	2282973
                        Uniquely mapped reads % |	5.34%
                          Average mapped length |	294.62
                       Number of splices: Total |	2132597
            Number of splices: Annotated (sjdb) |	0
                       Number of splices: GT/AG |	2125164
                       Number of splices: GC/AG |	4791
                       Number of splices: AT/AC |	225
               Number of splices: Non-canonical |	2417
                      Mismatch rate per base, % |	0.32%
                         Deletion rate per base |	0.01%
                        Deletion average length |	1.43
                        Insertion rate per base |	0.01%
                       Insertion average length |	1.53
                             MULTI-MAPPING READS:
        Number of reads mapped to multiple loci |	1947112
             % of reads mapped to multiple loci |	4.56%
        Number of reads mapped to too many loci |	7672
             % of reads mapped to too many loci |	0.02%
                                  UNMAPPED READS:
       % of reads unmapped: too many mismatches |	0.00%
                 % of reads unmapped: too short |	90.06%
                     % of reads unmapped: other |	0.02%
                                  CHIMERIC READS:
                       Number of chimeric reads |	0
                            % of chimeric reads |	0.00%
