                                 Started job on |	Jun 14 03:14:35
                             Started mapping on |	Jun 14 03:14:53
                                    Finished on |	Jun 14 04:14:04
       Mapping speed, Million of reads per hour |	44.79

                          Number of input reads |	44181900
                      Average input read length |	296
                                    UNIQUE READS:
                   Uniquely mapped reads number |	5820234
                        Uniquely mapped reads % |	13.17%
                          Average mapped length |	294.57
                       Number of splices: Total |	6110974
            Number of splices: Annotated (sjdb) |	0
                       Number of splices: GT/AG |	6094214
                       Number of splices: GC/AG |	10867
                       Number of splices: AT/AC |	459
               Number of splices: Non-canonical |	5434
                      Mismatch rate per base, % |	0.35%
                         Deletion rate per base |	0.00%
                        Deletion average length |	1.42
                        Insertion rate per base |	0.01%
                       Insertion average length |	1.51
                             MULTI-MAPPING READS:
        Number of reads mapped to multiple loci |	5374972
             % of reads mapped to multiple loci |	12.17%
        Number of reads mapped to too many loci |	9513
             % of reads mapped to too many loci |	0.02%
                                  UNMAPPED READS:
       % of reads unmapped: too many mismatches |	0.00%
                 % of reads unmapped: too short |	74.62%
                     % of reads unmapped: other |	0.02%
                                  CHIMERIC READS:
                       Number of chimeric reads |	0
                            % of chimeric reads |	0.00%
