                                 Started job on |	Jun 06 08:40:53
                             Started mapping on |	Jun 06 08:41:08
                                    Finished on |	Jun 06 09:16:19
       Mapping speed, Million of reads per hour |	108.84

                          Number of input reads |	63822970
                      Average input read length |	298
                                    UNIQUE READS:
                   Uniquely mapped reads number |	22405506
                        Uniquely mapped reads % |	35.11%
                          Average mapped length |	294.64
                       Number of splices: Total |	24129279
            Number of splices: Annotated (sjdb) |	0
                       Number of splices: GT/AG |	24058504
                       Number of splices: GC/AG |	50950
                       Number of splices: AT/AC |	1418
               Number of splices: Non-canonical |	18407
                      Mismatch rate per base, % |	0.35%
                         Deletion rate per base |	0.00%
                        Deletion average length |	1.41
                        Insertion rate per base |	0.00%
                       Insertion average length |	1.53
                             MULTI-MAPPING READS:
        Number of reads mapped to multiple loci |	26544586
             % of reads mapped to multiple loci |	41.59%
        Number of reads mapped to too many loci |	35589
             % of reads mapped to too many loci |	0.06%
                                  UNMAPPED READS:
       % of reads unmapped: too many mismatches |	0.00%
                 % of reads unmapped: too short |	23.24%
                     % of reads unmapped: other |	0.01%
                                  CHIMERIC READS:
                       Number of chimeric reads |	0
                            % of chimeric reads |	0.00%
