                                 Started job on |	Jun 03 19:24:03
                             Started mapping on |	Jun 03 19:24:17
                                    Finished on |	Jun 03 19:49:06
       Mapping speed, Million of reads per hour |	131.60

                          Number of input reads |	54432885
                      Average input read length |	298
                                    UNIQUE READS:
                   Uniquely mapped reads number |	19972137
                        Uniquely mapped reads % |	36.69%
                          Average mapped length |	294.58
                       Number of splices: Total |	21282021
            Number of splices: Annotated (sjdb) |	0
                       Number of splices: GT/AG |	21219146
                       Number of splices: GC/AG |	45087
                       Number of splices: AT/AC |	1242
               Number of splices: Non-canonical |	16546
                      Mismatch rate per base, % |	0.35%
                         Deletion rate per base |	0.00%
                        Deletion average length |	1.42
                        Insertion rate per base |	0.00%
                       Insertion average length |	1.55
                             MULTI-MAPPING READS:
        Number of reads mapped to multiple loci |	24369602
             % of reads mapped to multiple loci |	44.77%
        Number of reads mapped to too many loci |	29953
             % of reads mapped to too many loci |	0.06%
                                  UNMAPPED READS:
       % of reads unmapped: too many mismatches |	0.00%
                 % of reads unmapped: too short |	18.48%
                     % of reads unmapped: other |	0.01%
                                  CHIMERIC READS:
                       Number of chimeric reads |	0
                            % of chimeric reads |	0.00%
