                                 Started job on |	Jun 08 03:05:40
                             Started mapping on |	Jun 08 03:05:56
                                    Finished on |	Jun 08 03:41:01
       Mapping speed, Million of reads per hour |	98.47

                          Number of input reads |	57578094
                      Average input read length |	297
                                    UNIQUE READS:
                   Uniquely mapped reads number |	17613655
                        Uniquely mapped reads % |	30.59%
                          Average mapped length |	294.33
                       Number of splices: Total |	19128243
            Number of splices: Annotated (sjdb) |	0
                       Number of splices: GT/AG |	19075766
                       Number of splices: GC/AG |	37078
                       Number of splices: AT/AC |	1073
               Number of splices: Non-canonical |	14326
                      Mismatch rate per base, % |	0.37%
                         Deletion rate per base |	0.00%
                        Deletion average length |	1.37
                        Insertion rate per base |	0.00%
                       Insertion average length |	1.52
                             MULTI-MAPPING READS:
        Number of reads mapped to multiple loci |	23405235
             % of reads mapped to multiple loci |	40.65%
        Number of reads mapped to too many loci |	19650
             % of reads mapped to too many loci |	0.03%
                                  UNMAPPED READS:
       % of reads unmapped: too many mismatches |	0.00%
                 % of reads unmapped: too short |	28.72%
                     % of reads unmapped: other |	0.01%
                                  CHIMERIC READS:
                       Number of chimeric reads |	0
                            % of chimeric reads |	0.00%
