                                 Started job on |	Jun 20 22:22:53
                             Started mapping on |	Jun 20 22:23:08
                                    Finished on |	Jun 20 23:09:27
       Mapping speed, Million of reads per hour |	38.77

                          Number of input reads |	29927752
                      Average input read length |	295
                                    UNIQUE READS:
                   Uniquely mapped reads number |	1117902
                        Uniquely mapped reads % |	3.74%
                          Average mapped length |	294.09
                       Number of splices: Total |	1138813
            Number of splices: Annotated (sjdb) |	0
                       Number of splices: GT/AG |	1135103
                       Number of splices: GC/AG |	2367
                       Number of splices: AT/AC |	131
               Number of splices: Non-canonical |	1212
                      Mismatch rate per base, % |	0.34%
                         Deletion rate per base |	0.00%
                        Deletion average length |	1.43
                        Insertion rate per base |	0.01%
                       Insertion average length |	1.49
                             MULTI-MAPPING READS:
        Number of reads mapped to multiple loci |	873106
             % of reads mapped to multiple loci |	2.92%
        Number of reads mapped to too many loci |	3495
             % of reads mapped to too many loci |	0.01%
                                  UNMAPPED READS:
       % of reads unmapped: too many mismatches |	0.00%
                 % of reads unmapped: too short |	93.32%
                     % of reads unmapped: other |	0.02%
                                  CHIMERIC READS:
                       Number of chimeric reads |	0
                            % of chimeric reads |	0.00%
