                                 Started job on |	Jun 06 09:56:21
                             Started mapping on |	Jun 06 09:56:36
                                    Finished on |	Jun 06 10:30:33
       Mapping speed, Million of reads per hour |	100.17

                          Number of input reads |	56680246
                      Average input read length |	298
                                    UNIQUE READS:
                   Uniquely mapped reads number |	18717472
                        Uniquely mapped reads % |	33.02%
                          Average mapped length |	294.69
                       Number of splices: Total |	20523874
            Number of splices: Annotated (sjdb) |	0
                       Number of splices: GT/AG |	20466639
                       Number of splices: GC/AG |	40795
                       Number of splices: AT/AC |	1119
               Number of splices: Non-canonical |	15321
                      Mismatch rate per base, % |	0.35%
                         Deletion rate per base |	0.00%
                        Deletion average length |	1.38
                        Insertion rate per base |	0.00%
                       Insertion average length |	1.52
                             MULTI-MAPPING READS:
        Number of reads mapped to multiple loci |	23023795
             % of reads mapped to multiple loci |	40.62%
        Number of reads mapped to too many loci |	28416
             % of reads mapped to too many loci |	0.05%
                                  UNMAPPED READS:
       % of reads unmapped: too many mismatches |	0.00%
                 % of reads unmapped: too short |	26.30%
                     % of reads unmapped: other |	0.01%
                                  CHIMERIC READS:
                       Number of chimeric reads |	0
                            % of chimeric reads |	0.00%
