                                 Started job on |	Jun 19 19:00:17
                             Started mapping on |	Jun 19 19:00:37
                                    Finished on |	Jun 19 20:08:36
       Mapping speed, Million of reads per hour |	37.25

                          Number of input reads |	42205980
                      Average input read length |	295
                                    UNIQUE READS:
                   Uniquely mapped reads number |	716126
                        Uniquely mapped reads % |	1.70%
                          Average mapped length |	294.10
                       Number of splices: Total |	508534
            Number of splices: Annotated (sjdb) |	0
                       Number of splices: GT/AG |	505900
                       Number of splices: GC/AG |	1748
                       Number of splices: AT/AC |	107
               Number of splices: Non-canonical |	779
                      Mismatch rate per base, % |	0.25%
                         Deletion rate per base |	0.01%
                        Deletion average length |	1.47
                        Insertion rate per base |	0.01%
                       Insertion average length |	1.52
                             MULTI-MAPPING READS:
        Number of reads mapped to multiple loci |	779399
             % of reads mapped to multiple loci |	1.85%
        Number of reads mapped to too many loci |	6939
             % of reads mapped to too many loci |	0.02%
                                  UNMAPPED READS:
       % of reads unmapped: too many mismatches |	0.00%
                 % of reads unmapped: too short |	96.42%
                     % of reads unmapped: other |	0.02%
                                  CHIMERIC READS:
                       Number of chimeric reads |	0
                            % of chimeric reads |	0.00%
