                                 Started job on |	Jun 07 15:31:24
                             Started mapping on |	Jun 07 15:31:39
                                    Finished on |	Jun 07 16:17:55
       Mapping speed, Million of reads per hour |	71.69

                          Number of input reads |	55279649
                      Average input read length |	297
                                    UNIQUE READS:
                   Uniquely mapped reads number |	13202408
                        Uniquely mapped reads % |	23.88%
                          Average mapped length |	295.64
                       Number of splices: Total |	12909988
            Number of splices: Annotated (sjdb) |	0
                       Number of splices: GT/AG |	12866548
                       Number of splices: GC/AG |	30447
                       Number of splices: AT/AC |	1163
               Number of splices: Non-canonical |	11830
                      Mismatch rate per base, % |	0.27%
                         Deletion rate per base |	0.00%
                        Deletion average length |	1.43
                        Insertion rate per base |	0.00%
                       Insertion average length |	1.57
                             MULTI-MAPPING READS:
        Number of reads mapped to multiple loci |	17823797
             % of reads mapped to multiple loci |	32.24%
        Number of reads mapped to too many loci |	15158
             % of reads mapped to too many loci |	0.03%
                                  UNMAPPED READS:
       % of reads unmapped: too many mismatches |	0.00%
                 % of reads unmapped: too short |	43.83%
                     % of reads unmapped: other |	0.01%
                                  CHIMERIC READS:
                       Number of chimeric reads |	0
                            % of chimeric reads |	0.00%
