                                 Started job on |	Jun 13 12:47:40
                             Started mapping on |	Jun 13 12:47:55
                                    Finished on |	Jun 13 14:01:21
       Mapping speed, Million of reads per hour |	37.91

                          Number of input reads |	46393613
                      Average input read length |	295
                                    UNIQUE READS:
                   Uniquely mapped reads number |	2399087
                        Uniquely mapped reads % |	5.17%
                          Average mapped length |	293.26
                       Number of splices: Total |	2171400
            Number of splices: Annotated (sjdb) |	0
                       Number of splices: GT/AG |	2163411
                       Number of splices: GC/AG |	5350
                       Number of splices: AT/AC |	226
               Number of splices: Non-canonical |	2413
                      Mismatch rate per base, % |	0.33%
                         Deletion rate per base |	0.01%
                        Deletion average length |	1.46
                        Insertion rate per base |	0.01%
                       Insertion average length |	1.52
                             MULTI-MAPPING READS:
        Number of reads mapped to multiple loci |	2007407
             % of reads mapped to multiple loci |	4.33%
        Number of reads mapped to too many loci |	7779
             % of reads mapped to too many loci |	0.02%
                                  UNMAPPED READS:
       % of reads unmapped: too many mismatches |	0.00%
                 % of reads unmapped: too short |	90.46%
                     % of reads unmapped: other |	0.02%
                                  CHIMERIC READS:
                       Number of chimeric reads |	0
                            % of chimeric reads |	0.00%
