                                 Started job on |	Jun 07 19:21:17
                             Started mapping on |	Jun 07 19:21:31
                                    Finished on |	Jun 07 20:17:37
       Mapping speed, Million of reads per hour |	50.76

                          Number of input reads |	47464809
                      Average input read length |	295
                                    UNIQUE READS:
                   Uniquely mapped reads number |	6798919
                        Uniquely mapped reads % |	14.32%
                          Average mapped length |	295.17
                       Number of splices: Total |	6231871
            Number of splices: Annotated (sjdb) |	0
                       Number of splices: GT/AG |	6208575
                       Number of splices: GC/AG |	15535
                       Number of splices: AT/AC |	764
               Number of splices: Non-canonical |	6997
                      Mismatch rate per base, % |	0.28%
                         Deletion rate per base |	0.01%
                        Deletion average length |	1.41
                        Insertion rate per base |	0.01%
                       Insertion average length |	1.51
                             MULTI-MAPPING READS:
        Number of reads mapped to multiple loci |	8465476
             % of reads mapped to multiple loci |	17.84%
        Number of reads mapped to too many loci |	16483
             % of reads mapped to too many loci |	0.03%
                                  UNMAPPED READS:
       % of reads unmapped: too many mismatches |	0.00%
                 % of reads unmapped: too short |	67.79%
                     % of reads unmapped: other |	0.02%
                                  CHIMERIC READS:
                       Number of chimeric reads |	0
                            % of chimeric reads |	0.00%
