                                 Started job on |	Jun 05 23:25:01
                             Started mapping on |	Jun 05 23:25:18
                                    Finished on |	Jun 06 00:02:38
       Mapping speed, Million of reads per hour |	101.31

                          Number of input reads |	63035531
                      Average input read length |	298
                                    UNIQUE READS:
                   Uniquely mapped reads number |	20524272
                        Uniquely mapped reads % |	32.56%
                          Average mapped length |	295.52
                       Number of splices: Total |	19299452
            Number of splices: Annotated (sjdb) |	0
                       Number of splices: GT/AG |	19225667
                       Number of splices: GC/AG |	52357
                       Number of splices: AT/AC |	1791
               Number of splices: Non-canonical |	19637
                      Mismatch rate per base, % |	0.27%
                         Deletion rate per base |	0.00%
                        Deletion average length |	1.49
                        Insertion rate per base |	0.01%
                       Insertion average length |	1.57
                             MULTI-MAPPING READS:
        Number of reads mapped to multiple loci |	25852023
             % of reads mapped to multiple loci |	41.01%
        Number of reads mapped to too many loci |	34671
             % of reads mapped to too many loci |	0.06%
                                  UNMAPPED READS:
       % of reads unmapped: too many mismatches |	0.00%
                 % of reads unmapped: too short |	26.36%
                     % of reads unmapped: other |	0.01%
                                  CHIMERIC READS:
                       Number of chimeric reads |	0
                            % of chimeric reads |	0.00%
