                                 Started job on |	Jun 06 00:45:04
                             Started mapping on |	Jun 06 00:45:21
                                    Finished on |	Jun 06 01:18:32
       Mapping speed, Million of reads per hour |	95.32

                          Number of input reads |	52716979
                      Average input read length |	297
                                    UNIQUE READS:
                   Uniquely mapped reads number |	15037372
                        Uniquely mapped reads % |	28.52%
                          Average mapped length |	294.80
                       Number of splices: Total |	14441889
            Number of splices: Annotated (sjdb) |	0
                       Number of splices: GT/AG |	14392416
                       Number of splices: GC/AG |	33840
                       Number of splices: AT/AC |	1158
               Number of splices: Non-canonical |	14475
                      Mismatch rate per base, % |	0.30%
                         Deletion rate per base |	0.00%
                        Deletion average length |	1.45
                        Insertion rate per base |	0.00%
                       Insertion average length |	1.56
                             MULTI-MAPPING READS:
        Number of reads mapped to multiple loci |	22424442
             % of reads mapped to multiple loci |	42.54%
        Number of reads mapped to too many loci |	26766
             % of reads mapped to too many loci |	0.05%
                                  UNMAPPED READS:
       % of reads unmapped: too many mismatches |	0.00%
                 % of reads unmapped: too short |	28.88%
                     % of reads unmapped: other |	0.01%
                                  CHIMERIC READS:
                       Number of chimeric reads |	0
                            % of chimeric reads |	0.00%
