                                 Started job on |	Jun 13 10:38:01
                             Started mapping on |	Jun 13 10:38:15
                                    Finished on |	Jun 13 11:37:04
       Mapping speed, Million of reads per hour |	42.36

                          Number of input reads |	41524193
                      Average input read length |	295
                                    UNIQUE READS:
                   Uniquely mapped reads number |	3468273
                        Uniquely mapped reads % |	8.35%
                          Average mapped length |	294.90
                       Number of splices: Total |	3003751
            Number of splices: Annotated (sjdb) |	0
                       Number of splices: GT/AG |	2991109
                       Number of splices: GC/AG |	8139
                       Number of splices: AT/AC |	417
               Number of splices: Non-canonical |	4086
                      Mismatch rate per base, % |	0.27%
                         Deletion rate per base |	0.00%
                        Deletion average length |	1.46
                        Insertion rate per base |	0.01%
                       Insertion average length |	1.51
                             MULTI-MAPPING READS:
        Number of reads mapped to multiple loci |	4942184
             % of reads mapped to multiple loci |	11.90%
        Number of reads mapped to too many loci |	9819
             % of reads mapped to too many loci |	0.02%
                                  UNMAPPED READS:
       % of reads unmapped: too many mismatches |	0.00%
                 % of reads unmapped: too short |	79.70%
                     % of reads unmapped: other |	0.02%
                                  CHIMERIC READS:
                       Number of chimeric reads |	0
                            % of chimeric reads |	0.00%
