                                 Started job on |	Jun 13 08:29:15
                             Started mapping on |	Jun 13 08:29:30
                                    Finished on |	Jun 13 09:28:07
       Mapping speed, Million of reads per hour |	40.71

                          Number of input reads |	39769923
                      Average input read length |	296
                                    UNIQUE READS:
                   Uniquely mapped reads number |	4225198
                        Uniquely mapped reads % |	10.62%
                          Average mapped length |	294.98
                       Number of splices: Total |	3717750
            Number of splices: Annotated (sjdb) |	0
                       Number of splices: GT/AG |	3704344
                       Number of splices: GC/AG |	9579
                       Number of splices: AT/AC |	397
               Number of splices: Non-canonical |	3430
                      Mismatch rate per base, % |	0.28%
                         Deletion rate per base |	0.01%
                        Deletion average length |	1.47
                        Insertion rate per base |	0.01%
                       Insertion average length |	1.51
                             MULTI-MAPPING READS:
        Number of reads mapped to multiple loci |	2608826
             % of reads mapped to multiple loci |	6.56%
        Number of reads mapped to too many loci |	9766
             % of reads mapped to too many loci |	0.02%
                                  UNMAPPED READS:
       % of reads unmapped: too many mismatches |	0.00%
                 % of reads unmapped: too short |	82.77%
                     % of reads unmapped: other |	0.02%
                                  CHIMERIC READS:
                       Number of chimeric reads |	0
                            % of chimeric reads |	0.00%
