                                 Started job on |	Jun 19 11:14:52
                             Started mapping on |	Jun 19 11:15:07
                                    Finished on |	Jun 19 12:17:54
       Mapping speed, Million of reads per hour |	39.98

                          Number of input reads |	41831468
                      Average input read length |	295
                                    UNIQUE READS:
                   Uniquely mapped reads number |	2508929
                        Uniquely mapped reads % |	6.00%
                          Average mapped length |	295.28
                       Number of splices: Total |	2152729
            Number of splices: Annotated (sjdb) |	0
                       Number of splices: GT/AG |	2144089
                       Number of splices: GC/AG |	5655
                       Number of splices: AT/AC |	274
               Number of splices: Non-canonical |	2711
                      Mismatch rate per base, % |	0.26%
                         Deletion rate per base |	0.01%
                        Deletion average length |	1.44
                        Insertion rate per base |	0.01%
                       Insertion average length |	1.51
                             MULTI-MAPPING READS:
        Number of reads mapped to multiple loci |	3287153
             % of reads mapped to multiple loci |	7.86%
        Number of reads mapped to too many loci |	9327
             % of reads mapped to too many loci |	0.02%
                                  UNMAPPED READS:
       % of reads unmapped: too many mismatches |	0.00%
                 % of reads unmapped: too short |	86.10%
                     % of reads unmapped: other |	0.02%
                                  CHIMERIC READS:
                       Number of chimeric reads |	0
                            % of chimeric reads |	0.00%
