                                 Started job on |	Jun 19 13:32:19
                             Started mapping on |	Jun 19 13:32:34
                                    Finished on |	Jun 19 14:42:42
       Mapping speed, Million of reads per hour |	38.08

                          Number of input reads |	44513946
                      Average input read length |	295
                                    UNIQUE READS:
                   Uniquely mapped reads number |	1191136
                        Uniquely mapped reads % |	2.68%
                          Average mapped length |	294.58
                       Number of splices: Total |	883674
            Number of splices: Annotated (sjdb) |	0
                       Number of splices: GT/AG |	879111
                       Number of splices: GC/AG |	3173
                       Number of splices: AT/AC |	182
               Number of splices: Non-canonical |	1208
                      Mismatch rate per base, % |	0.25%
                         Deletion rate per base |	0.01%
                        Deletion average length |	1.47
                        Insertion rate per base |	0.01%
                       Insertion average length |	1.53
                             MULTI-MAPPING READS:
        Number of reads mapped to multiple loci |	1084398
             % of reads mapped to multiple loci |	2.44%
        Number of reads mapped to too many loci |	6629
             % of reads mapped to too many loci |	0.01%
                                  UNMAPPED READS:
       % of reads unmapped: too many mismatches |	0.00%
                 % of reads unmapped: too short |	94.86%
                     % of reads unmapped: other |	0.02%
                                  CHIMERIC READS:
                       Number of chimeric reads |	0
                            % of chimeric reads |	0.00%
