                                 Started job on |	Jun 03 17:26:20
                             Started mapping on |	Jun 03 17:26:36
                                    Finished on |	Jun 03 18:04:31
       Mapping speed, Million of reads per hour |	104.33

                          Number of input reads |	65930484
                      Average input read length |	298
                                    UNIQUE READS:
                   Uniquely mapped reads number |	20807835
                        Uniquely mapped reads % |	31.56%
                          Average mapped length |	295.30
                       Number of splices: Total |	19681907
            Number of splices: Annotated (sjdb) |	0
                       Number of splices: GT/AG |	19607579
                       Number of splices: GC/AG |	51954
                       Number of splices: AT/AC |	1688
               Number of splices: Non-canonical |	20686
                      Mismatch rate per base, % |	0.28%
                         Deletion rate per base |	0.00%
                        Deletion average length |	1.47
                        Insertion rate per base |	0.01%
                       Insertion average length |	1.57
                             MULTI-MAPPING READS:
        Number of reads mapped to multiple loci |	27753117
             % of reads mapped to multiple loci |	42.09%
        Number of reads mapped to too many loci |	35833
             % of reads mapped to too many loci |	0.05%
                                  UNMAPPED READS:
       % of reads unmapped: too many mismatches |	0.00%
                 % of reads unmapped: too short |	26.28%
                     % of reads unmapped: other |	0.01%
                                  CHIMERIC READS:
                       Number of chimeric reads |	0
                            % of chimeric reads |	0.00%
