                                 Started job on |	Jun 07 17:12:17
                             Started mapping on |	Jun 07 17:12:31
                                    Finished on |	Jun 07 18:07:00
       Mapping speed, Million of reads per hour |	63.91

                          Number of input reads |	58029389
                      Average input read length |	296
                                    UNIQUE READS:
                   Uniquely mapped reads number |	11769775
                        Uniquely mapped reads % |	20.28%
                          Average mapped length |	295.62
                       Number of splices: Total |	11177329
            Number of splices: Annotated (sjdb) |	0
                       Number of splices: GT/AG |	11139203
                       Number of splices: GC/AG |	26064
                       Number of splices: AT/AC |	1245
               Number of splices: Non-canonical |	10817
                      Mismatch rate per base, % |	0.27%
                         Deletion rate per base |	0.00%
                        Deletion average length |	1.43
                        Insertion rate per base |	0.00%
                       Insertion average length |	1.61
                             MULTI-MAPPING READS:
        Number of reads mapped to multiple loci |	16935792
             % of reads mapped to multiple loci |	29.18%
        Number of reads mapped to too many loci |	16470
             % of reads mapped to too many loci |	0.03%
                                  UNMAPPED READS:
       % of reads unmapped: too many mismatches |	0.00%
                 % of reads unmapped: too short |	50.49%
                     % of reads unmapped: other |	0.01%
                                  CHIMERIC READS:
                       Number of chimeric reads |	0
                            % of chimeric reads |	0.00%
