                                 Started job on |	May 31 04:44:08
                             Started mapping on |	May 31 04:44:49
                                    Finished on |	May 31 05:39:03
       Mapping speed, Million of reads per hour |	67.51

                          Number of input reads |	61021324
                      Average input read length |	297
                                    UNIQUE READS:
                   Uniquely mapped reads number |	20154014
                        Uniquely mapped reads % |	33.03%
                          Average mapped length |	292.89
                       Number of splices: Total |	22874804
            Number of splices: Annotated (sjdb) |	0
                       Number of splices: GT/AG |	22835061
                       Number of splices: GC/AG |	26804
                       Number of splices: AT/AC |	879
               Number of splices: Non-canonical |	12060
                      Mismatch rate per base, % |	0.37%
                         Deletion rate per base |	0.00%
                        Deletion average length |	1.30
                        Insertion rate per base |	0.00%
                       Insertion average length |	1.46
                             MULTI-MAPPING READS:
        Number of reads mapped to multiple loci |	16694474
             % of reads mapped to multiple loci |	27.36%
        Number of reads mapped to too many loci |	32238
             % of reads mapped to too many loci |	0.05%
                                  UNMAPPED READS:
       % of reads unmapped: too many mismatches |	0.00%
                 % of reads unmapped: too short |	39.55%
                     % of reads unmapped: other |	0.01%
                                  CHIMERIC READS:
                       Number of chimeric reads |	0
                            % of chimeric reads |	0.00%
