                                 Started job on |	Jun 13 13:41:31
                             Started mapping on |	Jun 13 13:41:56
                                    Finished on |	Jun 13 14:17:30
       Mapping speed, Million of reads per hour |	62.47

                          Number of input reads |	37033626
                      Average input read length |	296
                                    UNIQUE READS:
                   Uniquely mapped reads number |	6883547
                        Uniquely mapped reads % |	18.59%
                          Average mapped length |	292.90
                       Number of splices: Total |	6787024
            Number of splices: Annotated (sjdb) |	0
                       Number of splices: GT/AG |	6772489
                       Number of splices: GC/AG |	9760
                       Number of splices: AT/AC |	253
               Number of splices: Non-canonical |	4522
                      Mismatch rate per base, % |	0.35%
                         Deletion rate per base |	0.00%
                        Deletion average length |	1.28
                        Insertion rate per base |	0.00%
                       Insertion average length |	1.43
                             MULTI-MAPPING READS:
        Number of reads mapped to multiple loci |	11750958
             % of reads mapped to multiple loci |	31.73%
        Number of reads mapped to too many loci |	26293
             % of reads mapped to too many loci |	0.07%
                                  UNMAPPED READS:
       % of reads unmapped: too many mismatches |	0.00%
                 % of reads unmapped: too short |	49.60%
                     % of reads unmapped: other |	0.01%
                                  CHIMERIC READS:
                       Number of chimeric reads |	0
                            % of chimeric reads |	0.00%
