                                 Started job on |	Jun 06 20:05:56
                             Started mapping on |	Jun 06 20:06:21
                                    Finished on |	Jun 06 20:56:39
       Mapping speed, Million of reads per hour |	59.43

                          Number of input reads |	49820689
                      Average input read length |	297
                                    UNIQUE READS:
                   Uniquely mapped reads number |	8073489
                        Uniquely mapped reads % |	16.21%
                          Average mapped length |	292.57
                       Number of splices: Total |	8443940
            Number of splices: Annotated (sjdb) |	0
                       Number of splices: GT/AG |	8419200
                       Number of splices: GC/AG |	16769
                       Number of splices: AT/AC |	375
               Number of splices: Non-canonical |	7596
                      Mismatch rate per base, % |	0.32%
                         Deletion rate per base |	0.00%
                        Deletion average length |	1.38
                        Insertion rate per base |	0.00%
                       Insertion average length |	1.59
                             MULTI-MAPPING READS:
        Number of reads mapped to multiple loci |	14847038
             % of reads mapped to multiple loci |	29.80%
        Number of reads mapped to too many loci |	19627
             % of reads mapped to too many loci |	0.04%
                                  UNMAPPED READS:
       % of reads unmapped: too many mismatches |	0.00%
                 % of reads unmapped: too short |	53.94%
                     % of reads unmapped: other |	0.01%
                                  CHIMERIC READS:
                       Number of chimeric reads |	0
                            % of chimeric reads |	0.00%
