                                 Started job on |	Jun 03 21:17:09
                             Started mapping on |	Jun 03 21:17:25
                                    Finished on |	Jun 03 21:50:31
       Mapping speed, Million of reads per hour |	102.99

                          Number of input reads |	56815990
                      Average input read length |	298
                                    UNIQUE READS:
                   Uniquely mapped reads number |	17878040
                        Uniquely mapped reads % |	31.47%
                          Average mapped length |	293.60
                       Number of splices: Total |	19023235
            Number of splices: Annotated (sjdb) |	0
                       Number of splices: GT/AG |	18987008
                       Number of splices: GC/AG |	25372
                       Number of splices: AT/AC |	745
               Number of splices: Non-canonical |	10110
                      Mismatch rate per base, % |	0.34%
                         Deletion rate per base |	0.00%
                        Deletion average length |	1.28
                        Insertion rate per base |	0.00%
                       Insertion average length |	1.46
                             MULTI-MAPPING READS:
        Number of reads mapped to multiple loci |	24211091
             % of reads mapped to multiple loci |	42.61%
        Number of reads mapped to too many loci |	41140
             % of reads mapped to too many loci |	0.07%
                                  UNMAPPED READS:
       % of reads unmapped: too many mismatches |	0.00%
                 % of reads unmapped: too short |	25.84%
                     % of reads unmapped: other |	0.01%
                                  CHIMERIC READS:
                       Number of chimeric reads |	0
                            % of chimeric reads |	0.00%
