                                 Started job on |	Jun 06 18:55:06
                             Started mapping on |	Jun 06 18:55:29
                                    Finished on |	Jun 06 19:32:30
       Mapping speed, Million of reads per hour |	85.56

                          Number of input reads |	52782755
                      Average input read length |	298
                                    UNIQUE READS:
                   Uniquely mapped reads number |	14887533
                        Uniquely mapped reads % |	28.21%
                          Average mapped length |	294.45
                       Number of splices: Total |	16187332
            Number of splices: Annotated (sjdb) |	0
                       Number of splices: GT/AG |	16155326
                       Number of splices: GC/AG |	22426
                       Number of splices: AT/AC |	530
               Number of splices: Non-canonical |	9050
                      Mismatch rate per base, % |	0.34%
                         Deletion rate per base |	0.00%
                        Deletion average length |	1.28
                        Insertion rate per base |	0.00%
                       Insertion average length |	1.43
                             MULTI-MAPPING READS:
        Number of reads mapped to multiple loci |	20863849
             % of reads mapped to multiple loci |	39.53%
        Number of reads mapped to too many loci |	29931
             % of reads mapped to too many loci |	0.06%
                                  UNMAPPED READS:
       % of reads unmapped: too many mismatches |	0.00%
                 % of reads unmapped: too short |	32.20%
                     % of reads unmapped: other |	0.01%
                                  CHIMERIC READS:
                       Number of chimeric reads |	0
                            % of chimeric reads |	0.00%
