                                 Started job on |	Jun 13 15:00:27
                             Started mapping on |	Jun 13 15:00:52
                                    Finished on |	Jun 13 15:58:57
       Mapping speed, Million of reads per hour |	55.13

                          Number of input reads |	53367676
                      Average input read length |	296
                                    UNIQUE READS:
                   Uniquely mapped reads number |	8643306
                        Uniquely mapped reads % |	16.20%
                          Average mapped length |	293.27
                       Number of splices: Total |	8676727
            Number of splices: Annotated (sjdb) |	0
                       Number of splices: GT/AG |	8658295
                       Number of splices: GC/AG |	12240
                       Number of splices: AT/AC |	324
               Number of splices: Non-canonical |	5868
                      Mismatch rate per base, % |	0.33%
                         Deletion rate per base |	0.00%
                        Deletion average length |	1.31
                        Insertion rate per base |	0.00%
                       Insertion average length |	1.45
                             MULTI-MAPPING READS:
        Number of reads mapped to multiple loci |	13488322
             % of reads mapped to multiple loci |	25.27%
        Number of reads mapped to too many loci |	27075
             % of reads mapped to too many loci |	0.05%
                                  UNMAPPED READS:
       % of reads unmapped: too many mismatches |	0.00%
                 % of reads unmapped: too short |	58.47%
                     % of reads unmapped: other |	0.01%
                                  CHIMERIC READS:
                       Number of chimeric reads |	0
                            % of chimeric reads |	0.00%
