                                 Started job on |	Jun 13 11:47:34
                             Started mapping on |	Jun 13 11:47:57
                                    Finished on |	Jun 13 12:37:34
       Mapping speed, Million of reads per hour |	60.73

                          Number of input reads |	50217849
                      Average input read length |	296
                                    UNIQUE READS:
                   Uniquely mapped reads number |	9844080
                        Uniquely mapped reads % |	19.60%
                          Average mapped length |	292.24
                       Number of splices: Total |	10005919
            Number of splices: Annotated (sjdb) |	0
                       Number of splices: GT/AG |	9983916
                       Number of splices: GC/AG |	14541
                       Number of splices: AT/AC |	392
               Number of splices: Non-canonical |	7070
                      Mismatch rate per base, % |	0.35%
                         Deletion rate per base |	0.00%
                        Deletion average length |	1.30
                        Insertion rate per base |	0.00%
                       Insertion average length |	1.45
                             MULTI-MAPPING READS:
        Number of reads mapped to multiple loci |	14687244
             % of reads mapped to multiple loci |	29.25%
        Number of reads mapped to too many loci |	32793
             % of reads mapped to too many loci |	0.07%
                                  UNMAPPED READS:
       % of reads unmapped: too many mismatches |	0.00%
                 % of reads unmapped: too short |	51.07%
                     % of reads unmapped: other |	0.01%
                                  CHIMERIC READS:
                       Number of chimeric reads |	0
                            % of chimeric reads |	0.00%
