                                 Started job on |	Jun 18 03:02:57
                             Started mapping on |	Jun 18 03:03:12
                                    Finished on |	Jun 18 04:07:10
       Mapping speed, Million of reads per hour |	37.53

                          Number of input reads |	40006780
                      Average input read length |	296
                                    UNIQUE READS:
                   Uniquely mapped reads number |	255128
                        Uniquely mapped reads % |	0.64%
                          Average mapped length |	256.11
                       Number of splices: Total |	106325
            Number of splices: Annotated (sjdb) |	0
                       Number of splices: GT/AG |	105547
                       Number of splices: GC/AG |	606
                       Number of splices: AT/AC |	22
               Number of splices: Non-canonical |	150
                      Mismatch rate per base, % |	0.23%
                         Deletion rate per base |	0.01%
                        Deletion average length |	1.27
                        Insertion rate per base |	0.00%
                       Insertion average length |	1.83
                             MULTI-MAPPING READS:
        Number of reads mapped to multiple loci |	182450
             % of reads mapped to multiple loci |	0.46%
        Number of reads mapped to too many loci |	26554
             % of reads mapped to too many loci |	0.07%
                                  UNMAPPED READS:
       % of reads unmapped: too many mismatches |	0.00%
                 % of reads unmapped: too short |	98.81%
                     % of reads unmapped: other |	0.03%
                                  CHIMERIC READS:
                       Number of chimeric reads |	0
                            % of chimeric reads |	0.00%
