                                 Started job on |	Jun 10 03:29:07
                             Started mapping on |	Jun 10 03:29:23
                                    Finished on |	Jun 10 04:10:15
       Mapping speed, Million of reads per hour |	64.99

                          Number of input reads |	44264931
                      Average input read length |	297
                                    UNIQUE READS:
                   Uniquely mapped reads number |	8334954
                        Uniquely mapped reads % |	18.83%
                          Average mapped length |	293.84
                       Number of splices: Total |	9242675
            Number of splices: Annotated (sjdb) |	0
                       Number of splices: GT/AG |	9221433
                       Number of splices: GC/AG |	13763
                       Number of splices: AT/AC |	307
               Number of splices: Non-canonical |	7172
                      Mismatch rate per base, % |	0.35%
                         Deletion rate per base |	0.00%
                        Deletion average length |	1.36
                        Insertion rate per base |	0.00%
                       Insertion average length |	1.52
                             MULTI-MAPPING READS:
        Number of reads mapped to multiple loci |	14701174
             % of reads mapped to multiple loci |	33.21%
        Number of reads mapped to too many loci |	22742
             % of reads mapped to too many loci |	0.05%
                                  UNMAPPED READS:
       % of reads unmapped: too many mismatches |	0.00%
                 % of reads unmapped: too short |	47.89%
                     % of reads unmapped: other |	0.02%
                                  CHIMERIC READS:
                       Number of chimeric reads |	0
                            % of chimeric reads |	0.00%
