                                 Started job on |	Jun 17 20:24:03
                             Started mapping on |	Jun 17 20:24:17
                                    Finished on |	Jun 17 21:19:26
       Mapping speed, Million of reads per hour |	53.22

                          Number of input reads |	48914133
                      Average input read length |	296
                                    UNIQUE READS:
                   Uniquely mapped reads number |	6890774
                        Uniquely mapped reads % |	14.09%
                          Average mapped length |	293.55
                       Number of splices: Total |	6845392
            Number of splices: Annotated (sjdb) |	0
                       Number of splices: GT/AG |	6829080
                       Number of splices: GC/AG |	11021
                       Number of splices: AT/AC |	366
               Number of splices: Non-canonical |	4925
                      Mismatch rate per base, % |	0.32%
                         Deletion rate per base |	0.00%
                        Deletion average length |	1.35
                        Insertion rate per base |	0.00%
                       Insertion average length |	1.45
                             MULTI-MAPPING READS:
        Number of reads mapped to multiple loci |	11805235
             % of reads mapped to multiple loci |	24.13%
        Number of reads mapped to too many loci |	27742
             % of reads mapped to too many loci |	0.06%
                                  UNMAPPED READS:
       % of reads unmapped: too many mismatches |	0.00%
                 % of reads unmapped: too short |	61.71%
                     % of reads unmapped: other |	0.01%
                                  CHIMERIC READS:
                       Number of chimeric reads |	0
                            % of chimeric reads |	0.00%
