                                 Started job on |	May 31 05:12:34
                             Started mapping on |	May 31 05:12:51
                                    Finished on |	May 31 06:00:17
       Mapping speed, Million of reads per hour |	75.66

                          Number of input reads |	59813740
                      Average input read length |	297
                                    UNIQUE READS:
                   Uniquely mapped reads number |	21737785
                        Uniquely mapped reads % |	36.34%
                          Average mapped length |	292.91
                       Number of splices: Total |	23420468
            Number of splices: Annotated (sjdb) |	0
                       Number of splices: GT/AG |	23385499
                       Number of splices: GC/AG |	24462
                       Number of splices: AT/AC |	894
               Number of splices: Non-canonical |	9613
                      Mismatch rate per base, % |	0.37%
                         Deletion rate per base |	0.00%
                        Deletion average length |	1.29
                        Insertion rate per base |	0.00%
                       Insertion average length |	1.46
                             MULTI-MAPPING READS:
        Number of reads mapped to multiple loci |	18228967
             % of reads mapped to multiple loci |	30.48%
        Number of reads mapped to too many loci |	50154
             % of reads mapped to too many loci |	0.08%
                                  UNMAPPED READS:
       % of reads unmapped: too many mismatches |	0.00%
                 % of reads unmapped: too short |	33.09%
                     % of reads unmapped: other |	0.01%
                                  CHIMERIC READS:
                       Number of chimeric reads |	0
                            % of chimeric reads |	0.00%
