                                 Started job on |	Jun 05 02:26:05
                             Started mapping on |	Jun 05 02:26:20
                                    Finished on |	Jun 05 03:08:05
       Mapping speed, Million of reads per hour |	75.99

                          Number of input reads |	52876423
                      Average input read length |	298
                                    UNIQUE READS:
                   Uniquely mapped reads number |	14698452
                        Uniquely mapped reads % |	27.80%
                          Average mapped length |	293.48
                       Number of splices: Total |	15286771
            Number of splices: Annotated (sjdb) |	0
                       Number of splices: GT/AG |	15253794
                       Number of splices: GC/AG |	23411
                       Number of splices: AT/AC |	641
               Number of splices: Non-canonical |	8925
                      Mismatch rate per base, % |	0.34%
                         Deletion rate per base |	0.00%
                        Deletion average length |	1.31
                        Insertion rate per base |	0.00%
                       Insertion average length |	1.45
                             MULTI-MAPPING READS:
        Number of reads mapped to multiple loci |	24030443
             % of reads mapped to multiple loci |	45.45%
        Number of reads mapped to too many loci |	39309
             % of reads mapped to too many loci |	0.07%
                                  UNMAPPED READS:
       % of reads unmapped: too many mismatches |	0.00%
                 % of reads unmapped: too short |	26.68%
                     % of reads unmapped: other |	0.01%
                                  CHIMERIC READS:
                       Number of chimeric reads |	0
                            % of chimeric reads |	0.00%
