                                 Started job on |	Jun 17 22:24:13
                             Started mapping on |	Jun 17 22:24:26
                                    Finished on |	Jun 17 23:19:55
       Mapping speed, Million of reads per hour |	48.60

                          Number of input reads |	44945442
                      Average input read length |	296
                                    UNIQUE READS:
                   Uniquely mapped reads number |	5176989
                        Uniquely mapped reads % |	11.52%
                          Average mapped length |	293.80
                       Number of splices: Total |	5308583
            Number of splices: Annotated (sjdb) |	0
                       Number of splices: GT/AG |	5297030
                       Number of splices: GC/AG |	7675
                       Number of splices: AT/AC |	200
               Number of splices: Non-canonical |	3678
                      Mismatch rate per base, % |	0.34%
                         Deletion rate per base |	0.00%
                        Deletion average length |	1.32
                        Insertion rate per base |	0.00%
                       Insertion average length |	1.46
                             MULTI-MAPPING READS:
        Number of reads mapped to multiple loci |	8842368
             % of reads mapped to multiple loci |	19.67%
        Number of reads mapped to too many loci |	16625
             % of reads mapped to too many loci |	0.04%
                                  UNMAPPED READS:
       % of reads unmapped: too many mismatches |	0.00%
                 % of reads unmapped: too short |	68.76%
                     % of reads unmapped: other |	0.01%
                                  CHIMERIC READS:
                       Number of chimeric reads |	0
                            % of chimeric reads |	0.00%
