                                 Started job on |	Jun 10 05:00:22
                             Started mapping on |	Jun 10 05:00:38
                                    Finished on |	Jun 10 05:53:12
       Mapping speed, Million of reads per hour |	60.18

                          Number of input reads |	52728324
                      Average input read length |	297
                                    UNIQUE READS:
                   Uniquely mapped reads number |	12960909
                        Uniquely mapped reads % |	24.58%
                          Average mapped length |	292.57
                       Number of splices: Total |	13488178
            Number of splices: Annotated (sjdb) |	0
                       Number of splices: GT/AG |	13468966
                       Number of splices: GC/AG |	12780
                       Number of splices: AT/AC |	536
               Number of splices: Non-canonical |	5896
                      Mismatch rate per base, % |	0.36%
                         Deletion rate per base |	0.00%
                        Deletion average length |	1.27
                        Insertion rate per base |	0.00%
                       Insertion average length |	1.44
                             MULTI-MAPPING READS:
        Number of reads mapped to multiple loci |	11547096
             % of reads mapped to multiple loci |	21.90%
        Number of reads mapped to too many loci |	35471
             % of reads mapped to too many loci |	0.07%
                                  UNMAPPED READS:
       % of reads unmapped: too many mismatches |	0.00%
                 % of reads unmapped: too short |	53.44%
                     % of reads unmapped: other |	0.01%
                                  CHIMERIC READS:
                       Number of chimeric reads |	0
                            % of chimeric reads |	0.00%
