Job index 4494 : Gene PF3D7_1458000
Gene PF3D7_1458000: Dataframes AS19_FUP, AS18_FUP
Job index 4495 : Gene PF3D7_1458100
Gene PF3D7_1458100: Dataframes AS19_FUP, AS18_FUP
Job index 4492 : Gene PF3D7_1457800
Gene PF3D7_1457800: Dataframes AS19_FUP, AS18_FUP
Job index 4497 : Gene PF3D7_1458300
Gene PF3D7_1458300: Dataframes AS19_FUP, AS18_FUP
Job index 4496 : Gene PF3D7_1458200
Gene PF3D7_1458200: Dataframes AS19_FUP, AS18_FUP
Job index 4493 : Gene PF3D7_1457900
Gene PF3D7_1457900: Dataframes AS19_FUP, AS18_FUP
Job index 4498 : Gene PF3D7_1458400
Gene PF3D7_1458400: Dataframes AS19_FUP, AS18_FUP
Job index 4491 : Gene PF3D7_1457700
Gene PF3D7_1457700: Dataframes AS19_FUP, AS18_FUP
Job index 4603 : Gene PF3D7_1471000
Gene PF3D7_14710completed scoring PF3D7_1466300 between AS19_FUP and AS18_FUP in 0.8568668365478516 seconds
Gene PF3D7_1466300: Dataframes AS19_FUP, AA17_FUP
completed scoring PF3D7_1466400 between AS19_FUP and AS18_FUP in 0.8499882221221924 seconds
Gene PF3D7_1466400: Dataframes AS19_FUP, AA17_FUP
completed scoring PF3D7_1466300 between AS19_FUP and AA17_FUP in 1.003791332244873 seconds
Gene PF3D7_1466300: Dataframes AS19_FUP, AA13_FUP
completed scoring PF3D7_1466400 between AS19_FUP and AA17_FUP in 1.0354363918304443 seconds
Gene PF3D7_1466400: Dataframes AS19_FUP, AA13_FUP
completed scoring PF3D7_1466300 between AS19_FUP and AA13_FUP in 1.0478508472442627 seconds
Gene PF3D7_1466300: Dataframes AS18_FUP, AA17_FUP
completed scoring PF3D7_1466400 between AS19_FUP and AA13_FUP in 1.3602571487426758 seconds
Gene PF3D7_1466400: Dataframes AS18_FUP, AA17_FUP

completed scoring PF3D7_1455500 between AS18_FUP and AA17_FUP in 0.624453067779541 seconds
Gene PF3D7_1455500: Dataframes AS18_FUP, AA13_FUP
completed scoring PF3D7_1455400 between AS18_FUP and AA13_FUP in 0.5780246257781982 seconds
Gene PF3D7_1455400: Dataframes AA17_FUP, AA13_FUP
completed scoring PF3D7_1455500 between AS18_FUP and AA13_FUP in 0.624891996383667 seconds
Gene PF3D7_1455500: Dataframes AA17_FUP, AA13_FUP
D7_1471200 between AS19_FUP and AS18_FUP in 0.6589102745056152 seconds
Gene PF3D7_1471200: Dataframes AS19_FUP, AA17_FUP
completed scoring PF3D7_1470500 between AS19_FUP and AS18_FUP in 1.01932692527771 seconds
Gene PF3D7_1470500: Dataframes AS19_FUP, AA17_FUP
completed scoring PF3D7_1470600 between AS19_FUP and AA17_FUP in 0.6210129261016846 seconds
Gene PF3D7_1470600: Dataframes AS19_FUP, AA13_FUP
completed scoring PF3D7_1470900 between AS19_FUP and AA17_FUP in 0.7899599075317383 seconds
Gene PF3D7_1470900: Dataframes AS19_FUP, AA13_FUP
completed scoring PF3D7_1471000 between AS19_FUP and AA17_FUP in 0.7177050113677979 seconds
Gene PF3D7_1471000: Dataframes AS19_FUP, AA13_FUP
completed scoring PF3D7_1471100 between AS19_FUP and AA17_FUP in 0.7112479209899902 seconds
Gene PF3D7_1471100: Dataframes AS19_FUP, AA13_FUP
completed scoring PF3D7_1470800 between AS19_FUP and AA17_FUP in 0.7016990184783936 seconds
Gene PF3D7_1470800: Dataframes AS19_FUP, AA13_FUP
completed scoring PF3D7_1470700 between AS19_FUP and AA17_FUP in 0.8176982402801514 seconds
Gene PF3D7_1470700: Dataframes AS19_FUP, AA13_FUP
completed scoring PF3D7_1470400 between AS19_FUP and AA17_FUP in 0.6627981662750244 seconds
Gene PF3D7_1470400: Dataframes AS19_FUP, AA13_FUP
completed scoring PF3D7_1471200 between AS19_FUP and AA17_FUP in 0.6103267669677734 seconds
Gene PF3D7_1471200: Dataframes AS19_FUP, AA13_FUP
completed scoring PF3D7_1470300 between AS19_FUP and AA17_FUP in 0.6875052452087402 seconds
Gene PF3D7_1470300: Dataframes AS19_FUP, AA13_FUP
completed scoring PF3D7_1470500 between AS19_FUP and AA17_FUP in 0.6403706073760986 seconds
Gene PF3D7_1470500: Dataframes AS19_FUP, AA13_FUP
seconds
Gene PF3D7_1474500: Dataframes AS19_FUP, AA17_FUP
completed scoring PF3D7_1474400 between AS19_FUP and AS18_FUP in 0.691763162612915 seconds
Gene PF3D7_1474400: Dataframes AS19_FUP, AA17_FUP
completed scoring PF3D7_1474800 between AS18_FUP and AA17_FUP in 0.6547701358795166 seconds
Gene PF3D7_1474800: Dataframes AS18_FUP, AA13_FUP
completed scoring PF3D7_1474100 between AS18_FUP and AA13_FUP in 0.5249443054199219 seconds
Gene PF3D7_1474100: Dataframes AA17_FUP, AA13_FUP
completed scoring PF3D7_1475000 between AS18_FUP and AA17_FUP in 0.5842154026031494 seconds
Gene PF3D7_1475000: Dataframes AS18_FUP, AA13_FUP
completed scoring PF3D7_1474300 between AS19_FUP and AA13_FUP in 0.547680139541626 seconds
Gene PF3D7_1474300: Dataframes AS18_FUP, AA17_FUP
S19_FUP and AA13_FUP in 0.3975825309753418 seconds
Gene PF3D7_1469900: Dataframes AS18_FUP, AA17_FUP
completed scoring PF3D7_1469600 between AS19_FUP and AA13_FUP in 0.4029264450073242 seconds
Gene PF3D7_1469600: Dataframes AS18_FUP, AA17_FUP
completed scoring PF3D7_1469400 between AS19_FUP and AA13_FUP in 0.4097285270690918 seconds
Gene PF3D7_1469400: Dataframes AS18_FUP, AA17_FUP
completed scoring PF3D7_1469000 between AS19_FUP and AA13_FUP in 0.4253208637237549 seconds
Gene PF3D7_1469000: Dataframes AS18_FUP, AA17_FUP
completed scoring PF3D7_1469700 between AS18_FUP and AA17_FUP in 0.35085463523864746 seconds
Gene PF3D7_1469700: Dataframes AS18_FUP, AA13_FUP
completed scoring PF3D7_1469200 between AS19_FUP and AA13_FUP in 0.801652193069458 seconds
Gene PF3D7_1469200: Dataframes AS18_FUP, AA17_FUP
completed scoring PF3D7_1469100 between AS18_FUP and AA17_FUP in 0.3782510757446289 seconds
Gene PF3D7_1469100: Dataframes AS18_FUP, AA13_FUP
completed scoring PF3D7_1469500 between AS18_FUP and AA17_FUP in 0.39276981353759766 seconds
Gene PF3D7_1469500: Dataframes AS18_FUP, AA13_FUP
completed scoring PF3D7_1469800 between AS18_FUP and AA17_FUP in 0.39531707763671875 seconds
Gene PF3D7_1469800: Dataframes AS18_FUP, AA13_FUP
completed scoring PF3D7_1469900 between AS18_FUP and AA17_FUP in 0.4027864933013916 seconds
Gene PF3D7_1469900: Dataframes AS18_FUP, AA13_FUP
completed scoring PF3D7_1469300 between AS18_FUP and AA17_FUP in 0.40488696098327637 seconds
Gene PF3D7_1469300: Dataframes AS18_FUP, AA13_FUP
completed scoring PF3D7_1469600 between AS18_FUP and AA17_FUP in 0.39626598358154297 seconds
Gene PF3D7_1469600: Dataframes AS18_FUP, AA13_FUP
completed scoring PF3D7_1469400 between AS18_FUP and AA17_FUP in 0.40052008628845215 seconds
Gene PF3D7_1469400: Dataframes AS18_FUP, AA13_FUP
completed scoring PF3D7_1469000 between AS18_FUP and AA17_FUP in 0.4270594120025635 seconds
Gene PF3D7_1469000: Dataframes AS18_FUP, AA13_FUP
completed scoring PF3D7_1469700 between AS18_FUP and AA13_FUP in 0.3547940254211426 seconds
Gene PF3D7_1469700: Dataframes AA17_FUP, AA13_FUP
completed scoring PF3D7_1469200 between AS18_FUP and AA17_FUP in 0.36527061462402344 seconds
Gene PF3D7_1469200: Dataframes AS18_FUP, AA13_FUP
completed scoring PF3D7_1469100 between AS18_FUP and AA13_FUP in 0.38378047943115234 seconds
Gene PF3D7_1469100: Dataframes AA17_FUP, AA13_FUP
completed scoring PF3D7_1469800 between AS18_FUP and AA13_FUP in 0.39691901206970215 seconds
Gene PF3D7_1469800: Dataframes AA17_FUP, AA13_FUP
completed scoring PF3D7_1469500 between AS18_FUP and AA13_FUP in 0.40357303619384766 seconds
Gene PF3D7_1469500: Dataframes AA17_FUP, AA13_FUP
completed scoring PF3D7_1469900 between AS18_FUP and AA13_FUP in 0.39789772033691406 seconds
Gene PF3D7_1469900: Dataframes AA17_FUP, AA13_FUP
completed scoring PF3D7_1469600 between AS18_FUP and AA13_FUP in 0.3983573913574219 seconds
Gene PF3D7_1469600: Dataframes AA17_FUP, AA13_FUP
completed scoring PF3D7_1469300 between AS18_FUP and AA13_FUP in 0.41576576232910156 seconds
Gene PF3D7_1469300: Dataframes AA17_FUP, AA13_FUP
completed scoring PF3D7_1469700 between AA17_FUP and AA13_FUP in 0.32486629486083984 seconds
completed scoring PF3D7_1469400 between AS18_FUP and AA13_FUP in 0.4134993553161621 seconds
Gene PF3D7_1469400: Dataframes AA17_FUP, AA13_FUP
completed scoring PF3D7_1469000 between AS18_FUP and AA13_FUP in 0.42469143867492676 seconds
Gene PF3D7_1469000: Dataframes AA17_FUP, AA13_FUP
completed scoring PF3D7_1459400 between AS19_FUP and AA13_FUP in 1.3932344913482666 seconds
Gene PF3D7_1459400: Dataframes AS18_FUP, AA17_FUP
completed scoring PF3D7_1459400 between AS18_FUP and AA17_FUP in 0.9038121700286865 seconds
Gecompleted scoring PF3D7_1473700 between AS19_FUP and AA13_FUP in 0.5892972946166992 seconds
Gene PF3D7_1473700: Dataframes AS18_FUP, AA17_FUP
completed scoring PF3D7_1473700 between AS18_FUP and AA17_FUP in 0.5927553176879883 seconds
Gene PF3D7_1473700: Dataframes AS18_FUP, AA13_FUP
completed scoring PF3D7_1473700 between AS18_FUP and AA13_FUP in 0.5929021835327148 seconds
Gene PF3D7_1473700: Dataframes AA17_FUP, AA13_FUP
completed scoring PF3D7_1473700 between AA17_FUP and AA13_FUP in 0.6032474040985107 seconds
FUP and AA13_FUP in 0.5522875785827637 seconds
Gene PF3D7_1470300: Dataframes AS18_FUP, AA17_FUP
completed scoring PF3D7_1470500 completed scoring PF3D7_1458200 between AS19_FUP and AS18_FUP in 0.9834027290344238 seconds
Gene PF3D7_1458200: Dataframes AS19_FUP, AA17_FUP
completed scoring PF3D7_1458000 between AS19_FUP and AS18_FUP in 1.2976994514465332 seconds
Gene PF3D7_1458000: Dataframes AS19_FUP, AA17_FUP
completed scoring PF3D7_1457800 between AS19_FUP and AS18_FUP in 1.4123835563659668 seconds
Gene PF3D7_1457800: Dataframes AS19_FUP, AA17_FUP
completed scoring PF3D7_1458100 between AS19_FUP and AS18_FUP in 1.4464190006256104 seconds
Gene PF3D7_1458100: Dataframes AS19_FUP, AA17_FUP
completed scoring PF3D7_1458300 between AS19_FUP and AS18_FUP in 1.7473013401031494 seconds
Gene PF3D7_1458300: Dataframes AS19_FUP, AA17_FUP
completed scoring PF3D7_1457900 between AS19_FUP and AS18_FUP in 1.5861320495605469 seconds
Gene PF3D7_1457900: Dataframes AS19_FUP, AA17_FUP
completed scoring PF3D7_1458400 between AS19_FUP and AS18_FUP in 2.1912052631378174 seconds
Gene PF3D7_1458400: Dataframes AS19_FUP, AA17_FUP
completed scoring PF3D7_1457700 between AS19_FUP and AS18_FUP in 2.0191988945007324 seconds
Gene PF3D7_1457700: Dataframes AS19_FUP, AA17_FUP
completed scoring PF3D7_1458000 between AS19_FUP and AA17_FUP in 2.4415171146392822 seconds
Gene PF3D7_1458000: Dataframes AS19_FUP, AA13_FUP
completed scoring PF3D7_1457800 between AS19_FUP and AA17_FUP in 2.5624372959136963 seconds
Gene PF3D7_1457800: Dataframes AS19_FUP, AA13_FUP
completed scoring PF3D7_1458100 between AS19_FUP and AA17_FUP in 2.6188135147094727 seconds
Gene PF3D7_1458100: Dataframes AS19_FUP, AA13_FUP
completed scoring PF3D7_1458300 between AS19_FUP and AA17_FUP in 2.2890138626098633 seconds
Gene PF3D7_1458300: Dataframes AS19_FUP, AA13_FUP
completed scoring PF3D7_1457900 between AS19_FUP and AA17_FUP in 2.2108068466186523 seconds
Gene PF3D7_1457900: Dataframes AS19_FUP, AA13_FUP
completed scoring PF3D7_1457700 between AS19_FUP and AA17_FUP in 1.3132264614105225 seconds
Gene PF3D7_1457700: Dataframes AS19_FUP, AA13_FUP
completed scoring PF3D7_1458400 between AS19_FUP and AA17_FUP in 2.0229029655456543 seconds
Gene PF3D7_1458400: Dataframes AS19_FUP, AA13_FUP
completed scoring PF3D7_1458000 between AS19_FUP and AA13_FUP in 1.5724670886993408 seconds
Gene PF3D7_1458000: Dataframes AS18_FUP, AA17_FUP
completed scoring PF3D7_1458200 between AS19_FUP and AA17_FUP in 4.334039211273193 seconds
Gene PF3D7_1458200: Dataframes AS19_FUP, AA13_FUP
completed scoring PF3D7_1457800 between AS19_FUP and AA13_FUP in 1.7787983417510986 seconds
Gene PF3D7_1457800: Dataframes AS18_FUP, AA17_FUP
completed scoring PF3D7_1458100 between AS19_FUP and AA13_FUP in 1.9540684223175049 seconds
Gene PF3D7_1458100: Dataframes AS18_FUP, AA17_FUP
completed scoring PF3D7_1458300 between AS19_FUP and AA13_FUP in 2.1490213871002197 seconds
Gene PF3D7_1458300: Dataframes AS18_FUP, AA17_FUP
completed scoring PF3D7_1457900 between AS19_FUP and AA13_FUP in 2.1748080253601074 seconds
Gene PF3D7_1457900: Dataframes AS18_FUP, AA17_FUP
completed scoring PF3D7_1457700 between AS19_FUP and AA13_FUP in 2.306774616241455 seconds
Gene PF3D7_1457700: Dataframes AS18_FUP, AA17_FUP
completed scoring PF3D7_1458400 between AS19_FUP and AA13_FUP in 2.298487663269043 seconds
Gene PF3D7_1458400: Dataframes AS18_FUP, AA17_FUP
completed scoring PF3D7_1458000 between AS18_FUP and AA17_FUP in 2.0724058151245117 seconds
Gene PF3D7_1458000: Dataframes AS18_FUP, AA13_FUP
completed scoring PF3D7_1458100 between AS18_FUP and AA17_FUP in 1.4092292785644531 seconds
Gene PF3D7_1458100: Dataframes AS18_FUP, AA13_FUP
completed scoring PF3D7_1458200 between AS19_FUP and AA13_FUP in 2.2102158069610596 seconds
Gene PF3D7_1458200: Dataframes AS18_FUP, AA17_FUP
completed scoring PF3D7_1457800 between AS18_FUP and AA17_FUP in 2.305176019668579 seconds
Gene PF3D7_1457800: Dataframes AS18_FUP, AA13_FUP
completed scoring PF3D7_1457900 between AS18_FUP and AA17_FUP in 2.3420417308807373 seconds
Gene PF3D7_1457900: Dataframes AS18_FUP, AA13_FUP
completed scoring PF3D7_1458300 between AS18_FUP and AA17_FUP in 2.3858416080474854 seconds
Gene PF3D7_1458300: Dataframes AS18_FUP, AA13_FUP
completed scoring PF3D7_1457700 between AS18_FUP and AA17_FUP in 2.389158010482788 seconds
Gene PF3D7_1457700: Dataframes AS18_FUP, AA13_FUP
completed scoring PF3D7_1458000 between AS18_FUP and AA13_FUP in 2.6667842864990234 seconds
Gene PF3D7_1458000: Dataframes AA17_FUP, AA13_FUP
completed scoring PF3D7_1458100 between AS18_FUP and AA13_FUP in 2.654712200164795 seconds
Gene PF3D7_1458100: Dataframes AA17_FUP, AA13_FUP
completed scoring PF3D7_1457800 between AS18_FUP and AA13_FUP in 2.1343815326690674 seconds
Gene PF3D7_1457800: Dataframes AA17_FUP, AA13_FUP
completed scoring PF3D7_1458400 between AS18_FUP and AA17_FUP in 3.0065627098083496 seconds
Gene PF3D7_1458400: Dataframes AS18_FUP, AA13_FUP
completed scoring PF3D7_1458200 between AS18_FUP and AA17_FUP in 2.8271031379699707 seconds
Gene PF3D7_1458200: Dataframes AS18_FUP, AA13_FUP
completed scoring PF3D7_1458300 between AS18_FUP and AA13_FUP in 2.464480400085449 seconds
Gene PF3D7_1458300: Dataframes AA17_FUP, AA13_FUP
completed scoring PF3D7_1457900 between AS18_FUP and AA13_FUP in 3.012216806411743 seconds
Gene PF3D7_1457900: Dataframes AA17_FUP, AA13_FUP
completed scoring PF3D7_1457700 between AS18_FUP and AA13_FUP in 2.7296829223632812 seconds
Gene PF3D7_1457700: Dataframes AA17_FUP, AA13_FUP
completed scoring PF3D7_1458000 between AA17_FUP and AA13_FUP in 2.487114906311035 seconds
completed scoring PF3D7_1458100 between AA17_FUP and AA13_FUP in 2.5654501914978027 seconds
completed scoring PF3D7_1457800 between AA17_FUP and AA13_FUP in 2.594949960708618 seconds
tween AA17_FUP and AA13_FUP in 1.8544933795928955 seconds
leted scoring PF3D7_1460500 between AA17_FUP and AA13_FUP in 1.0553562641143799 seconds
completed scoring PF3D7_1461300 between AA17_FUP and AA13_FUP in 1.086798906326294 seconds
completed scoring PF3D7_1460800 between AS18_FUP and AA13_FUP in 0.6477842330932617 seconds
Gene PF3D7_1460800: Dataframes AA17_FUP, AA13_FUP
completed scoring PF3D7_1460700 between AS18_FUP and AA13_FUP in 1.1919782161712646 seconds
Gene PF3D7_1460700: Dataframes AA17_FUP, AA13_FUP
completed scoring PF3D7_1460800 between AA17_FUP and AA13_FUP in 0.609943151473999 seconds
 
Gene PF3D7_1456000: Dataframes AS19_FUP, AA13_FUP
completed scoring PF3D7_1455900 between AS19_FUP and AA17_FUP in 1.4811222553253174 seconds
Gene PF3D7_1455900: Dataframes AS19_FUP, AA13_FUP
completed scoring PF3D7_1456200 between AS19_FUP and AA17_FUP in 1.6058812141418457 seconds
Gene PF3D7_1456200: Dataframes AS19_FUP, AA13_FUP
completed scoring PF3D7_1455900 between AS19_FUP and AA13_FUP in 2.4212231636047363 seconds
Gene PF3D7_1455900: Dataframes AS18_FUP, AA17_FUP
completed scoring PF3D7_1456200 between AS19_FUP and AA13_FUP in 2.305682420730591 seconds
Gene PF3D7_1456200: Dataframes AS18_FUP, AA17_FUP
completed scoring PF3D7_1455900 between AS18_FUP and AA17_FUP in 1.7237789630889893 seconds
Gene PF3D7_1455900: Dataframes AS18_FUP, AA13_FUP
completed scoring PF3D7_1456200 between AS18_FUP and AA17_FUP in 1.7340037822723389 seconds
Gene PF3D7_1456200: Dataframes AS18_FUP, AA13_FUP
completed scoring PF3D7_1456000 between AS19_FUP and AA13_FUP in 4.7306859493255615 seconds
Gene PF3D7_1456000: Dataframes AS18_FUP, AA17_FUP
completed scoring PF3D7_1456200 between AS18_FUP and AA13_FUP in 1.2303192615509033 seconds
Gene PF3D7_1456200: Dataframes AA17_FUP, AA13_FUP
completed scoring PF3D7_1455900 between AS18_FUP and AA13_FUP in 1.303180456161499 seconds
Gene PF3D7_1455900: Dataframes AA17_FUP, AA13_FUP
completed scoring PF3D7_1456000 between AS18_FUP and AA17_FUP in 1.3516552448272705 seconds
Gene PF3D7_1456000: Dataframes AS18_FUP, AA13_FUP
completed scoring PF3D7_1456200 between AA17_FUP and AA13_FUP in 1.2807807922363281 seconds
completed scoring PF3D7_1458400 between AS18_FUP and AA13_FUP in 2.8729655742645264 seconds
completed scoring PF3D7_1456000 between AS18_FUP and AA13_FUP in 1.3534259796142578 seconds
Gene PF3D7_1456000: Dataframes AA17_FUP, AA13_FUP
completed scoring PF3D7_1456000 between AA17_FUP and AA13_FUP in 1.2108359336853027 seconds
Gene PF3D7_1458200: Dataframes AA17_FUP, AA13_FUP
completed scoring PF3D7_1457900 between AA17_FUP and AA13_FUP in 2.003105640411377 seconds
completed scoring PF3D7_1457700 between AA17_FUP and AA13_FUP in 2.010301351547241 seconds
completed scoring PF3D7_1458400 between AA17_FUP and AA13_FUP in 1.3137624263763428 seconds
completed scoring PF3D7_1458200 between AA17_FUP and AA13_FUP in 1.3326146602630615 seconds
