                                 Started job on |	Jun 16 21:28:04
                             Started mapping on |	Jun 16 21:28:18
                                    Finished on |	Jun 16 22:33:59
       Mapping speed, Million of reads per hour |	36.08

                          Number of input reads |	39496658
                      Average input read length |	295
                                    UNIQUE READS:
                   Uniquely mapped reads number |	2499060
                        Uniquely mapped reads % |	6.33%
                          Average mapped length |	294.09
                       Number of splices: Total |	2335233
            Number of splices: Annotated (sjdb) |	0
                       Number of splices: GT/AG |	2328779
                       Number of splices: GC/AG |	4508
                       Number of splices: AT/AC |	230
               Number of splices: Non-canonical |	1716
                      Mismatch rate per base, % |	0.26%
                         Deletion rate per base |	0.00%
                        Deletion average length |	1.36
                        Insertion rate per base |	0.00%
                       Insertion average length |	1.49
                             MULTI-MAPPING READS:
        Number of reads mapped to multiple loci |	3164710
             % of reads mapped to multiple loci |	8.01%
        Number of reads mapped to too many loci |	13772
             % of reads mapped to too many loci |	0.03%
                                  UNMAPPED READS:
       % of reads unmapped: too many mismatches |	0.00%
                 % of reads unmapped: too short |	85.61%
                     % of reads unmapped: other |	0.01%
                                  CHIMERIC READS:
                       Number of chimeric reads |	0
                            % of chimeric reads |	0.00%
