                                 Started job on |	Jun 06 09:28:15
                             Started mapping on |	Jun 06 09:28:30
                                    Finished on |	Jun 06 10:28:23
       Mapping speed, Million of reads per hour |	52.74

                          Number of input reads |	52638608
                      Average input read length |	296
                                    UNIQUE READS:
                   Uniquely mapped reads number |	9285825
                        Uniquely mapped reads % |	17.64%
                          Average mapped length |	294.77
                       Number of splices: Total |	9436973
            Number of splices: Annotated (sjdb) |	0
                       Number of splices: GT/AG |	9413344
                       Number of splices: GC/AG |	15823
                       Number of splices: AT/AC |	498
               Number of splices: Non-canonical |	7308
                      Mismatch rate per base, % |	0.28%
                         Deletion rate per base |	0.00%
                        Deletion average length |	1.36
                        Insertion rate per base |	0.00%
                       Insertion average length |	1.53
                             MULTI-MAPPING READS:
        Number of reads mapped to multiple loci |	11997871
             % of reads mapped to multiple loci |	22.79%
        Number of reads mapped to too many loci |	20680
             % of reads mapped to too many loci |	0.04%
                                  UNMAPPED READS:
       % of reads unmapped: too many mismatches |	0.00%
                 % of reads unmapped: too short |	59.51%
                     % of reads unmapped: other |	0.01%
                                  CHIMERIC READS:
                       Number of chimeric reads |	0
                            % of chimeric reads |	0.00%
