                                 Started job on |	Jun 03 18:02:31
                             Started mapping on |	Jun 03 18:02:47
                                    Finished on |	Jun 03 18:41:24
       Mapping speed, Million of reads per hour |	70.08

                          Number of input reads |	45102051
                      Average input read length |	297
                                    UNIQUE READS:
                   Uniquely mapped reads number |	10662381
                        Uniquely mapped reads % |	23.64%
                          Average mapped length |	294.74
                       Number of splices: Total |	10120102
            Number of splices: Annotated (sjdb) |	0
                       Number of splices: GT/AG |	10096019
                       Number of splices: GC/AG |	17303
                       Number of splices: AT/AC |	517
               Number of splices: Non-canonical |	6263
                      Mismatch rate per base, % |	0.27%
                         Deletion rate per base |	0.00%
                        Deletion average length |	1.34
                        Insertion rate per base |	0.00%
                       Insertion average length |	1.50
                             MULTI-MAPPING READS:
        Number of reads mapped to multiple loci |	14572115
             % of reads mapped to multiple loci |	32.31%
        Number of reads mapped to too many loci |	29808
             % of reads mapped to too many loci |	0.07%
                                  UNMAPPED READS:
       % of reads unmapped: too many mismatches |	0.00%
                 % of reads unmapped: too short |	43.97%
                     % of reads unmapped: other |	0.01%
                                  CHIMERIC READS:
                       Number of chimeric reads |	0
                            % of chimeric reads |	0.00%
