                                 Started job on |	Jun 12 20:03:43
                             Started mapping on |	Jun 12 20:09:44
                                    Finished on |	Jun 12 21:41:54
       Mapping speed, Million of reads per hour |	30.75

                          Number of input reads |	47239151
                      Average input read length |	296
                                    UNIQUE READS:
                   Uniquely mapped reads number |	5339607
                        Uniquely mapped reads % |	11.30%
                          Average mapped length |	292.92
                       Number of splices: Total |	5476242
            Number of splices: Annotated (sjdb) |	0
                       Number of splices: GT/AG |	5466737
                       Number of splices: GC/AG |	6378
                       Number of splices: AT/AC |	320
               Number of splices: Non-canonical |	2807
                      Mismatch rate per base, % |	0.30%
                         Deletion rate per base |	0.00%
                        Deletion average length |	1.33
                        Insertion rate per base |	0.00%
                       Insertion average length |	1.52
                             MULTI-MAPPING READS:
        Number of reads mapped to multiple loci |	2736400
             % of reads mapped to multiple loci |	5.79%
        Number of reads mapped to too many loci |	15610
             % of reads mapped to too many loci |	0.03%
                                  UNMAPPED READS:
       % of reads unmapped: too many mismatches |	0.00%
                 % of reads unmapped: too short |	82.85%
                     % of reads unmapped: other |	0.02%
                                  CHIMERIC READS:
                       Number of chimeric reads |	0
                            % of chimeric reads |	0.00%
