                                 Started job on |	Jun 06 12:04:31
                             Started mapping on |	Jun 06 12:04:47
                                    Finished on |	Jun 06 12:55:35
       Mapping speed, Million of reads per hour |	59.07

                          Number of input reads |	50008548
                      Average input read length |	296
                                    UNIQUE READS:
                   Uniquely mapped reads number |	9359020
                        Uniquely mapped reads % |	18.71%
                          Average mapped length |	295.36
                       Number of splices: Total |	9239672
            Number of splices: Annotated (sjdb) |	0
                       Number of splices: GT/AG |	9217574
                       Number of splices: GC/AG |	15614
                       Number of splices: AT/AC |	493
               Number of splices: Non-canonical |	5991
                      Mismatch rate per base, % |	0.27%
                         Deletion rate per base |	0.00%
                        Deletion average length |	1.34
                        Insertion rate per base |	0.00%
                       Insertion average length |	1.50
                             MULTI-MAPPING READS:
        Number of reads mapped to multiple loci |	13852711
             % of reads mapped to multiple loci |	27.70%
        Number of reads mapped to too many loci |	24743
             % of reads mapped to too many loci |	0.05%
                                  UNMAPPED READS:
       % of reads unmapped: too many mismatches |	0.00%
                 % of reads unmapped: too short |	53.52%
                     % of reads unmapped: other |	0.01%
                                  CHIMERIC READS:
                       Number of chimeric reads |	0
                            % of chimeric reads |	0.00%
