                                 Started job on |	Jun 09 12:52:15
                             Started mapping on |	Jun 09 12:52:55
                                    Finished on |	Jun 09 13:46:00
       Mapping speed, Million of reads per hour |	51.49

                          Number of input reads |	45558405
                      Average input read length |	296
                                    UNIQUE READS:
                   Uniquely mapped reads number |	7049130
                        Uniquely mapped reads % |	15.47%
                          Average mapped length |	294.88
                       Number of splices: Total |	7140364
            Number of splices: Annotated (sjdb) |	0
                       Number of splices: GT/AG |	7122787
                       Number of splices: GC/AG |	11987
                       Number of splices: AT/AC |	385
               Number of splices: Non-canonical |	5205
                      Mismatch rate per base, % |	0.28%
                         Deletion rate per base |	0.00%
                        Deletion average length |	1.34
                        Insertion rate per base |	0.00%
                       Insertion average length |	1.52
                             MULTI-MAPPING READS:
        Number of reads mapped to multiple loci |	9492041
             % of reads mapped to multiple loci |	20.83%
        Number of reads mapped to too many loci |	17120
             % of reads mapped to too many loci |	0.04%
                                  UNMAPPED READS:
       % of reads unmapped: too many mismatches |	0.00%
                 % of reads unmapped: too short |	63.64%
                     % of reads unmapped: other |	0.01%
                                  CHIMERIC READS:
                       Number of chimeric reads |	0
                            % of chimeric reads |	0.00%
