                                 Started job on |	Jun 18 22:36:54
                             Started mapping on |	Jun 18 22:37:09
                                    Finished on |	Jun 18 23:56:46
       Mapping speed, Million of reads per hour |	37.44

                          Number of input reads |	49685519
                      Average input read length |	296
                                    UNIQUE READS:
                   Uniquely mapped reads number |	685607
                        Uniquely mapped reads % |	1.38%
                          Average mapped length |	291.36
                       Number of splices: Total |	632143
            Number of splices: Annotated (sjdb) |	0
                       Number of splices: GT/AG |	630030
                       Number of splices: GC/AG |	1254
                       Number of splices: AT/AC |	62
               Number of splices: Non-canonical |	797
                      Mismatch rate per base, % |	0.27%
                         Deletion rate per base |	0.00%
                        Deletion average length |	1.46
                        Insertion rate per base |	0.00%
                       Insertion average length |	1.67
                             MULTI-MAPPING READS:
        Number of reads mapped to multiple loci |	745094
             % of reads mapped to multiple loci |	1.50%
        Number of reads mapped to too many loci |	14083
             % of reads mapped to too many loci |	0.03%
                                  UNMAPPED READS:
       % of reads unmapped: too many mismatches |	0.00%
                 % of reads unmapped: too short |	97.08%
                     % of reads unmapped: other |	0.02%
                                  CHIMERIC READS:
                       Number of chimeric reads |	0
                            % of chimeric reads |	0.00%
