                                 Started job on |	Jun 17 00:08:57
                             Started mapping on |	Jun 17 00:09:12
                                    Finished on |	Jun 17 01:22:29
       Mapping speed, Million of reads per hour |	35.13

                          Number of input reads |	42911345
                      Average input read length |	295
                                    UNIQUE READS:
                   Uniquely mapped reads number |	1993987
                        Uniquely mapped reads % |	4.65%
                          Average mapped length |	293.94
                       Number of splices: Total |	1806269
            Number of splices: Annotated (sjdb) |	0
                       Number of splices: GT/AG |	1800706
                       Number of splices: GC/AG |	3837
                       Number of splices: AT/AC |	147
               Number of splices: Non-canonical |	1579
                      Mismatch rate per base, % |	0.27%
                         Deletion rate per base |	0.00%
                        Deletion average length |	1.38
                        Insertion rate per base |	0.00%
                       Insertion average length |	1.52
                             MULTI-MAPPING READS:
        Number of reads mapped to multiple loci |	2496613
             % of reads mapped to multiple loci |	5.82%
        Number of reads mapped to too many loci |	10919
             % of reads mapped to too many loci |	0.03%
                                  UNMAPPED READS:
       % of reads unmapped: too many mismatches |	0.00%
                 % of reads unmapped: too short |	89.49%
                     % of reads unmapped: other |	0.01%
                                  CHIMERIC READS:
                       Number of chimeric reads |	0
                            % of chimeric reads |	0.00%
