                                 Started job on |	Jun 09 14:49:17
                             Started mapping on |	Jun 09 14:49:33
                                    Finished on |	Jun 09 15:49:20
       Mapping speed, Million of reads per hour |	51.20

                          Number of input reads |	51016238
                      Average input read length |	296
                                    UNIQUE READS:
                   Uniquely mapped reads number |	7559200
                        Uniquely mapped reads % |	14.82%
                          Average mapped length |	294.73
                       Number of splices: Total |	7529455
            Number of splices: Annotated (sjdb) |	0
                       Number of splices: GT/AG |	7510848
                       Number of splices: GC/AG |	12477
                       Number of splices: AT/AC |	453
               Number of splices: Non-canonical |	5677
                      Mismatch rate per base, % |	0.27%
                         Deletion rate per base |	0.00%
                        Deletion average length |	1.36
                        Insertion rate per base |	0.00%
                       Insertion average length |	1.52
                             MULTI-MAPPING READS:
        Number of reads mapped to multiple loci |	10437885
             % of reads mapped to multiple loci |	20.46%
        Number of reads mapped to too many loci |	23765
             % of reads mapped to too many loci |	0.05%
                                  UNMAPPED READS:
       % of reads unmapped: too many mismatches |	0.00%
                 % of reads unmapped: too short |	64.66%
                     % of reads unmapped: other |	0.01%
                                  CHIMERIC READS:
                       Number of chimeric reads |	0
                            % of chimeric reads |	0.00%
