                                 Started job on |	Jun 04 17:44:04
                             Started mapping on |	Jun 04 17:44:23
                                    Finished on |	Jun 04 19:01:22
       Mapping speed, Million of reads per hour |	39.58

                          Number of input reads |	50783516
                      Average input read length |	296
                                    UNIQUE READS:
                   Uniquely mapped reads number |	10128781
                        Uniquely mapped reads % |	19.95%
                          Average mapped length |	293.62
                       Number of splices: Total |	9974444
            Number of splices: Annotated (sjdb) |	0
                       Number of splices: GT/AG |	9949185
                       Number of splices: GC/AG |	17463
                       Number of splices: AT/AC |	554
               Number of splices: Non-canonical |	7242
                      Mismatch rate per base, % |	0.28%
                         Deletion rate per base |	0.00%
                        Deletion average length |	1.36
                        Insertion rate per base |	0.00%
                       Insertion average length |	1.52
                             MULTI-MAPPING READS:
        Number of reads mapped to multiple loci |	12755418
             % of reads mapped to multiple loci |	25.12%
        Number of reads mapped to too many loci |	23807
             % of reads mapped to too many loci |	0.05%
                                  UNMAPPED READS:
       % of reads unmapped: too many mismatches |	0.00%
                 % of reads unmapped: too short |	54.88%
                     % of reads unmapped: other |	0.01%
                                  CHIMERIC READS:
                       Number of chimeric reads |	0
                            % of chimeric reads |	0.00%
