                                 Started job on |	Jun 13 01:50:23
                             Started mapping on |	Jun 13 01:50:43
                                    Finished on |	Jun 13 02:49:58
       Mapping speed, Million of reads per hour |	43.00

                          Number of input reads |	42461004
                      Average input read length |	295
                                    UNIQUE READS:
                   Uniquely mapped reads number |	4051217
                        Uniquely mapped reads % |	9.54%
                          Average mapped length |	293.60
                       Number of splices: Total |	3795404
            Number of splices: Annotated (sjdb) |	0
                       Number of splices: GT/AG |	3786095
                       Number of splices: GC/AG |	6405
                       Number of splices: AT/AC |	240
               Number of splices: Non-canonical |	2664
                      Mismatch rate per base, % |	0.26%
                         Deletion rate per base |	0.00%
                        Deletion average length |	1.33
                        Insertion rate per base |	0.00%
                       Insertion average length |	1.49
                             MULTI-MAPPING READS:
        Number of reads mapped to multiple loci |	5771507
             % of reads mapped to multiple loci |	13.59%
        Number of reads mapped to too many loci |	26051
             % of reads mapped to too many loci |	0.06%
                                  UNMAPPED READS:
       % of reads unmapped: too many mismatches |	0.00%
                 % of reads unmapped: too short |	76.79%
                     % of reads unmapped: other |	0.01%
                                  CHIMERIC READS:
                       Number of chimeric reads |	0
                            % of chimeric reads |	0.00%
