                                 Started job on |	Jun 09 17:12:23
                             Started mapping on |	Jun 09 17:12:39
                                    Finished on |	Jun 09 18:17:28
       Mapping speed, Million of reads per hour |	44.87

                          Number of input reads |	48468934
                      Average input read length |	296
                                    UNIQUE READS:
                   Uniquely mapped reads number |	6675015
                        Uniquely mapped reads % |	13.77%
                          Average mapped length |	293.89
                       Number of splices: Total |	6532203
            Number of splices: Annotated (sjdb) |	0
                       Number of splices: GT/AG |	6517608
                       Number of splices: GC/AG |	10035
                       Number of splices: AT/AC |	388
               Number of splices: Non-canonical |	4172
                      Mismatch rate per base, % |	0.28%
                         Deletion rate per base |	0.00%
                        Deletion average length |	1.34
                        Insertion rate per base |	0.00%
                       Insertion average length |	1.49
                             MULTI-MAPPING READS:
        Number of reads mapped to multiple loci |	5199275
             % of reads mapped to multiple loci |	10.73%
        Number of reads mapped to too many loci |	14255
             % of reads mapped to too many loci |	0.03%
                                  UNMAPPED READS:
       % of reads unmapped: too many mismatches |	0.00%
                 % of reads unmapped: too short |	75.45%
                     % of reads unmapped: other |	0.02%
                                  CHIMERIC READS:
                       Number of chimeric reads |	0
                            % of chimeric reads |	0.00%
