                                 Started job on |	Jun 12 23:20:42
                             Started mapping on |	Jun 12 23:21:03
                                    Finished on |	Jun 13 00:23:54
       Mapping speed, Million of reads per hour |	43.53

                          Number of input reads |	45602438
                      Average input read length |	296
                                    UNIQUE READS:
                   Uniquely mapped reads number |	4830315
                        Uniquely mapped reads % |	10.59%
                          Average mapped length |	294.14
                       Number of splices: Total |	4494053
            Number of splices: Annotated (sjdb) |	0
                       Number of splices: GT/AG |	4482649
                       Number of splices: GC/AG |	7777
                       Number of splices: AT/AC |	299
               Number of splices: Non-canonical |	3328
                      Mismatch rate per base, % |	0.27%
                         Deletion rate per base |	0.00%
                        Deletion average length |	1.33
                        Insertion rate per base |	0.00%
                       Insertion average length |	1.48
                             MULTI-MAPPING READS:
        Number of reads mapped to multiple loci |	6806691
             % of reads mapped to multiple loci |	14.93%
        Number of reads mapped to too many loci |	19770
             % of reads mapped to too many loci |	0.04%
                                  UNMAPPED READS:
       % of reads unmapped: too many mismatches |	0.00%
                 % of reads unmapped: too short |	74.42%
                     % of reads unmapped: other |	0.01%
                                  CHIMERIC READS:
                       Number of chimeric reads |	0
                            % of chimeric reads |	0.00%
