                                 Started job on |	May 31 00:27:44
                             Started mapping on |	May 31 00:28:28
                                    Finished on |	May 31 01:17:56
       Mapping speed, Million of reads per hour |	52.86

                          Number of input reads |	43579803
                      Average input read length |	296
                                    UNIQUE READS:
                   Uniquely mapped reads number |	11664993
                        Uniquely mapped reads % |	26.77%
                          Average mapped length |	293.84
                       Number of splices: Total |	11639202
            Number of splices: Annotated (sjdb) |	0
                       Number of splices: GT/AG |	11617637
                       Number of splices: GC/AG |	15617
                       Number of splices: AT/AC |	572
               Number of splices: Non-canonical |	5376
                      Mismatch rate per base, % |	0.29%
                         Deletion rate per base |	0.00%
                        Deletion average length |	1.33
                        Insertion rate per base |	0.00%
                       Insertion average length |	1.48
                             MULTI-MAPPING READS:
        Number of reads mapped to multiple loci |	6885757
             % of reads mapped to multiple loci |	15.80%
        Number of reads mapped to too many loci |	21432
             % of reads mapped to too many loci |	0.05%
                                  UNMAPPED READS:
       % of reads unmapped: too many mismatches |	0.00%
                 % of reads unmapped: too short |	57.37%
                     % of reads unmapped: other |	0.01%
                                  CHIMERIC READS:
                       Number of chimeric reads |	0
                            % of chimeric reads |	0.00%
