                                 Started job on |	Jun 10 03:11:11
                             Started mapping on |	Jun 10 03:11:13
                                    Finished on |	Jun 10 03:16:06
       Mapping speed, Million of reads per hour |	230.37

                          Number of input reads |	18749355
                      Average input read length |	293
                                    UNIQUE READS:
                   Uniquely mapped reads number |	16005802
                        Uniquely mapped reads % |	85.37%
                          Average mapped length |	273.04
                       Number of splices: Total |	3144496
            Number of splices: Annotated (sjdb) |	2986796
                       Number of splices: GT/AG |	3140932
                       Number of splices: GC/AG |	963
                       Number of splices: AT/AC |	554
               Number of splices: Non-canonical |	2047
                      Mismatch rate per base, % |	0.36%
                         Deletion rate per base |	0.02%
                        Deletion average length |	1.51
                        Insertion rate per base |	0.03%
                       Insertion average length |	1.24
                             MULTI-MAPPING READS:
        Number of reads mapped to multiple loci |	2527069
             % of reads mapped to multiple loci |	13.48%
        Number of reads mapped to too many loci |	22501
             % of reads mapped to too many loci |	0.12%
                                  UNMAPPED READS:
       % of reads unmapped: too many mismatches |	0.01%
                 % of reads unmapped: too short |	0.81%
                     % of reads unmapped: other |	0.22%
                                  CHIMERIC READS:
                       Number of chimeric reads |	0
                            % of chimeric reads |	0.00%
