                                 Started job on |	Jun 13 13:12:55
                             Started mapping on |	Jun 13 13:12:58
                                    Finished on |	Jun 13 13:21:50
       Mapping speed, Million of reads per hour |	175.32

                          Number of input reads |	25908509
                      Average input read length |	293
                                    UNIQUE READS:
                   Uniquely mapped reads number |	21841700
                        Uniquely mapped reads % |	84.30%
                          Average mapped length |	274.80
                       Number of splices: Total |	5169144
            Number of splices: Annotated (sjdb) |	4934411
                       Number of splices: GT/AG |	5163713
                       Number of splices: GC/AG |	1447
                       Number of splices: AT/AC |	741
               Number of splices: Non-canonical |	3243
                      Mismatch rate per base, % |	0.34%
                         Deletion rate per base |	0.01%
                        Deletion average length |	1.47
                        Insertion rate per base |	0.03%
                       Insertion average length |	1.22
                             MULTI-MAPPING READS:
        Number of reads mapped to multiple loci |	3727874
             % of reads mapped to multiple loci |	14.39%
        Number of reads mapped to too many loci |	46078
             % of reads mapped to too many loci |	0.18%
                                  UNMAPPED READS:
       % of reads unmapped: too many mismatches |	0.00%
                 % of reads unmapped: too short |	0.47%
                     % of reads unmapped: other |	0.65%
                                  CHIMERIC READS:
                       Number of chimeric reads |	0
                            % of chimeric reads |	0.00%
