                                 Started job on |	Jun 17 23:57:39
                             Started mapping on |	Jun 17 23:57:41
                                    Finished on |	Jun 18 00:07:23
       Mapping speed, Million of reads per hour |	191.72

                          Number of input reads |	30995362
                      Average input read length |	295
                                    UNIQUE READS:
                   Uniquely mapped reads number |	24474327
                        Uniquely mapped reads % |	78.96%
                          Average mapped length |	260.62
                       Number of splices: Total |	6603535
            Number of splices: Annotated (sjdb) |	6346468
                       Number of splices: GT/AG |	6597617
                       Number of splices: GC/AG |	2079
                       Number of splices: AT/AC |	898
               Number of splices: Non-canonical |	2941
                      Mismatch rate per base, % |	0.31%
                         Deletion rate per base |	0.01%
                        Deletion average length |	1.48
                        Insertion rate per base |	0.03%
                       Insertion average length |	1.21
                             MULTI-MAPPING READS:
        Number of reads mapped to multiple loci |	6311737
             % of reads mapped to multiple loci |	20.36%
        Number of reads mapped to too many loci |	23566
             % of reads mapped to too many loci |	0.08%
                                  UNMAPPED READS:
       % of reads unmapped: too many mismatches |	0.00%
                 % of reads unmapped: too short |	0.19%
                     % of reads unmapped: other |	0.41%
                                  CHIMERIC READS:
                       Number of chimeric reads |	0
                            % of chimeric reads |	0.00%
