                                 Started job on |	Jun 03 22:07:09
                             Started mapping on |	Jun 03 22:07:11
                                    Finished on |	Jun 03 22:10:34
       Mapping speed, Million of reads per hour |	265.89

                          Number of input reads |	14993008
                      Average input read length |	292
                                    UNIQUE READS:
                   Uniquely mapped reads number |	10786738
                        Uniquely mapped reads % |	71.95%
                          Average mapped length |	233.26
                       Number of splices: Total |	2039076
            Number of splices: Annotated (sjdb) |	1970508
                       Number of splices: GT/AG |	2037295
                       Number of splices: GC/AG |	750
                       Number of splices: AT/AC |	266
               Number of splices: Non-canonical |	765
                      Mismatch rate per base, % |	0.33%
                         Deletion rate per base |	0.01%
                        Deletion average length |	1.45
                        Insertion rate per base |	0.03%
                       Insertion average length |	1.23
                             MULTI-MAPPING READS:
        Number of reads mapped to multiple loci |	4039115
             % of reads mapped to multiple loci |	26.94%
        Number of reads mapped to too many loci |	18058
             % of reads mapped to too many loci |	0.12%
                                  UNMAPPED READS:
       % of reads unmapped: too many mismatches |	0.01%
                 % of reads unmapped: too short |	0.84%
                     % of reads unmapped: other |	0.15%
                                  CHIMERIC READS:
                       Number of chimeric reads |	0
                            % of chimeric reads |	0.00%
