                                 Started job on |	Jun 06 19:51:49
                             Started mapping on |	Jun 06 19:51:54
                                    Finished on |	Jun 06 19:56:00
       Mapping speed, Million of reads per hour |	251.25

                          Number of input reads |	17168904
                      Average input read length |	294
                                    UNIQUE READS:
                   Uniquely mapped reads number |	11414758
                        Uniquely mapped reads % |	66.49%
                          Average mapped length |	213.46
                       Number of splices: Total |	2451494
            Number of splices: Annotated (sjdb) |	2377879
                       Number of splices: GT/AG |	2449832
                       Number of splices: GC/AG |	693
                       Number of splices: AT/AC |	238
               Number of splices: Non-canonical |	731
                      Mismatch rate per base, % |	0.28%
                         Deletion rate per base |	0.01%
                        Deletion average length |	1.45
                        Insertion rate per base |	0.02%
                       Insertion average length |	1.22
                             MULTI-MAPPING READS:
        Number of reads mapped to multiple loci |	5639488
             % of reads mapped to multiple loci |	32.85%
        Number of reads mapped to too many loci |	11687
             % of reads mapped to too many loci |	0.07%
                                  UNMAPPED READS:
       % of reads unmapped: too many mismatches |	0.00%
                 % of reads unmapped: too short |	0.46%
                     % of reads unmapped: other |	0.13%
                                  CHIMERIC READS:
                       Number of chimeric reads |	0
                            % of chimeric reads |	0.00%
