                                 Started job on |	Jun 18 02:28:10
                             Started mapping on |	Jun 18 02:28:12
                                    Finished on |	Jun 18 02:40:03
       Mapping speed, Million of reads per hour |	197.54

                          Number of input reads |	39014507
                      Average input read length |	295
                                    UNIQUE READS:
                   Uniquely mapped reads number |	34251429
                        Uniquely mapped reads % |	87.79%
                          Average mapped length |	279.00
                       Number of splices: Total |	8470010
            Number of splices: Annotated (sjdb) |	8067354
                       Number of splices: GT/AG |	8457498
                       Number of splices: GC/AG |	4344
                       Number of splices: AT/AC |	1717
               Number of splices: Non-canonical |	6451
                      Mismatch rate per base, % |	0.32%
                         Deletion rate per base |	0.01%
                        Deletion average length |	1.46
                        Insertion rate per base |	0.02%
                       Insertion average length |	1.25
                             MULTI-MAPPING READS:
        Number of reads mapped to multiple loci |	4452632
             % of reads mapped to multiple loci |	11.41%
        Number of reads mapped to too many loci |	33552
             % of reads mapped to too many loci |	0.09%
                                  UNMAPPED READS:
       % of reads unmapped: too many mismatches |	0.00%
                 % of reads unmapped: too short |	0.10%
                     % of reads unmapped: other |	0.61%
                                  CHIMERIC READS:
                       Number of chimeric reads |	0
                            % of chimeric reads |	0.00%
