                                 Started job on |	Jun 10 04:35:34
                             Started mapping on |	Jun 10 04:35:36
                                    Finished on |	Jun 10 04:43:00
       Mapping speed, Million of reads per hour |	173.10

                          Number of input reads |	21348936
                      Average input read length |	294
                                    UNIQUE READS:
                   Uniquely mapped reads number |	19468717
                        Uniquely mapped reads % |	91.19%
                          Average mapped length |	290.92
                       Number of splices: Total |	4211279
            Number of splices: Annotated (sjdb) |	4012908
                       Number of splices: GT/AG |	4205612
                       Number of splices: GC/AG |	1640
                       Number of splices: AT/AC |	775
               Number of splices: Non-canonical |	3252
                      Mismatch rate per base, % |	0.35%
                         Deletion rate per base |	0.01%
                        Deletion average length |	1.47
                        Insertion rate per base |	0.02%
                       Insertion average length |	1.20
                             MULTI-MAPPING READS:
        Number of reads mapped to multiple loci |	1617858
             % of reads mapped to multiple loci |	7.58%
        Number of reads mapped to too many loci |	28583
             % of reads mapped to too many loci |	0.13%
                                  UNMAPPED READS:
       % of reads unmapped: too many mismatches |	0.01%
                 % of reads unmapped: too short |	0.58%
                     % of reads unmapped: other |	0.51%
                                  CHIMERIC READS:
                       Number of chimeric reads |	0
                            % of chimeric reads |	0.00%
