                                 Started job on |	Jun 06 21:27:58
                             Started mapping on |	Jun 06 21:28:00
                                    Finished on |	Jun 06 21:36:55
       Mapping speed, Million of reads per hour |	182.38

                          Number of input reads |	27103528
                      Average input read length |	295
                                    UNIQUE READS:
                   Uniquely mapped reads number |	25146784
                        Uniquely mapped reads % |	92.78%
                          Average mapped length |	291.88
                       Number of splices: Total |	4846726
            Number of splices: Annotated (sjdb) |	4606984
                       Number of splices: GT/AG |	4839288
                       Number of splices: GC/AG |	1998
                       Number of splices: AT/AC |	1085
               Number of splices: Non-canonical |	4355
                      Mismatch rate per base, % |	0.34%
                         Deletion rate per base |	0.02%
                        Deletion average length |	1.46
                        Insertion rate per base |	0.02%
                       Insertion average length |	1.24
                             MULTI-MAPPING READS:
        Number of reads mapped to multiple loci |	1712359
             % of reads mapped to multiple loci |	6.32%
        Number of reads mapped to too many loci |	32664
             % of reads mapped to too many loci |	0.12%
                                  UNMAPPED READS:
       % of reads unmapped: too many mismatches |	0.01%
                 % of reads unmapped: too short |	0.46%
                     % of reads unmapped: other |	0.31%
                                  CHIMERIC READS:
                       Number of chimeric reads |	0
                            % of chimeric reads |	0.00%
