                                 Started job on |	Jun 10 06:26:37
                             Started mapping on |	Jun 10 06:26:38
                                    Finished on |	Jun 10 06:35:36
       Mapping speed, Million of reads per hour |	190.46

                          Number of input reads |	28462837
                      Average input read length |	294
                                    UNIQUE READS:
                   Uniquely mapped reads number |	23881181
                        Uniquely mapped reads % |	83.90%
                          Average mapped length |	275.53
                       Number of splices: Total |	5357329
            Number of splices: Annotated (sjdb) |	5121279
                       Number of splices: GT/AG |	5351847
                       Number of splices: GC/AG |	1332
                       Number of splices: AT/AC |	846
               Number of splices: Non-canonical |	3304
                      Mismatch rate per base, % |	0.33%
                         Deletion rate per base |	0.01%
                        Deletion average length |	1.42
                        Insertion rate per base |	0.03%
                       Insertion average length |	1.22
                             MULTI-MAPPING READS:
        Number of reads mapped to multiple loci |	4268491
             % of reads mapped to multiple loci |	15.00%
        Number of reads mapped to too many loci |	45063
             % of reads mapped to too many loci |	0.16%
                                  UNMAPPED READS:
       % of reads unmapped: too many mismatches |	0.00%
                 % of reads unmapped: too short |	0.44%
                     % of reads unmapped: other |	0.50%
                                  CHIMERIC READS:
                       Number of chimeric reads |	0
                            % of chimeric reads |	0.00%
