                                 Started job on |	Jun 13 14:43:14
                             Started mapping on |	Jun 13 14:43:16
                                    Finished on |	Jun 13 14:48:21
       Mapping speed, Million of reads per hour |	218.44

                          Number of input reads |	18506505
                      Average input read length |	292
                                    UNIQUE READS:
                   Uniquely mapped reads number |	15364400
                        Uniquely mapped reads % |	83.02%
                          Average mapped length |	264.04
                       Number of splices: Total |	3748149
            Number of splices: Annotated (sjdb) |	3575572
                       Number of splices: GT/AG |	3744646
                       Number of splices: GC/AG |	1012
                       Number of splices: AT/AC |	565
               Number of splices: Non-canonical |	1926
                      Mismatch rate per base, % |	0.38%
                         Deletion rate per base |	0.01%
                        Deletion average length |	1.51
                        Insertion rate per base |	0.03%
                       Insertion average length |	1.24
                             MULTI-MAPPING READS:
        Number of reads mapped to multiple loci |	2939914
             % of reads mapped to multiple loci |	15.89%
        Number of reads mapped to too many loci |	24460
             % of reads mapped to too many loci |	0.13%
                                  UNMAPPED READS:
       % of reads unmapped: too many mismatches |	0.00%
                 % of reads unmapped: too short |	0.49%
                     % of reads unmapped: other |	0.47%
                                  CHIMERIC READS:
                       Number of chimeric reads |	0
                            % of chimeric reads |	0.00%
