                                 Started job on |	Jun 13 16:43:07
                             Started mapping on |	Jun 13 16:43:10
                                    Finished on |	Jun 13 16:53:27
       Mapping speed, Million of reads per hour |	183.24

                          Number of input reads |	31404698
                      Average input read length |	294
                                    UNIQUE READS:
                   Uniquely mapped reads number |	26060594
                        Uniquely mapped reads % |	82.98%
                          Average mapped length |	267.62
                       Number of splices: Total |	6586803
            Number of splices: Annotated (sjdb) |	6287932
                       Number of splices: GT/AG |	6580691
                       Number of splices: GC/AG |	1734
                       Number of splices: AT/AC |	989
               Number of splices: Non-canonical |	3389
                      Mismatch rate per base, % |	0.32%
                         Deletion rate per base |	0.01%
                        Deletion average length |	1.51
                        Insertion rate per base |	0.03%
                       Insertion average length |	1.22
                             MULTI-MAPPING READS:
        Number of reads mapped to multiple loci |	5074126
             % of reads mapped to multiple loci |	16.16%
        Number of reads mapped to too many loci |	35081
             % of reads mapped to too many loci |	0.11%
                                  UNMAPPED READS:
       % of reads unmapped: too many mismatches |	0.00%
                 % of reads unmapped: too short |	0.30%
                     % of reads unmapped: other |	0.44%
                                  CHIMERIC READS:
                       Number of chimeric reads |	0
                            % of chimeric reads |	0.00%
