                                 Started job on |	Jun 18 04:59:58
                             Started mapping on |	Jun 18 05:00:00
                                    Finished on |	Jun 18 05:11:22
       Mapping speed, Million of reads per hour |	209.03

                          Number of input reads |	39599233
                      Average input read length |	296
                                    UNIQUE READS:
                   Uniquely mapped reads number |	34731040
                        Uniquely mapped reads % |	87.71%
                          Average mapped length |	280.08
                       Number of splices: Total |	6020745
            Number of splices: Annotated (sjdb) |	5750080
                       Number of splices: GT/AG |	6012420
                       Number of splices: GC/AG |	2906
                       Number of splices: AT/AC |	1590
               Number of splices: Non-canonical |	3829
                      Mismatch rate per base, % |	0.28%
                         Deletion rate per base |	0.02%
                        Deletion average length |	1.48
                        Insertion rate per base |	0.01%
                       Insertion average length |	1.34
                             MULTI-MAPPING READS:
        Number of reads mapped to multiple loci |	4562310
             % of reads mapped to multiple loci |	11.52%
        Number of reads mapped to too many loci |	48796
             % of reads mapped to too many loci |	0.12%
                                  UNMAPPED READS:
       % of reads unmapped: too many mismatches |	0.00%
                 % of reads unmapped: too short |	0.01%
                     % of reads unmapped: other |	0.64%
                                  CHIMERIC READS:
                       Number of chimeric reads |	0
                            % of chimeric reads |	0.00%
