                                 Started job on |	May 31 06:06:53
                             Started mapping on |	May 31 06:06:55
                                    Finished on |	May 31 06:16:17
       Mapping speed, Million of reads per hour |	157.03

                          Number of input reads |	24513829
                      Average input read length |	293
                                    UNIQUE READS:
                   Uniquely mapped reads number |	22041570
                        Uniquely mapped reads % |	89.91%
                          Average mapped length |	288.92
                       Number of splices: Total |	3914045
            Number of splices: Annotated (sjdb) |	3736944
                       Number of splices: GT/AG |	3908291
                       Number of splices: GC/AG |	1778
                       Number of splices: AT/AC |	1119
               Number of splices: Non-canonical |	2857
                      Mismatch rate per base, % |	0.36%
                         Deletion rate per base |	0.01%
                        Deletion average length |	1.46
                        Insertion rate per base |	0.03%
                       Insertion average length |	1.23
                             MULTI-MAPPING READS:
        Number of reads mapped to multiple loci |	2125717
             % of reads mapped to multiple loci |	8.67%
        Number of reads mapped to too many loci |	35748
             % of reads mapped to too many loci |	0.15%
                                  UNMAPPED READS:
       % of reads unmapped: too many mismatches |	0.01%
                 % of reads unmapped: too short |	0.97%
                     % of reads unmapped: other |	0.29%
                                  CHIMERIC READS:
                       Number of chimeric reads |	0
                            % of chimeric reads |	0.00%
