                                 Started job on |	May 31 13:34:24
                             Started mapping on |	May 31 13:34:26
                                    Finished on |	May 31 13:39:35
       Mapping speed, Million of reads per hour |	235.54

                          Number of input reads |	20217285
                      Average input read length |	292
                                    UNIQUE READS:
                   Uniquely mapped reads number |	12891829
                        Uniquely mapped reads % |	63.77%
                          Average mapped length |	251.90
                       Number of splices: Total |	1893934
            Number of splices: Annotated (sjdb) |	1826165
                       Number of splices: GT/AG |	1891998
                       Number of splices: GC/AG |	674
                       Number of splices: AT/AC |	345
               Number of splices: Non-canonical |	917
                      Mismatch rate per base, % |	0.35%
                         Deletion rate per base |	0.01%
                        Deletion average length |	1.38
                        Insertion rate per base |	0.02%
                       Insertion average length |	1.21
                             MULTI-MAPPING READS:
        Number of reads mapped to multiple loci |	7059110
             % of reads mapped to multiple loci |	34.92%
        Number of reads mapped to too many loci |	33482
             % of reads mapped to too many loci |	0.17%
                                  UNMAPPED READS:
       % of reads unmapped: too many mismatches |	0.01%
                 % of reads unmapped: too short |	0.93%
                     % of reads unmapped: other |	0.22%
                                  CHIMERIC READS:
                       Number of chimeric reads |	0
                            % of chimeric reads |	0.00%
