                                 Started job on |	Jun 20 00:11:08
                             Started mapping on |	Jun 20 00:11:10
                                    Finished on |	Jun 20 00:19:09
       Mapping speed, Million of reads per hour |	281.77

                          Number of input reads |	37491142
                      Average input read length |	295
                                    UNIQUE READS:
                   Uniquely mapped reads number |	35141903
                        Uniquely mapped reads % |	93.73%
                          Average mapped length |	291.34
                       Number of splices: Total |	10044816
            Number of splices: Annotated (sjdb) |	9231081
                       Number of splices: GT/AG |	9977171
                       Number of splices: GC/AG |	5386
                       Number of splices: AT/AC |	6001
               Number of splices: Non-canonical |	56258
                      Mismatch rate per base, % |	0.50%
                         Deletion rate per base |	0.02%
                        Deletion average length |	1.83
                        Insertion rate per base |	0.06%
                       Insertion average length |	1.84
                             MULTI-MAPPING READS:
        Number of reads mapped to multiple loci |	2281262
             % of reads mapped to multiple loci |	6.08%
        Number of reads mapped to too many loci |	15045
             % of reads mapped to too many loci |	0.04%
                                  UNMAPPED READS:
       % of reads unmapped: too many mismatches |	0.01%
                 % of reads unmapped: too short |	0.10%
                     % of reads unmapped: other |	0.03%
                                  CHIMERIC READS:
                       Number of chimeric reads |	0
                            % of chimeric reads |	0.00%
