                                 Started job on |	Jun 20 08:57:47
                             Started mapping on |	Jun 20 08:57:49
                                    Finished on |	Jun 20 09:11:35
       Mapping speed, Million of reads per hour |	212.62

                          Number of input reads |	48784203
                      Average input read length |	294
                                    UNIQUE READS:
                   Uniquely mapped reads number |	45142916
                        Uniquely mapped reads % |	92.54%
                          Average mapped length |	289.08
                       Number of splices: Total |	12478117
            Number of splices: Annotated (sjdb) |	11623079
                       Number of splices: GT/AG |	12390035
                       Number of splices: GC/AG |	14893
                       Number of splices: AT/AC |	6609
               Number of splices: Non-canonical |	66580
                      Mismatch rate per base, % |	0.62%
                         Deletion rate per base |	0.02%
                        Deletion average length |	1.85
                        Insertion rate per base |	0.06%
                       Insertion average length |	1.86
                             MULTI-MAPPING READS:
        Number of reads mapped to multiple loci |	3319759
             % of reads mapped to multiple loci |	6.80%
        Number of reads mapped to too many loci |	131182
             % of reads mapped to too many loci |	0.27%
                                  UNMAPPED READS:
       % of reads unmapped: too many mismatches |	0.22%
                 % of reads unmapped: too short |	0.13%
                     % of reads unmapped: other |	0.04%
                                  CHIMERIC READS:
                       Number of chimeric reads |	0
                            % of chimeric reads |	0.00%
