                                 Started job on |	May 30 22:35:50
                             Started mapping on |	May 30 22:35:52
                                    Finished on |	May 30 22:39:22
       Mapping speed, Million of reads per hour |	218.51

                          Number of input reads |	12746316
                      Average input read length |	292
                                    UNIQUE READS:
                   Uniquely mapped reads number |	9418410
                        Uniquely mapped reads % |	73.89%
                          Average mapped length |	215.09
                       Number of splices: Total |	1535745
            Number of splices: Annotated (sjdb) |	1409961
                       Number of splices: GT/AG |	1523972
                       Number of splices: GC/AG |	2770
                       Number of splices: AT/AC |	1426
               Number of splices: Non-canonical |	7577
                      Mismatch rate per base, % |	0.85%
                         Deletion rate per base |	0.02%
                        Deletion average length |	1.84
                        Insertion rate per base |	0.05%
                       Insertion average length |	2.07
                             MULTI-MAPPING READS:
        Number of reads mapped to multiple loci |	3191813
             % of reads mapped to multiple loci |	25.04%
        Number of reads mapped to too many loci |	9347
             % of reads mapped to too many loci |	0.07%
                                  UNMAPPED READS:
       % of reads unmapped: too many mismatches |	0.02%
                 % of reads unmapped: too short |	0.82%
                     % of reads unmapped: other |	0.15%
                                  CHIMERIC READS:
                       Number of chimeric reads |	0
                            % of chimeric reads |	0.00%
