                                 Started job on |	Jun 20 05:31:53
                             Started mapping on |	Jun 20 05:31:55
                                    Finished on |	Jun 20 05:42:08
       Mapping speed, Million of reads per hour |	267.96

                          Number of input reads |	45628247
                      Average input read length |	294
                                    UNIQUE READS:
                   Uniquely mapped reads number |	38520860
                        Uniquely mapped reads % |	84.42%
                          Average mapped length |	253.09
                       Number of splices: Total |	10763704
            Number of splices: Annotated (sjdb) |	10139215
                       Number of splices: GT/AG |	10707219
                       Number of splices: GC/AG |	9888
                       Number of splices: AT/AC |	4739
               Number of splices: Non-canonical |	41858
                      Mismatch rate per base, % |	0.54%
                         Deletion rate per base |	0.02%
                        Deletion average length |	1.85
                        Insertion rate per base |	0.05%
                       Insertion average length |	1.84
                             MULTI-MAPPING READS:
        Number of reads mapped to multiple loci |	6965074
             % of reads mapped to multiple loci |	15.26%
        Number of reads mapped to too many loci |	55510
             % of reads mapped to too many loci |	0.12%
                                  UNMAPPED READS:
       % of reads unmapped: too many mismatches |	0.09%
                 % of reads unmapped: too short |	0.08%
                     % of reads unmapped: other |	0.02%
                                  CHIMERIC READS:
                       Number of chimeric reads |	0
                            % of chimeric reads |	0.00%
