                                 Started job on |	Jun 08 02:35:17
                             Started mapping on |	Jun 08 02:35:18
                                    Finished on |	Jun 08 02:45:57
       Mapping speed, Million of reads per hour |	174.68

                          Number of input reads |	31006376
                      Average input read length |	295
                                    UNIQUE READS:
                   Uniquely mapped reads number |	27428631
                        Uniquely mapped reads % |	88.46%
                          Average mapped length |	273.77
                       Number of splices: Total |	7435757
            Number of splices: Annotated (sjdb) |	6796918
                       Number of splices: GT/AG |	7385865
                       Number of splices: GC/AG |	7327
                       Number of splices: AT/AC |	4713
               Number of splices: Non-canonical |	37852
                      Mismatch rate per base, % |	0.69%
                         Deletion rate per base |	0.02%
                        Deletion average length |	1.81
                        Insertion rate per base |	0.06%
                       Insertion average length |	1.86
                             MULTI-MAPPING READS:
        Number of reads mapped to multiple loci |	3482710
             % of reads mapped to multiple loci |	11.23%
        Number of reads mapped to too many loci |	23396
             % of reads mapped to too many loci |	0.08%
                                  UNMAPPED READS:
       % of reads unmapped: too many mismatches |	0.01%
                 % of reads unmapped: too short |	0.15%
                     % of reads unmapped: other |	0.07%
                                  CHIMERIC READS:
                       Number of chimeric reads |	0
                            % of chimeric reads |	0.00%
