                                 Started job on |	Jun 03 19:15:09
                             Started mapping on |	Jun 03 19:15:11
                                    Finished on |	Jun 03 19:18:09
       Mapping speed, Million of reads per hour |	187.74

                          Number of input reads |	9282709
                      Average input read length |	292
                                    UNIQUE READS:
                   Uniquely mapped reads number |	7898931
                        Uniquely mapped reads % |	85.09%
                          Average mapped length |	265.02
                       Number of splices: Total |	1524525
            Number of splices: Annotated (sjdb) |	1388985
                       Number of splices: GT/AG |	1504295
                       Number of splices: GC/AG |	3282
                       Number of splices: AT/AC |	2246
               Number of splices: Non-canonical |	14702
                      Mismatch rate per base, % |	0.90%
                         Deletion rate per base |	0.03%
                        Deletion average length |	1.87
                        Insertion rate per base |	0.06%
                       Insertion average length |	2.17
                             MULTI-MAPPING READS:
        Number of reads mapped to multiple loci |	1194840
             % of reads mapped to multiple loci |	12.87%
        Number of reads mapped to too many loci |	12700
             % of reads mapped to too many loci |	0.14%
                                  UNMAPPED READS:
       % of reads unmapped: too many mismatches |	0.03%
                 % of reads unmapped: too short |	1.69%
                     % of reads unmapped: other |	0.18%
                                  CHIMERIC READS:
                       Number of chimeric reads |	0
                            % of chimeric reads |	0.00%
