                                 Started job on |	Jun 13 17:39:59
                             Started mapping on |	Jun 13 17:40:01
                                    Finished on |	Jun 13 17:52:51
       Mapping speed, Million of reads per hour |	170.00

                          Number of input reads |	36361905
                      Average input read length |	295
                                    UNIQUE READS:
                   Uniquely mapped reads number |	34014217
                        Uniquely mapped reads % |	93.54%
                          Average mapped length |	290.75
                       Number of splices: Total |	9237621
            Number of splices: Annotated (sjdb) |	8408528
                       Number of splices: GT/AG |	9177432
                       Number of splices: GC/AG |	6753
                       Number of splices: AT/AC |	6052
               Number of splices: Non-canonical |	47384
                      Mismatch rate per base, % |	0.64%
                         Deletion rate per base |	0.02%
                        Deletion average length |	1.82
                        Insertion rate per base |	0.06%
                       Insertion average length |	1.84
                             MULTI-MAPPING READS:
        Number of reads mapped to multiple loci |	2233118
             % of reads mapped to multiple loci |	6.14%
        Number of reads mapped to too many loci |	33416
             % of reads mapped to too many loci |	0.09%
                                  UNMAPPED READS:
       % of reads unmapped: too many mismatches |	0.01%
                 % of reads unmapped: too short |	0.15%
                     % of reads unmapped: other |	0.07%
                                  CHIMERIC READS:
                       Number of chimeric reads |	0
                            % of chimeric reads |	0.00%
