                                 Started job on |	Jun 20 02:41:18
                             Started mapping on |	Jun 20 02:41:20
                                    Finished on |	Jun 20 02:48:54
       Mapping speed, Million of reads per hour |	304.91

                          Number of input reads |	38452020
                      Average input read length |	294
                                    UNIQUE READS:
                   Uniquely mapped reads number |	32432639
                        Uniquely mapped reads % |	84.35%
                          Average mapped length |	254.91
                       Number of splices: Total |	9271757
            Number of splices: Annotated (sjdb) |	8719003
                       Number of splices: GT/AG |	9221991
                       Number of splices: GC/AG |	7149
                       Number of splices: AT/AC |	4365
               Number of splices: Non-canonical |	38252
                      Mismatch rate per base, % |	0.48%
                         Deletion rate per base |	0.02%
                        Deletion average length |	1.85
                        Insertion rate per base |	0.05%
                       Insertion average length |	1.81
                             MULTI-MAPPING READS:
        Number of reads mapped to multiple loci |	5952386
             % of reads mapped to multiple loci |	15.48%
        Number of reads mapped to too many loci |	23019
             % of reads mapped to too many loci |	0.06%
                                  UNMAPPED READS:
       % of reads unmapped: too many mismatches |	0.04%
                 % of reads unmapped: too short |	0.05%
                     % of reads unmapped: other |	0.02%
                                  CHIMERIC READS:
                       Number of chimeric reads |	0
                            % of chimeric reads |	0.00%
