                                 Started job on |	May 31 06:05:40
                             Started mapping on |	May 31 06:05:42
                                    Finished on |	May 31 06:08:53
       Mapping speed, Million of reads per hour |	245.15

                          Number of input reads |	13006621
                      Average input read length |	292
                                    UNIQUE READS:
                   Uniquely mapped reads number |	9673147
                        Uniquely mapped reads % |	74.37%
                          Average mapped length |	190.72
                       Number of splices: Total |	1820137
            Number of splices: Annotated (sjdb) |	1711092
                       Number of splices: GT/AG |	1810181
                       Number of splices: GC/AG |	2449
                       Number of splices: AT/AC |	1526
               Number of splices: Non-canonical |	5981
                      Mismatch rate per base, % |	0.71%
                         Deletion rate per base |	0.02%
                        Deletion average length |	1.84
                        Insertion rate per base |	0.05%
                       Insertion average length |	2.06
                             MULTI-MAPPING READS:
        Number of reads mapped to multiple loci |	3244082
             % of reads mapped to multiple loci |	24.94%
        Number of reads mapped to too many loci |	7564
             % of reads mapped to too many loci |	0.06%
                                  UNMAPPED READS:
       % of reads unmapped: too many mismatches |	0.01%
                 % of reads unmapped: too short |	0.53%
                     % of reads unmapped: other |	0.09%
                                  CHIMERIC READS:
                       Number of chimeric reads |	0
                            % of chimeric reads |	0.00%
