                                 Started job on |	Jun 06 06:55:25
                             Started mapping on |	Jun 06 06:55:27
                                    Finished on |	Jun 06 07:02:15
       Mapping speed, Million of reads per hour |	165.31

                          Number of input reads |	18734836
                      Average input read length |	293
                                    UNIQUE READS:
                   Uniquely mapped reads number |	16392392
                        Uniquely mapped reads % |	87.50%
                          Average mapped length |	269.07
                       Number of splices: Total |	3656260
            Number of splices: Annotated (sjdb) |	3342363
                       Number of splices: GT/AG |	3607458
                       Number of splices: GC/AG |	9389
                       Number of splices: AT/AC |	5065
               Number of splices: Non-canonical |	34348
                      Mismatch rate per base, % |	0.90%
                         Deletion rate per base |	0.02%
                        Deletion average length |	1.87
                        Insertion rate per base |	0.06%
                       Insertion average length |	2.22
                             MULTI-MAPPING READS:
        Number of reads mapped to multiple loci |	2136048
             % of reads mapped to multiple loci |	11.40%
        Number of reads mapped to too many loci |	20792
             % of reads mapped to too many loci |	0.11%
                                  UNMAPPED READS:
       % of reads unmapped: too many mismatches |	0.02%
                 % of reads unmapped: too short |	0.81%
                     % of reads unmapped: other |	0.16%
                                  CHIMERIC READS:
                       Number of chimeric reads |	0
                            % of chimeric reads |	0.00%
