                                 Started job on |	Jun 07 22:35:06
                             Started mapping on |	Jun 07 22:35:08
                                    Finished on |	Jun 07 22:41:16
       Mapping speed, Million of reads per hour |	181.87

                          Number of input reads |	18590861
                      Average input read length |	293
                                    UNIQUE READS:
                   Uniquely mapped reads number |	15567991
                        Uniquely mapped reads % |	83.74%
                          Average mapped length |	250.78
                       Number of splices: Total |	3619998
            Number of splices: Annotated (sjdb) |	3322767
                       Number of splices: GT/AG |	3575862
                       Number of splices: GC/AG |	9114
                       Number of splices: AT/AC |	3266
               Number of splices: Non-canonical |	31756
                      Mismatch rate per base, % |	0.87%
                         Deletion rate per base |	0.02%
                        Deletion average length |	1.85
                        Insertion rate per base |	0.06%
                       Insertion average length |	2.27
                             MULTI-MAPPING READS:
        Number of reads mapped to multiple loci |	2881882
             % of reads mapped to multiple loci |	15.50%
        Number of reads mapped to too many loci |	14368
             % of reads mapped to too many loci |	0.08%
                                  UNMAPPED READS:
       % of reads unmapped: too many mismatches |	0.01%
                 % of reads unmapped: too short |	0.53%
                     % of reads unmapped: other |	0.14%
                                  CHIMERIC READS:
                       Number of chimeric reads |	0
                            % of chimeric reads |	0.00%
