                                 Started job on |	Jun 06 04:17:42
                             Started mapping on |	Jun 06 04:17:44
                                    Finished on |	Jun 06 04:22:51
       Mapping speed, Million of reads per hour |	170.73

                          Number of input reads |	14559362
                      Average input read length |	293
                                    UNIQUE READS:
                   Uniquely mapped reads number |	12621839
                        Uniquely mapped reads % |	86.69%
                          Average mapped length |	268.07
                       Number of splices: Total |	2682589
            Number of splices: Annotated (sjdb) |	2468600
                       Number of splices: GT/AG |	2652167
                       Number of splices: GC/AG |	4592
                       Number of splices: AT/AC |	4286
               Number of splices: Non-canonical |	21544
                      Mismatch rate per base, % |	0.89%
                         Deletion rate per base |	0.02%
                        Deletion average length |	1.86
                        Insertion rate per base |	0.06%
                       Insertion average length |	2.14
                             MULTI-MAPPING READS:
        Number of reads mapped to multiple loci |	1731833
             % of reads mapped to multiple loci |	11.89%
        Number of reads mapped to too many loci |	16135
             % of reads mapped to too many loci |	0.11%
                                  UNMAPPED READS:
       % of reads unmapped: too many mismatches |	0.02%
                 % of reads unmapped: too short |	1.09%
                     % of reads unmapped: other |	0.19%
                                  CHIMERIC READS:
                       Number of chimeric reads |	0
                            % of chimeric reads |	0.00%
