                                 Started job on |	Jun 06 05:28:16
                             Started mapping on |	Jun 06 05:28:18
                                    Finished on |	Jun 06 05:34:16
       Mapping speed, Million of reads per hour |	147.68

                          Number of input reads |	14685927
                      Average input read length |	292
                                    UNIQUE READS:
                   Uniquely mapped reads number |	13364701
                        Uniquely mapped reads % |	91.00%
                          Average mapped length |	285.51
                       Number of splices: Total |	2933325
            Number of splices: Annotated (sjdb) |	2669666
                       Number of splices: GT/AG |	2891575
                       Number of splices: GC/AG |	6776
                       Number of splices: AT/AC |	4834
               Number of splices: Non-canonical |	30140
                      Mismatch rate per base, % |	0.95%
                         Deletion rate per base |	0.03%
                        Deletion average length |	1.87
                        Insertion rate per base |	0.07%
                       Insertion average length |	2.18
                             MULTI-MAPPING READS:
        Number of reads mapped to multiple loci |	1087239
             % of reads mapped to multiple loci |	7.40%
        Number of reads mapped to too many loci |	17895
             % of reads mapped to too many loci |	0.12%
                                  UNMAPPED READS:
       % of reads unmapped: too many mismatches |	0.02%
                 % of reads unmapped: too short |	1.24%
                     % of reads unmapped: other |	0.21%
                                  CHIMERIC READS:
                       Number of chimeric reads |	0
                            % of chimeric reads |	0.00%
