                                 Started job on |	Jun 13 22:34:29
                             Started mapping on |	Jun 13 22:34:31
                                    Finished on |	Jun 13 22:47:03
       Mapping speed, Million of reads per hour |	183.69

                          Number of input reads |	38371232
                      Average input read length |	295
                                    UNIQUE READS:
                   Uniquely mapped reads number |	36145364
                        Uniquely mapped reads % |	94.20%
                          Average mapped length |	291.25
                       Number of splices: Total |	10261472
            Number of splices: Annotated (sjdb) |	9376144
                       Number of splices: GT/AG |	10198196
                       Number of splices: GC/AG |	5052
                       Number of splices: AT/AC |	6187
               Number of splices: Non-canonical |	52037
                      Mismatch rate per base, % |	0.53%
                         Deletion rate per base |	0.02%
                        Deletion average length |	1.82
                        Insertion rate per base |	0.06%
                       Insertion average length |	1.83
                             MULTI-MAPPING READS:
        Number of reads mapped to multiple loci |	2143557
             % of reads mapped to multiple loci |	5.59%
        Number of reads mapped to too many loci |	18523
             % of reads mapped to too many loci |	0.05%
                                  UNMAPPED READS:
       % of reads unmapped: too many mismatches |	0.01%
                 % of reads unmapped: too short |	0.12%
                     % of reads unmapped: other |	0.04%
                                  CHIMERIC READS:
                       Number of chimeric reads |	0
                            % of chimeric reads |	0.00%
