                                 Started job on |	Jun 09 21:20:36
                             Started mapping on |	Jun 09 21:20:37
                                    Finished on |	Jun 09 21:30:21
       Mapping speed, Million of reads per hour |	202.66

                          Number of input reads |	32876634
                      Average input read length |	294
                                    UNIQUE READS:
                   Uniquely mapped reads number |	26309003
                        Uniquely mapped reads % |	80.02%
                          Average mapped length |	258.13
                       Number of splices: Total |	5933282
            Number of splices: Annotated (sjdb) |	5697707
                       Number of splices: GT/AG |	5928135
                       Number of splices: GC/AG |	1394
                       Number of splices: AT/AC |	814
               Number of splices: Non-canonical |	2939
                      Mismatch rate per base, % |	0.34%
                         Deletion rate per base |	0.01%
                        Deletion average length |	1.48
                        Insertion rate per base |	0.03%
                       Insertion average length |	1.23
                             MULTI-MAPPING READS:
        Number of reads mapped to multiple loci |	6388786
             % of reads mapped to multiple loci |	19.43%
        Number of reads mapped to too many loci |	29435
             % of reads mapped to too many loci |	0.09%
                                  UNMAPPED READS:
       % of reads unmapped: too many mismatches |	0.00%
                 % of reads unmapped: too short |	0.16%
                     % of reads unmapped: other |	0.29%
                                  CHIMERIC READS:
                       Number of chimeric reads |	0
                            % of chimeric reads |	0.00%
