                                 Started job on |	Jun 19 03:59:50
                             Started mapping on |	Jun 19 03:59:51
                                    Finished on |	Jun 19 04:09:23
       Mapping speed, Million of reads per hour |	334.53

                          Number of input reads |	53153403
                      Average input read length |	296
                                    UNIQUE READS:
                   Uniquely mapped reads number |	44779051
                        Uniquely mapped reads % |	84.24%
                          Average mapped length |	271.50
                       Number of splices: Total |	12203673
            Number of splices: Annotated (sjdb) |	11675960
                       Number of splices: GT/AG |	12186776
                       Number of splices: GC/AG |	6194
                       Number of splices: AT/AC |	2318
               Number of splices: Non-canonical |	8385
                      Mismatch rate per base, % |	0.30%
                         Deletion rate per base |	0.02%
                        Deletion average length |	1.48
                        Insertion rate per base |	0.02%
                       Insertion average length |	1.29
                             MULTI-MAPPING READS:
        Number of reads mapped to multiple loci |	8055953
             % of reads mapped to multiple loci |	15.16%
        Number of reads mapped to too many loci |	32493
             % of reads mapped to too many loci |	0.06%
                                  UNMAPPED READS:
       % of reads unmapped: too many mismatches |	0.00%
                 % of reads unmapped: too short |	0.03%
                     % of reads unmapped: other |	0.51%
                                  CHIMERIC READS:
                       Number of chimeric reads |	0
                            % of chimeric reads |	0.00%
