                                 Started job on |	Jun 17 13:54:32
                             Started mapping on |	Jun 17 13:54:34
                                    Finished on |	Jun 17 14:06:04
       Mapping speed, Million of reads per hour |	204.76

                          Number of input reads |	39246155
                      Average input read length |	295
                                    UNIQUE READS:
                   Uniquely mapped reads number |	33089533
                        Uniquely mapped reads % |	84.31%
                          Average mapped length |	269.66
                       Number of splices: Total |	8927645
            Number of splices: Annotated (sjdb) |	8551670
                       Number of splices: GT/AG |	8918902
                       Number of splices: GC/AG |	3046
                       Number of splices: AT/AC |	1357
               Number of splices: Non-canonical |	4340
                      Mismatch rate per base, % |	0.30%
                         Deletion rate per base |	0.01%
                        Deletion average length |	1.50
                        Insertion rate per base |	0.03%
                       Insertion average length |	1.22
                             MULTI-MAPPING READS:
        Number of reads mapped to multiple loci |	5943679
             % of reads mapped to multiple loci |	15.14%
        Number of reads mapped to too many loci |	25036
             % of reads mapped to too many loci |	0.06%
                                  UNMAPPED READS:
       % of reads unmapped: too many mismatches |	0.00%
                 % of reads unmapped: too short |	0.06%
                     % of reads unmapped: other |	0.42%
                                  CHIMERIC READS:
                       Number of chimeric reads |	0
                            % of chimeric reads |	0.00%
