                                 Started job on |	Jun 17 16:53:09
                             Started mapping on |	Jun 17 16:53:11
                                    Finished on |	Jun 17 17:06:10
       Mapping speed, Million of reads per hour |	213.27

                          Number of input reads |	46150019
                      Average input read length |	295
                                    UNIQUE READS:
                   Uniquely mapped reads number |	34316656
                        Uniquely mapped reads % |	74.36%
                          Average mapped length |	242.83
                       Number of splices: Total |	9572076
            Number of splices: Annotated (sjdb) |	9198056
                       Number of splices: GT/AG |	9560938
                       Number of splices: GC/AG |	4421
                       Number of splices: AT/AC |	1441
               Number of splices: Non-canonical |	5276
                      Mismatch rate per base, % |	0.30%
                         Deletion rate per base |	0.01%
                        Deletion average length |	1.48
                        Insertion rate per base |	0.02%
                       Insertion average length |	1.26
                             MULTI-MAPPING READS:
        Number of reads mapped to multiple loci |	11624312
             % of reads mapped to multiple loci |	25.19%
        Number of reads mapped to too many loci |	26153
             % of reads mapped to too many loci |	0.06%
                                  UNMAPPED READS:
       % of reads unmapped: too many mismatches |	0.00%
                 % of reads unmapped: too short |	0.02%
                     % of reads unmapped: other |	0.37%
                                  CHIMERIC READS:
                       Number of chimeric reads |	0
                            % of chimeric reads |	0.00%
