                                 Started job on |	Jun 13 11:13:03
                             Started mapping on |	Jun 13 11:13:05
                                    Finished on |	Jun 13 11:23:10
       Mapping speed, Million of reads per hour |	201.20

                          Number of input reads |	33812213
                      Average input read length |	294
                                    UNIQUE READS:
                   Uniquely mapped reads number |	26010844
                        Uniquely mapped reads % |	76.93%
                          Average mapped length |	249.50
                       Number of splices: Total |	7098694
            Number of splices: Annotated (sjdb) |	6809506
                       Number of splices: GT/AG |	7092984
                       Number of splices: GC/AG |	1682
                       Number of splices: AT/AC |	863
               Number of splices: Non-canonical |	3165
                      Mismatch rate per base, % |	0.31%
                         Deletion rate per base |	0.01%
                        Deletion average length |	1.51
                        Insertion rate per base |	0.03%
                       Insertion average length |	1.23
                             MULTI-MAPPING READS:
        Number of reads mapped to multiple loci |	7610196
             % of reads mapped to multiple loci |	22.51%
        Number of reads mapped to too many loci |	30236
             % of reads mapped to too many loci |	0.09%
                                  UNMAPPED READS:
       % of reads unmapped: too many mismatches |	0.00%
                 % of reads unmapped: too short |	0.08%
                     % of reads unmapped: other |	0.40%
                                  CHIMERIC READS:
                       Number of chimeric reads |	0
                            % of chimeric reads |	0.00%
