                                 Started job on |	May 31 12:46:41
                             Started mapping on |	May 31 12:46:44
                                    Finished on |	May 31 13:00:02
       Mapping speed, Million of reads per hour |	194.87

                          Number of input reads |	43195281
                      Average input read length |	295
                                    UNIQUE READS:
                   Uniquely mapped reads number |	30887203
                        Uniquely mapped reads % |	71.51%
                          Average mapped length |	277.32
                       Number of splices: Total |	5029459
            Number of splices: Annotated (sjdb) |	4837231
                       Number of splices: GT/AG |	5024324
                       Number of splices: GC/AG |	1492
                       Number of splices: AT/AC |	1044
               Number of splices: Non-canonical |	2599
                      Mismatch rate per base, % |	0.31%
                         Deletion rate per base |	0.01%
                        Deletion average length |	1.39
                        Insertion rate per base |	0.02%
                       Insertion average length |	1.21
                             MULTI-MAPPING READS:
        Number of reads mapped to multiple loci |	12056451
             % of reads mapped to multiple loci |	27.91%
        Number of reads mapped to too many loci |	28293
             % of reads mapped to too many loci |	0.07%
                                  UNMAPPED READS:
       % of reads unmapped: too many mismatches |	0.00%
                 % of reads unmapped: too short |	0.25%
                     % of reads unmapped: other |	0.26%
                                  CHIMERIC READS:
                       Number of chimeric reads |	0
                            % of chimeric reads |	0.00%
