                                 Started job on |	Jun 10 01:33:56
                             Started mapping on |	Jun 10 01:33:58
                                    Finished on |	Jun 10 01:45:09
       Mapping speed, Million of reads per hour |	214.36

                          Number of input reads |	39954191
                      Average input read length |	295
                                    UNIQUE READS:
                   Uniquely mapped reads number |	31414901
                        Uniquely mapped reads % |	78.63%
                          Average mapped length |	262.44
                       Number of splices: Total |	7927158
            Number of splices: Annotated (sjdb) |	7637832
                       Number of splices: GT/AG |	7920117
                       Number of splices: GC/AG |	1997
                       Number of splices: AT/AC |	1045
               Number of splices: Non-canonical |	3999
                      Mismatch rate per base, % |	0.29%
                         Deletion rate per base |	0.01%
                        Deletion average length |	1.38
                        Insertion rate per base |	0.03%
                       Insertion average length |	1.20
                             MULTI-MAPPING READS:
        Number of reads mapped to multiple loci |	8257288
             % of reads mapped to multiple loci |	20.67%
        Number of reads mapped to too many loci |	48618
             % of reads mapped to too many loci |	0.12%
                                  UNMAPPED READS:
       % of reads unmapped: too many mismatches |	0.00%
                 % of reads unmapped: too short |	0.08%
                     % of reads unmapped: other |	0.51%
                                  CHIMERIC READS:
                       Number of chimeric reads |	0
                            % of chimeric reads |	0.00%
