                                 Started job on |	Jun 09 23:09:00
                             Started mapping on |	Jun 09 23:09:02
                                    Finished on |	Jun 09 23:17:19
       Mapping speed, Million of reads per hour |	189.57

                          Number of input reads |	26171788
                      Average input read length |	294
                                    UNIQUE READS:
                   Uniquely mapped reads number |	22474187
                        Uniquely mapped reads % |	85.87%
                          Average mapped length |	276.08
                       Number of splices: Total |	5021471
            Number of splices: Annotated (sjdb) |	4784222
                       Number of splices: GT/AG |	5015955
                       Number of splices: GC/AG |	1387
                       Number of splices: AT/AC |	847
               Number of splices: Non-canonical |	3282
                      Mismatch rate per base, % |	0.34%
                         Deletion rate per base |	0.01%
                        Deletion average length |	1.49
                        Insertion rate per base |	0.03%
                       Insertion average length |	1.23
                             MULTI-MAPPING READS:
        Number of reads mapped to multiple loci |	3540059
             % of reads mapped to multiple loci |	13.53%
        Number of reads mapped to too many loci |	23711
             % of reads mapped to too many loci |	0.09%
                                  UNMAPPED READS:
       % of reads unmapped: too many mismatches |	0.00%
                 % of reads unmapped: too short |	0.19%
                     % of reads unmapped: other |	0.32%
                                  CHIMERIC READS:
                       Number of chimeric reads |	0
                            % of chimeric reads |	0.00%
