                                 Started job on |	Jun 03 20:46:01
                             Started mapping on |	Jun 03 20:46:02
                                    Finished on |	Jun 03 20:53:00
       Mapping speed, Million of reads per hour |	248.52

                          Number of input reads |	28855852
                      Average input read length |	292
                                    UNIQUE READS:
                   Uniquely mapped reads number |	24703910
                        Uniquely mapped reads % |	85.61%
                          Average mapped length |	273.61
                       Number of splices: Total |	4421543
            Number of splices: Annotated (sjdb) |	4215289
                       Number of splices: GT/AG |	4416354
                       Number of splices: GC/AG |	1735
                       Number of splices: AT/AC |	902
               Number of splices: Non-canonical |	2552
                      Mismatch rate per base, % |	0.36%
                         Deletion rate per base |	0.02%
                        Deletion average length |	1.50
                        Insertion rate per base |	0.03%
                       Insertion average length |	1.26
                             MULTI-MAPPING READS:
        Number of reads mapped to multiple loci |	3986266
             % of reads mapped to multiple loci |	13.81%
        Number of reads mapped to too many loci |	29129
             % of reads mapped to too many loci |	0.10%
                                  UNMAPPED READS:
       % of reads unmapped: too many mismatches |	0.00%
                 % of reads unmapped: too short |	0.31%
                     % of reads unmapped: other |	0.16%
                                  CHIMERIC READS:
                       Number of chimeric reads |	0
                            % of chimeric reads |	0.00%
