                                 Started job on |	Jun 06 18:28:35
                             Started mapping on |	Jun 06 18:28:38
                                    Finished on |	Jun 06 18:37:34
       Mapping speed, Million of reads per hour |	191.38

                          Number of input reads |	28494977
                      Average input read length |	293
                                    UNIQUE READS:
                   Uniquely mapped reads number |	21469609
                        Uniquely mapped reads % |	75.35%
                          Average mapped length |	247.96
                       Number of splices: Total |	4456385
            Number of splices: Annotated (sjdb) |	4280100
                       Number of splices: GT/AG |	4452334
                       Number of splices: GC/AG |	1376
                       Number of splices: AT/AC |	622
               Number of splices: Non-canonical |	2053
                      Mismatch rate per base, % |	0.32%
                         Deletion rate per base |	0.01%
                        Deletion average length |	1.50
                        Insertion rate per base |	0.03%
                       Insertion average length |	1.25
                             MULTI-MAPPING READS:
        Number of reads mapped to multiple loci |	6918448
             % of reads mapped to multiple loci |	24.28%
        Number of reads mapped to too many loci |	19255
             % of reads mapped to too many loci |	0.07%
                                  UNMAPPED READS:
       % of reads unmapped: too many mismatches |	0.00%
                 % of reads unmapped: too short |	0.16%
                     % of reads unmapped: other |	0.14%
                                  CHIMERIC READS:
                       Number of chimeric reads |	0
                            % of chimeric reads |	0.00%
