                                 Started job on |	Jun 13 08:51:12
                             Started mapping on |	Jun 13 08:51:14
                                    Finished on |	Jun 13 09:01:33
       Mapping speed, Million of reads per hour |	206.82

                          Number of input reads |	35562382
                      Average input read length |	294
                                    UNIQUE READS:
                   Uniquely mapped reads number |	26193060
                        Uniquely mapped reads % |	73.65%
                          Average mapped length |	238.76
                       Number of splices: Total |	6853894
            Number of splices: Annotated (sjdb) |	6587206
                       Number of splices: GT/AG |	6848373
                       Number of splices: GC/AG |	1802
                       Number of splices: AT/AC |	809
               Number of splices: Non-canonical |	2910
                      Mismatch rate per base, % |	0.30%
                         Deletion rate per base |	0.01%
                        Deletion average length |	1.51
                        Insertion rate per base |	0.03%
                       Insertion average length |	1.24
                             MULTI-MAPPING READS:
        Number of reads mapped to multiple loci |	9148924
             % of reads mapped to multiple loci |	25.73%
        Number of reads mapped to too many loci |	35596
             % of reads mapped to too many loci |	0.10%
                                  UNMAPPED READS:
       % of reads unmapped: too many mismatches |	0.00%
                 % of reads unmapped: too short |	0.07%
                     % of reads unmapped: other |	0.45%
                                  CHIMERIC READS:
                       Number of chimeric reads |	0
                            % of chimeric reads |	0.00%
