                                 Started job on |	May 31 04:08:04
                             Started mapping on |	May 31 04:08:06
                                    Finished on |	May 31 04:17:37
       Mapping speed, Million of reads per hour |	191.37

                          Number of input reads |	30352765
                      Average input read length |	292
                                    UNIQUE READS:
                   Uniquely mapped reads number |	26065597
                        Uniquely mapped reads % |	85.88%
                          Average mapped length |	273.22
                       Number of splices: Total |	4410100
            Number of splices: Annotated (sjdb) |	4203023
                       Number of splices: GT/AG |	4404525
                       Number of splices: GC/AG |	1991
                       Number of splices: AT/AC |	871
               Number of splices: Non-canonical |	2713
                      Mismatch rate per base, % |	0.35%
                         Deletion rate per base |	0.02%
                        Deletion average length |	1.47
                        Insertion rate per base |	0.03%
                       Insertion average length |	1.26
                             MULTI-MAPPING READS:
        Number of reads mapped to multiple loci |	4127296
             % of reads mapped to multiple loci |	13.60%
        Number of reads mapped to too many loci |	30048
             % of reads mapped to too many loci |	0.10%
                                  UNMAPPED READS:
       % of reads unmapped: too many mismatches |	0.00%
                 % of reads unmapped: too short |	0.26%
                     % of reads unmapped: other |	0.17%
                                  CHIMERIC READS:
                       Number of chimeric reads |	0
                            % of chimeric reads |	0.00%
