                                 Started job on |	Jun 13 06:14:43
                             Started mapping on |	Jun 13 06:14:46
                                    Finished on |	Jun 13 06:26:25
       Mapping speed, Million of reads per hour |	191.77

                          Number of input reads |	37234565
                      Average input read length |	295
                                    UNIQUE READS:
                   Uniquely mapped reads number |	31700010
                        Uniquely mapped reads % |	85.14%
                          Average mapped length |	278.83
                       Number of splices: Total |	7957914
            Number of splices: Annotated (sjdb) |	7616217
                       Number of splices: GT/AG |	7950127
                       Number of splices: GC/AG |	2065
                       Number of splices: AT/AC |	1115
               Number of splices: Non-canonical |	4607
                      Mismatch rate per base, % |	0.30%
                         Deletion rate per base |	0.01%
                        Deletion average length |	1.42
                        Insertion rate per base |	0.03%
                       Insertion average length |	1.21
                             MULTI-MAPPING READS:
        Number of reads mapped to multiple loci |	5221559
             % of reads mapped to multiple loci |	14.02%
        Number of reads mapped to too many loci |	43590
             % of reads mapped to too many loci |	0.12%
                                  UNMAPPED READS:
       % of reads unmapped: too many mismatches |	0.00%
                 % of reads unmapped: too short |	0.08%
                     % of reads unmapped: other |	0.64%
                                  CHIMERIC READS:
                       Number of chimeric reads |	0
                            % of chimeric reads |	0.00%
