                                 Started job on |	Jun 17 10:54:15
                             Started mapping on |	Jun 17 10:54:18
                                    Finished on |	Jun 17 11:08:05
       Mapping speed, Million of reads per hour |	175.91

                          Number of input reads |	40410997
                      Average input read length |	295
                                    UNIQUE READS:
                   Uniquely mapped reads number |	34980228
                        Uniquely mapped reads % |	86.56%
                          Average mapped length |	277.88
                       Number of splices: Total |	9403406
            Number of splices: Annotated (sjdb) |	8994922
                       Number of splices: GT/AG |	9394508
                       Number of splices: GC/AG |	2702
                       Number of splices: AT/AC |	1390
               Number of splices: Non-canonical |	4806
                      Mismatch rate per base, % |	0.31%
                         Deletion rate per base |	0.01%
                        Deletion average length |	1.51
                        Insertion rate per base |	0.03%
                       Insertion average length |	1.24
                             MULTI-MAPPING READS:
        Number of reads mapped to multiple loci |	5200205
             % of reads mapped to multiple loci |	12.87%
        Number of reads mapped to too many loci |	25585
             % of reads mapped to too many loci |	0.06%
                                  UNMAPPED READS:
       % of reads unmapped: too many mismatches |	0.00%
                 % of reads unmapped: too short |	0.09%
                     % of reads unmapped: other |	0.41%
                                  CHIMERIC READS:
                       Number of chimeric reads |	0
                            % of chimeric reads |	0.00%
