                                 Started job on |	Jun 04 23:47:14
                             Started mapping on |	Jun 04 23:47:16
                                    Finished on |	Jun 05 00:05:56
       Mapping speed, Million of reads per hour |	123.24

                          Number of input reads |	38342212
                      Average input read length |	294
                                    UNIQUE READS:
                   Uniquely mapped reads number |	35250558
                        Uniquely mapped reads % |	91.94%
                          Average mapped length |	291.33
                       Number of splices: Total |	6900207
            Number of splices: Annotated (sjdb) |	6579278
                       Number of splices: GT/AG |	6891870
                       Number of splices: GC/AG |	2103
                       Number of splices: AT/AC |	1315
               Number of splices: Non-canonical |	4919
                      Mismatch rate per base, % |	0.34%
                         Deletion rate per base |	0.02%
                        Deletion average length |	1.50
                        Insertion rate per base |	0.03%
                       Insertion average length |	1.25
                             MULTI-MAPPING READS:
        Number of reads mapped to multiple loci |	2868189
             % of reads mapped to multiple loci |	7.48%
        Number of reads mapped to too many loci |	34129
             % of reads mapped to too many loci |	0.09%
                                  UNMAPPED READS:
       % of reads unmapped: too many mismatches |	0.00%
                 % of reads unmapped: too short |	0.30%
                     % of reads unmapped: other |	0.19%
                                  CHIMERIC READS:
                       Number of chimeric reads |	0
                            % of chimeric reads |	0.00%
