                                 Started job on |	Jun 06 16:02:25
                             Started mapping on |	Jun 06 16:02:28
                                    Finished on |	Jun 06 16:14:00
       Mapping speed, Million of reads per hour |	170.07

                          Number of input reads |	32691395
                      Average input read length |	294
                                    UNIQUE READS:
                   Uniquely mapped reads number |	27889413
                        Uniquely mapped reads % |	85.31%
                          Average mapped length |	274.53
                       Number of splices: Total |	5398561
            Number of splices: Annotated (sjdb) |	5163454
                       Number of splices: GT/AG |	5392765
                       Number of splices: GC/AG |	1660
                       Number of splices: AT/AC |	989
               Number of splices: Non-canonical |	3147
                      Mismatch rate per base, % |	0.34%
                         Deletion rate per base |	0.01%
                        Deletion average length |	1.50
                        Insertion rate per base |	0.03%
                       Insertion average length |	1.25
                             MULTI-MAPPING READS:
        Number of reads mapped to multiple loci |	4596544
             % of reads mapped to multiple loci |	14.06%
        Number of reads mapped to too many loci |	30223
             % of reads mapped to too many loci |	0.09%
                                  UNMAPPED READS:
       % of reads unmapped: too many mismatches |	0.01%
                 % of reads unmapped: too short |	0.35%
                     % of reads unmapped: other |	0.18%
                                  CHIMERIC READS:
                       Number of chimeric reads |	0
                            % of chimeric reads |	0.00%
