                                 Started job on |	Jun 06 06:40:37
                             Started mapping on |	Jun 06 06:40:39
                                    Finished on |	Jun 06 06:51:54
       Mapping speed, Million of reads per hour |	176.99

                          Number of input reads |	33186170
                      Average input read length |	295
                                    UNIQUE READS:
                   Uniquely mapped reads number |	31101793
                        Uniquely mapped reads % |	93.72%
                          Average mapped length |	292.44
                       Number of splices: Total |	5818742
            Number of splices: Annotated (sjdb) |	5546639
                       Number of splices: GT/AG |	5810307
                       Number of splices: GC/AG |	2348
                       Number of splices: AT/AC |	1362
               Number of splices: Non-canonical |	4725
                      Mismatch rate per base, % |	0.39%
                         Deletion rate per base |	0.01%
                        Deletion average length |	1.46
                        Insertion rate per base |	0.02%
                       Insertion average length |	1.23
                             MULTI-MAPPING READS:
        Number of reads mapped to multiple loci |	1873987
             % of reads mapped to multiple loci |	5.65%
        Number of reads mapped to too many loci |	28116
             % of reads mapped to too many loci |	0.08%
                                  UNMAPPED READS:
       % of reads unmapped: too many mismatches |	0.00%
                 % of reads unmapped: too short |	0.24%
                     % of reads unmapped: other |	0.31%
                                  CHIMERIC READS:
                       Number of chimeric reads |	0
                            % of chimeric reads |	0.00%
