                                 Started job on |	Jun 12 17:03:00
                             Started mapping on |	Jun 12 17:03:04
                                    Finished on |	Jun 12 17:13:22
       Mapping speed, Million of reads per hour |	177.62

                          Number of input reads |	30491368
                      Average input read length |	294
                                    UNIQUE READS:
                   Uniquely mapped reads number |	28005910
                        Uniquely mapped reads % |	91.85%
                          Average mapped length |	291.42
                       Number of splices: Total |	6739647
            Number of splices: Annotated (sjdb) |	6393110
                       Number of splices: GT/AG |	6732126
                       Number of splices: GC/AG |	1810
                       Number of splices: AT/AC |	1189
               Number of splices: Non-canonical |	4522
                      Mismatch rate per base, % |	0.33%
                         Deletion rate per base |	0.01%
                        Deletion average length |	1.51
                        Insertion rate per base |	0.03%
                       Insertion average length |	1.23
                             MULTI-MAPPING READS:
        Number of reads mapped to multiple loci |	2222172
             % of reads mapped to multiple loci |	7.29%
        Number of reads mapped to too many loci |	37546
             % of reads mapped to too many loci |	0.12%
                                  UNMAPPED READS:
       % of reads unmapped: too many mismatches |	0.00%
                 % of reads unmapped: too short |	0.18%
                     % of reads unmapped: other |	0.56%
                                  CHIMERIC READS:
                       Number of chimeric reads |	0
                            % of chimeric reads |	0.00%
