                                 Started job on |	Jun 09 07:22:30
                             Started mapping on |	Jun 09 07:22:32
                                    Finished on |	Jun 09 07:32:27
       Mapping speed, Million of reads per hour |	213.77

                          Number of input reads |	35331907
                      Average input read length |	295
                                    UNIQUE READS:
                   Uniquely mapped reads number |	28218805
                        Uniquely mapped reads % |	79.87%
                          Average mapped length |	261.25
                       Number of splices: Total |	6494253
            Number of splices: Annotated (sjdb) |	6231638
                       Number of splices: GT/AG |	6487285
                       Number of splices: GC/AG |	2270
                       Number of splices: AT/AC |	1012
               Number of splices: Non-canonical |	3686
                      Mismatch rate per base, % |	0.31%
                         Deletion rate per base |	0.01%
                        Deletion average length |	1.47
                        Insertion rate per base |	0.03%
                       Insertion average length |	1.21
                             MULTI-MAPPING READS:
        Number of reads mapped to multiple loci |	6917669
             % of reads mapped to multiple loci |	19.58%
        Number of reads mapped to too many loci |	34224
             % of reads mapped to too many loci |	0.10%
                                  UNMAPPED READS:
       % of reads unmapped: too many mismatches |	0.00%
                 % of reads unmapped: too short |	0.13%
                     % of reads unmapped: other |	0.32%
                                  CHIMERIC READS:
                       Number of chimeric reads |	0
                            % of chimeric reads |	0.00%
