                                 Started job on |	Jun 18 19:18:05
                             Started mapping on |	Jun 18 19:18:06
                                    Finished on |	Jun 18 19:25:41
       Mapping speed, Million of reads per hour |	335.84

                          Number of input reads |	42446956
                      Average input read length |	296
                                    UNIQUE READS:
                   Uniquely mapped reads number |	37348866
                        Uniquely mapped reads % |	87.99%
                          Average mapped length |	279.31
                       Number of splices: Total |	10262275
            Number of splices: Annotated (sjdb) |	9800591
                       Number of splices: GT/AG |	10246835
                       Number of splices: GC/AG |	5641
                       Number of splices: AT/AC |	2133
               Number of splices: Non-canonical |	7666
                      Mismatch rate per base, % |	0.31%
                         Deletion rate per base |	0.02%
                        Deletion average length |	1.46
                        Insertion rate per base |	0.02%
                       Insertion average length |	1.26
                             MULTI-MAPPING READS:
        Number of reads mapped to multiple loci |	4794521
             % of reads mapped to multiple loci |	11.30%
        Number of reads mapped to too many loci |	24992
             % of reads mapped to too many loci |	0.06%
                                  UNMAPPED READS:
       % of reads unmapped: too many mismatches |	0.00%
                 % of reads unmapped: too short |	0.04%
                     % of reads unmapped: other |	0.61%
                                  CHIMERIC READS:
                       Number of chimeric reads |	0
                            % of chimeric reads |	0.00%
