                                 Started job on |	Jun 09 12:13:27
                             Started mapping on |	Jun 09 12:13:29
                                    Finished on |	Jun 09 12:25:10
       Mapping speed, Million of reads per hour |	222.31

                          Number of input reads |	43288671
                      Average input read length |	295
                                    UNIQUE READS:
                   Uniquely mapped reads number |	31419507
                        Uniquely mapped reads % |	72.58%
                          Average mapped length |	241.38
                       Number of splices: Total |	7964091
            Number of splices: Annotated (sjdb) |	7684326
                       Number of splices: GT/AG |	7957802
                       Number of splices: GC/AG |	1961
                       Number of splices: AT/AC |	848
               Number of splices: Non-canonical |	3480
                      Mismatch rate per base, % |	0.29%
                         Deletion rate per base |	0.01%
                        Deletion average length |	1.43
                        Insertion rate per base |	0.03%
                       Insertion average length |	1.21
                             MULTI-MAPPING READS:
        Number of reads mapped to multiple loci |	11563870
             % of reads mapped to multiple loci |	26.71%
        Number of reads mapped to too many loci |	58415
             % of reads mapped to too many loci |	0.13%
                                  UNMAPPED READS:
       % of reads unmapped: too many mismatches |	0.00%
                 % of reads unmapped: too short |	0.08%
                     % of reads unmapped: other |	0.49%
                                  CHIMERIC READS:
                       Number of chimeric reads |	0
                            % of chimeric reads |	0.00%
