                                 Started job on |	Jun 18 16:41:57
                             Started mapping on |	Jun 18 16:41:59
                                    Finished on |	Jun 18 16:51:32
       Mapping speed, Million of reads per hour |	310.85

                          Number of input reads |	49476427
                      Average input read length |	295
                                    UNIQUE READS:
                   Uniquely mapped reads number |	46854381
                        Uniquely mapped reads % |	94.70%
                          Average mapped length |	293.48
                       Number of splices: Total |	11613217
            Number of splices: Annotated (sjdb) |	10998192
                       Number of splices: GT/AG |	11594027
                       Number of splices: GC/AG |	6065
                       Number of splices: AT/AC |	2803
               Number of splices: Non-canonical |	10322
                      Mismatch rate per base, % |	0.33%
                         Deletion rate per base |	0.02%
                        Deletion average length |	1.47
                        Insertion rate per base |	0.02%
                       Insertion average length |	1.26
                             MULTI-MAPPING READS:
        Number of reads mapped to multiple loci |	2328891
             % of reads mapped to multiple loci |	4.71%
        Number of reads mapped to too many loci |	31979
             % of reads mapped to too many loci |	0.06%
                                  UNMAPPED READS:
       % of reads unmapped: too many mismatches |	0.00%
                 % of reads unmapped: too short |	0.05%
                     % of reads unmapped: other |	0.48%
                                  CHIMERIC READS:
                       Number of chimeric reads |	0
                            % of chimeric reads |	0.00%
