                                 Started job on |	May 31 11:28:34
                             Started mapping on |	May 31 11:28:36
                                    Finished on |	May 31 11:37:04
       Mapping speed, Million of reads per hour |	226.08

                          Number of input reads |	31902676
                      Average input read length |	295
                                    UNIQUE READS:
                   Uniquely mapped reads number |	23869514
                        Uniquely mapped reads % |	74.82%
                          Average mapped length |	270.85
                       Number of splices: Total |	3778616
            Number of splices: Annotated (sjdb) |	3599946
                       Number of splices: GT/AG |	3772624
                       Number of splices: GC/AG |	1656
                       Number of splices: AT/AC |	1702
               Number of splices: Non-canonical |	2634
                      Mismatch rate per base, % |	0.32%
                         Deletion rate per base |	0.01%
                        Deletion average length |	1.44
                        Insertion rate per base |	0.02%
                       Insertion average length |	1.24
                             MULTI-MAPPING READS:
        Number of reads mapped to multiple loci |	7836173
             % of reads mapped to multiple loci |	24.56%
        Number of reads mapped to too many loci |	22771
             % of reads mapped to too many loci |	0.07%
                                  UNMAPPED READS:
       % of reads unmapped: too many mismatches |	0.00%
                 % of reads unmapped: too short |	0.21%
                     % of reads unmapped: other |	0.33%
                                  CHIMERIC READS:
                       Number of chimeric reads |	0
                            % of chimeric reads |	0.00%
