                                 Started job on |	Jun 03 17:38:59
                             Started mapping on |	Jun 03 17:39:02
                                    Finished on |	Jun 03 17:45:13
       Mapping speed, Million of reads per hour |	309.12

                          Number of input reads |	31856193
                      Average input read length |	294
                                    UNIQUE READS:
                   Uniquely mapped reads number |	19372210
                        Uniquely mapped reads % |	60.81%
                          Average mapped length |	186.69
                       Number of splices: Total |	4401047
            Number of splices: Annotated (sjdb) |	4298896
                       Number of splices: GT/AG |	4397967
                       Number of splices: GC/AG |	1819
                       Number of splices: AT/AC |	402
               Number of splices: Non-canonical |	859
                      Mismatch rate per base, % |	0.26%
                         Deletion rate per base |	0.01%
                        Deletion average length |	1.42
                        Insertion rate per base |	0.02%
                       Insertion average length |	1.20
                             MULTI-MAPPING READS:
        Number of reads mapped to multiple loci |	12394409
             % of reads mapped to multiple loci |	38.91%
        Number of reads mapped to too many loci |	14823
             % of reads mapped to too many loci |	0.05%
                                  UNMAPPED READS:
       % of reads unmapped: too many mismatches |	0.00%
                 % of reads unmapped: too short |	0.09%
                     % of reads unmapped: other |	0.14%
                                  CHIMERIC READS:
                       Number of chimeric reads |	0
                            % of chimeric reads |	0.00%
