                                 Started job on |	Jun 12 19:25:45
                             Started mapping on |	Jun 12 19:25:52
                                    Finished on |	Jun 12 19:37:49
       Mapping speed, Million of reads per hour |	169.72

                          Number of input reads |	33802798
                      Average input read length |	293
                                    UNIQUE READS:
                   Uniquely mapped reads number |	29025787
                        Uniquely mapped reads % |	85.87%
                          Average mapped length |	273.21
                       Number of splices: Total |	7263588
            Number of splices: Annotated (sjdb) |	6914680
                       Number of splices: GT/AG |	7256758
                       Number of splices: GC/AG |	1867
                       Number of splices: AT/AC |	1151
               Number of splices: Non-canonical |	3812
                      Mismatch rate per base, % |	0.39%
                         Deletion rate per base |	0.01%
                        Deletion average length |	1.49
                        Insertion rate per base |	0.03%
                       Insertion average length |	1.24
                             MULTI-MAPPING READS:
        Number of reads mapped to multiple loci |	4548127
             % of reads mapped to multiple loci |	13.45%
        Number of reads mapped to too many loci |	37098
             % of reads mapped to too many loci |	0.11%
                                  UNMAPPED READS:
       % of reads unmapped: too many mismatches |	0.00%
                 % of reads unmapped: too short |	0.17%
                     % of reads unmapped: other |	0.40%
                                  CHIMERIC READS:
                       Number of chimeric reads |	0
                            % of chimeric reads |	0.00%
