                                 Started job on |	Jun 04 15:40:15
                             Started mapping on |	Jun 04 15:40:17
                                    Finished on |	Jun 04 15:55:54
       Mapping speed, Million of reads per hour |	128.72

                          Number of input reads |	33504103
                      Average input read length |	293
                                    UNIQUE READS:
                   Uniquely mapped reads number |	30564472
                        Uniquely mapped reads % |	91.23%
                          Average mapped length |	289.88
                       Number of splices: Total |	5874224
            Number of splices: Annotated (sjdb) |	5610019
                       Number of splices: GT/AG |	5867247
                       Number of splices: GC/AG |	1880
                       Number of splices: AT/AC |	1148
               Number of splices: Non-canonical |	3949
                      Mismatch rate per base, % |	0.34%
                         Deletion rate per base |	0.01%
                        Deletion average length |	1.46
                        Insertion rate per base |	0.03%
                       Insertion average length |	1.23
                             MULTI-MAPPING READS:
        Number of reads mapped to multiple loci |	2671412
             % of reads mapped to multiple loci |	7.97%
        Number of reads mapped to too many loci |	44932
             % of reads mapped to too many loci |	0.13%
                                  UNMAPPED READS:
       % of reads unmapped: too many mismatches |	0.01%
                 % of reads unmapped: too short |	0.48%
                     % of reads unmapped: other |	0.19%
                                  CHIMERIC READS:
                       Number of chimeric reads |	0
                            % of chimeric reads |	0.00%
