                                 Started job on |	May 30 23:54:13
                             Started mapping on |	May 30 23:54:15
                                    Finished on |	May 31 00:02:53
       Mapping speed, Million of reads per hour |	198.59

                          Number of input reads |	28575186
                      Average input read length |	294
                                    UNIQUE READS:
                   Uniquely mapped reads number |	21547539
                        Uniquely mapped reads % |	75.41%
                          Average mapped length |	250.31
                       Number of splices: Total |	4127748
            Number of splices: Annotated (sjdb) |	3995535
                       Number of splices: GT/AG |	4123951
                       Number of splices: GC/AG |	1332
                       Number of splices: AT/AC |	686
               Number of splices: Non-canonical |	1779
                      Mismatch rate per base, % |	0.30%
                         Deletion rate per base |	0.01%
                        Deletion average length |	1.39
                        Insertion rate per base |	0.03%
                       Insertion average length |	1.21
                             MULTI-MAPPING READS:
        Number of reads mapped to multiple loci |	6858735
             % of reads mapped to multiple loci |	24.00%
        Number of reads mapped to too many loci |	24161
             % of reads mapped to too many loci |	0.08%
                                  UNMAPPED READS:
       % of reads unmapped: too many mismatches |	0.00%
                 % of reads unmapped: too short |	0.29%
                     % of reads unmapped: other |	0.21%
                                  CHIMERIC READS:
                       Number of chimeric reads |	0
                            % of chimeric reads |	0.00%
