                                 Started job on |	Jun 18 13:36:41
                             Started mapping on |	Jun 18 13:36:43
                                    Finished on |	Jun 18 13:44:52
       Mapping speed, Million of reads per hour |	300.40

                          Number of input reads |	40804147
                      Average input read length |	295
                                    UNIQUE READS:
                   Uniquely mapped reads number |	34812677
                        Uniquely mapped reads % |	85.32%
                          Average mapped length |	292.82
                       Number of splices: Total |	9289197
            Number of splices: Annotated (sjdb) |	8873378
                       Number of splices: GT/AG |	9279198
                       Number of splices: GC/AG |	2903
                       Number of splices: AT/AC |	1539
               Number of splices: Non-canonical |	5557
                      Mismatch rate per base, % |	0.31%
                         Deletion rate per base |	0.01%
                        Deletion average length |	1.49
                        Insertion rate per base |	0.03%
                       Insertion average length |	1.24
                             MULTI-MAPPING READS:
        Number of reads mapped to multiple loci |	5799343
             % of reads mapped to multiple loci |	14.21%
        Number of reads mapped to too many loci |	25501
             % of reads mapped to too many loci |	0.06%
                                  UNMAPPED READS:
       % of reads unmapped: too many mismatches |	0.00%
                 % of reads unmapped: too short |	0.10%
                     % of reads unmapped: other |	0.31%
                                  CHIMERIC READS:
                       Number of chimeric reads |	0
                            % of chimeric reads |	0.00%
