                                 Started job on |	Jun 09 09:34:04
                             Started mapping on |	Jun 09 09:34:06
                                    Finished on |	Jun 09 09:44:09
       Mapping speed, Million of reads per hour |	195.45

                          Number of input reads |	32737655
                      Average input read length |	294
                                    UNIQUE READS:
                   Uniquely mapped reads number |	28017868
                        Uniquely mapped reads % |	85.58%
                          Average mapped length |	275.63
                       Number of splices: Total |	6298203
            Number of splices: Annotated (sjdb) |	6012758
                       Number of splices: GT/AG |	6291607
                       Number of splices: GC/AG |	1580
                       Number of splices: AT/AC |	1028
               Number of splices: Non-canonical |	3988
                      Mismatch rate per base, % |	0.33%
                         Deletion rate per base |	0.01%
                        Deletion average length |	1.49
                        Insertion rate per base |	0.03%
                       Insertion average length |	1.23
                             MULTI-MAPPING READS:
        Number of reads mapped to multiple loci |	4494641
             % of reads mapped to multiple loci |	13.73%
        Number of reads mapped to too many loci |	35911
             % of reads mapped to too many loci |	0.11%
                                  UNMAPPED READS:
       % of reads unmapped: too many mismatches |	0.00%
                 % of reads unmapped: too short |	0.21%
                     % of reads unmapped: other |	0.37%
                                  CHIMERIC READS:
                       Number of chimeric reads |	0
                            % of chimeric reads |	0.00%
