                                 Started job on |	Jun 16 11:53:21
                             Started mapping on |	Jun 16 11:53:24
                                    Finished on |	Jun 16 12:12:15
       Mapping speed, Million of reads per hour |	122.37

                          Number of input reads |	38444819
                      Average input read length |	295
                                    UNIQUE READS:
                   Uniquely mapped reads number |	30239208
                        Uniquely mapped reads % |	78.66%
                          Average mapped length |	261.40
                       Number of splices: Total |	8675538
            Number of splices: Annotated (sjdb) |	8334491
                       Number of splices: GT/AG |	8668149
                       Number of splices: GC/AG |	2389
                       Number of splices: AT/AC |	1127
               Number of splices: Non-canonical |	3873
                      Mismatch rate per base, % |	0.29%
                         Deletion rate per base |	0.01%
                        Deletion average length |	1.50
                        Insertion rate per base |	0.03%
                       Insertion average length |	1.23
                             MULTI-MAPPING READS:
        Number of reads mapped to multiple loci |	8040818
             % of reads mapped to multiple loci |	20.92%
        Number of reads mapped to too many loci |	22279
             % of reads mapped to too many loci |	0.06%
                                  UNMAPPED READS:
       % of reads unmapped: too many mismatches |	0.00%
                 % of reads unmapped: too short |	0.07%
                     % of reads unmapped: other |	0.30%
                                  CHIMERIC READS:
                       Number of chimeric reads |	0
                            % of chimeric reads |	0.00%
