                                 Started job on |	Jun 20 23:48:24
                             Started mapping on |	Jun 20 23:48:28
                                    Finished on |	Jun 20 23:59:15
       Mapping speed, Million of reads per hour |	155.49

                          Number of input reads |	27944768
                      Average input read length |	294
                                    UNIQUE READS:
                   Uniquely mapped reads number |	23620612
                        Uniquely mapped reads % |	84.53%
                          Average mapped length |	253.05
                       Number of splices: Total |	6387508
            Number of splices: Annotated (sjdb) |	5990416
                       Number of splices: GT/AG |	6352674
                       Number of splices: GC/AG |	5798
                       Number of splices: AT/AC |	3173
               Number of splices: Non-canonical |	25863
                      Mismatch rate per base, % |	0.54%
                         Deletion rate per base |	0.02%
                        Deletion average length |	1.86
                        Insertion rate per base |	0.05%
                       Insertion average length |	1.84
                             MULTI-MAPPING READS:
        Number of reads mapped to multiple loci |	4241080
             % of reads mapped to multiple loci |	15.18%
        Number of reads mapped to too many loci |	30093
             % of reads mapped to too many loci |	0.11%
                                  UNMAPPED READS:
       % of reads unmapped: too many mismatches |	0.08%
                 % of reads unmapped: too short |	0.08%
                     % of reads unmapped: other |	0.03%
                                  CHIMERIC READS:
                       Number of chimeric reads |	0
                            % of chimeric reads |	0.00%
