                                 Started job on |	Jun 14 00:43:21
                             Started mapping on |	Jun 14 00:43:22
                                    Finished on |	Jun 14 00:53:19
       Mapping speed, Million of reads per hour |	180.50

                          Number of input reads |	29932922
                      Average input read length |	295
                                    UNIQUE READS:
                   Uniquely mapped reads number |	24879716
                        Uniquely mapped reads % |	83.12%
                          Average mapped length |	254.58
                       Number of splices: Total |	6297421
            Number of splices: Annotated (sjdb) |	5821074
                       Number of splices: GT/AG |	6255258
                       Number of splices: GC/AG |	5302
                       Number of splices: AT/AC |	4188
               Number of splices: Non-canonical |	32673
                      Mismatch rate per base, % |	0.62%
                         Deletion rate per base |	0.02%
                        Deletion average length |	1.85
                        Insertion rate per base |	0.06%
                       Insertion average length |	1.88
                             MULTI-MAPPING READS:
        Number of reads mapped to multiple loci |	4970645
             % of reads mapped to multiple loci |	16.61%
        Number of reads mapped to too many loci |	20523
             % of reads mapped to too many loci |	0.07%
                                  UNMAPPED READS:
       % of reads unmapped: too many mismatches |	0.01%
                 % of reads unmapped: too short |	0.15%
                     % of reads unmapped: other |	0.05%
                                  CHIMERIC READS:
                       Number of chimeric reads |	0
                            % of chimeric reads |	0.00%
