                                 Started job on |	Jun 08 04:01:47
                             Started mapping on |	Jun 08 04:01:49
                                    Finished on |	Jun 08 04:07:05
       Mapping speed, Million of reads per hour |	189.85

                          Number of input reads |	16664287
                      Average input read length |	292
                                    UNIQUE READS:
                   Uniquely mapped reads number |	13439865
                        Uniquely mapped reads % |	80.65%
                          Average mapped length |	227.21
                       Number of splices: Total |	2859713
            Number of splices: Annotated (sjdb) |	2621521
                       Number of splices: GT/AG |	2824435
                       Number of splices: GC/AG |	8241
                       Number of splices: AT/AC |	2629
               Number of splices: Non-canonical |	24408
                      Mismatch rate per base, % |	0.87%
                         Deletion rate per base |	0.02%
                        Deletion average length |	1.86
                        Insertion rate per base |	0.06%
                       Insertion average length |	2.16
                             MULTI-MAPPING READS:
        Number of reads mapped to multiple loci |	3077095
             % of reads mapped to multiple loci |	18.47%
        Number of reads mapped to too many loci |	9676
             % of reads mapped to too many loci |	0.06%
                                  UNMAPPED READS:
       % of reads unmapped: too many mismatches |	0.01%
                 % of reads unmapped: too short |	0.70%
                     % of reads unmapped: other |	0.11%
                                  CHIMERIC READS:
                       Number of chimeric reads |	0
                            % of chimeric reads |	0.00%
