                                 Started job on |	Jun 14 02:42:43
                             Started mapping on |	Jun 14 02:42:45
                                    Finished on |	Jun 14 02:53:40
       Mapping speed, Million of reads per hour |	169.87

                          Number of input reads |	30906894
                      Average input read length |	295
                                    UNIQUE READS:
                   Uniquely mapped reads number |	29006211
                        Uniquely mapped reads % |	93.85%
                          Average mapped length |	290.46
                       Number of splices: Total |	7830511
            Number of splices: Annotated (sjdb) |	7105986
                       Number of splices: GT/AG |	7774778
                       Number of splices: GC/AG |	5712
                       Number of splices: AT/AC |	5879
               Number of splices: Non-canonical |	44142
                      Mismatch rate per base, % |	0.65%
                         Deletion rate per base |	0.02%
                        Deletion average length |	1.84
                        Insertion rate per base |	0.06%
                       Insertion average length |	1.86
                             MULTI-MAPPING READS:
        Number of reads mapped to multiple loci |	1789095
             % of reads mapped to multiple loci |	5.79%
        Number of reads mapped to too many loci |	23833
             % of reads mapped to too many loci |	0.08%
                                  UNMAPPED READS:
       % of reads unmapped: too many mismatches |	0.01%
                 % of reads unmapped: too short |	0.20%
                     % of reads unmapped: other |	0.07%
                                  CHIMERIC READS:
                       Number of chimeric reads |	0
                            % of chimeric reads |	0.00%
