                                 Started job on |	May 30 23:10:17
                             Started mapping on |	May 30 23:10:19
                                    Finished on |	May 30 23:12:51
       Mapping speed, Million of reads per hour |	218.08

                          Number of input reads |	9207957
                      Average input read length |	291
                                    UNIQUE READS:
                   Uniquely mapped reads number |	6596200
                        Uniquely mapped reads % |	71.64%
                          Average mapped length |	212.98
                       Number of splices: Total |	1038941
            Number of splices: Annotated (sjdb) |	954848
                       Number of splices: GT/AG |	1031077
                       Number of splices: GC/AG |	1963
                       Number of splices: AT/AC |	891
               Number of splices: Non-canonical |	5010
                      Mismatch rate per base, % |	0.83%
                         Deletion rate per base |	0.02%
                        Deletion average length |	1.81
                        Insertion rate per base |	0.05%
                       Insertion average length |	2.07
                             MULTI-MAPPING READS:
        Number of reads mapped to multiple loci |	2497980
             % of reads mapped to multiple loci |	27.13%
        Number of reads mapped to too many loci |	9826
             % of reads mapped to too many loci |	0.11%
                                  UNMAPPED READS:
       % of reads unmapped: too many mismatches |	0.02%
                 % of reads unmapped: too short |	0.96%
                     % of reads unmapped: other |	0.14%
                                  CHIMERIC READS:
                       Number of chimeric reads |	0
                            % of chimeric reads |	0.00%
