                                 Started job on |	Jun 20 18:34:59
                             Started mapping on |	Jun 20 18:35:01
                                    Finished on |	Jun 20 18:42:36
       Mapping speed, Million of reads per hour |	304.75

                          Number of input reads |	38517125
                      Average input read length |	295
                                    UNIQUE READS:
                   Uniquely mapped reads number |	28568001
                        Uniquely mapped reads % |	74.17%
                          Average mapped length |	245.39
                       Number of splices: Total |	7363144
            Number of splices: Annotated (sjdb) |	6931311
                       Number of splices: GT/AG |	7326861
                       Number of splices: GC/AG |	5049
                       Number of splices: AT/AC |	3667
               Number of splices: Non-canonical |	27567
                      Mismatch rate per base, % |	0.48%
                         Deletion rate per base |	0.02%
                        Deletion average length |	1.74
                        Insertion rate per base |	0.05%
                       Insertion average length |	1.83
                             MULTI-MAPPING READS:
        Number of reads mapped to multiple loci |	9894610
             % of reads mapped to multiple loci |	25.69%
        Number of reads mapped to too many loci |	17092
             % of reads mapped to too many loci |	0.04%
                                  UNMAPPED READS:
       % of reads unmapped: too many mismatches |	0.02%
                 % of reads unmapped: too short |	0.05%
                     % of reads unmapped: other |	0.02%
                                  CHIMERIC READS:
                       Number of chimeric reads |	0
                            % of chimeric reads |	0.00%
