                                 Started job on |	Jun 08 07:13:57
                             Started mapping on |	Jun 08 07:13:59
                                    Finished on |	Jun 08 07:22:50
       Mapping speed, Million of reads per hour |	216.23

                          Number of input reads |	31893759
                      Average input read length |	295
                                    UNIQUE READS:
                   Uniquely mapped reads number |	24380890
                        Uniquely mapped reads % |	76.44%
                          Average mapped length |	221.82
                       Number of splices: Total |	6162394
            Number of splices: Annotated (sjdb) |	5797638
                       Number of splices: GT/AG |	6136931
                       Number of splices: GC/AG |	5163
                       Number of splices: AT/AC |	3076
               Number of splices: Non-canonical |	17224
                      Mismatch rate per base, % |	0.58%
                         Deletion rate per base |	0.02%
                        Deletion average length |	1.79
                        Insertion rate per base |	0.05%
                       Insertion average length |	1.81
                             MULTI-MAPPING READS:
        Number of reads mapped to multiple loci |	7453904
             % of reads mapped to multiple loci |	23.37%
        Number of reads mapped to too many loci |	16319
             % of reads mapped to too many loci |	0.05%
                                  UNMAPPED READS:
       % of reads unmapped: too many mismatches |	0.00%
                 % of reads unmapped: too short |	0.08%
                     % of reads unmapped: other |	0.05%
                                  CHIMERIC READS:
                       Number of chimeric reads |	0
                            % of chimeric reads |	0.00%
