                                 Started job on |	Jun 20 21:02:14
                             Started mapping on |	Jun 20 21:02:16
                                    Finished on |	Jun 20 21:11:00
       Mapping speed, Million of reads per hour |	264.50

                          Number of input reads |	38499850
                      Average input read length |	294
                                    UNIQUE READS:
                   Uniquely mapped reads number |	34221870
                        Uniquely mapped reads % |	88.89%
                          Average mapped length |	272.76
                       Number of splices: Total |	9472912
            Number of splices: Annotated (sjdb) |	8820372
                       Number of splices: GT/AG |	9412842
                       Number of splices: GC/AG |	7844
                       Number of splices: AT/AC |	5624
               Number of splices: Non-canonical |	46602
                      Mismatch rate per base, % |	0.54%
                         Deletion rate per base |	0.02%
                        Deletion average length |	1.85
                        Insertion rate per base |	0.06%
                       Insertion average length |	1.90
                             MULTI-MAPPING READS:
        Number of reads mapped to multiple loci |	4150730
             % of reads mapped to multiple loci |	10.78%
        Number of reads mapped to too many loci |	45813
             % of reads mapped to too many loci |	0.12%
                                  UNMAPPED READS:
       % of reads unmapped: too many mismatches |	0.07%
                 % of reads unmapped: too short |	0.10%
                     % of reads unmapped: other |	0.04%
                                  CHIMERIC READS:
                       Number of chimeric reads |	0
                            % of chimeric reads |	0.00%
