                                 Started job on |	Jun 08 05:19:13
                             Started mapping on |	Jun 08 05:19:15
                                    Finished on |	Jun 08 05:26:13
       Mapping speed, Million of reads per hour |	171.75

                          Number of input reads |	19942270
                      Average input read length |	292
                                    UNIQUE READS:
                   Uniquely mapped reads number |	17185800
                        Uniquely mapped reads % |	86.18%
                          Average mapped length |	260.06
                       Number of splices: Total |	4087812
            Number of splices: Annotated (sjdb) |	3688537
                       Number of splices: GT/AG |	4021312
                       Number of splices: GC/AG |	15963
                       Number of splices: AT/AC |	3456
               Number of splices: Non-canonical |	47081
                      Mismatch rate per base, % |	0.91%
                         Deletion rate per base |	0.02%
                        Deletion average length |	1.89
                        Insertion rate per base |	0.06%
                       Insertion average length |	2.29
                             MULTI-MAPPING READS:
        Number of reads mapped to multiple loci |	2597676
             % of reads mapped to multiple loci |	13.03%
        Number of reads mapped to too many loci |	17154
             % of reads mapped to too many loci |	0.09%
                                  UNMAPPED READS:
       % of reads unmapped: too many mismatches |	0.01%
                 % of reads unmapped: too short |	0.56%
                     % of reads unmapped: other |	0.14%
                                  CHIMERIC READS:
                       Number of chimeric reads |	0
                            % of chimeric reads |	0.00%
