                                 Started job on |	Jun 06 08:20:23
                             Started mapping on |	Jun 06 08:20:25
                                    Finished on |	Jun 06 08:26:31
       Mapping speed, Million of reads per hour |	166.33

                          Number of input reads |	16910260
                      Average input read length |	293
                                    UNIQUE READS:
                   Uniquely mapped reads number |	14657009
                        Uniquely mapped reads % |	86.68%
                          Average mapped length |	268.34
                       Number of splices: Total |	2901098
            Number of splices: Annotated (sjdb) |	2661089
                       Number of splices: GT/AG |	2866182
                       Number of splices: GC/AG |	4233
                       Number of splices: AT/AC |	6174
               Number of splices: Non-canonical |	24509
                      Mismatch rate per base, % |	0.88%
                         Deletion rate per base |	0.02%
                        Deletion average length |	1.89
                        Insertion rate per base |	0.07%
                       Insertion average length |	2.06
                             MULTI-MAPPING READS:
        Number of reads mapped to multiple loci |	1989431
             % of reads mapped to multiple loci |	11.76%
        Number of reads mapped to too many loci |	17655
             % of reads mapped to too many loci |	0.10%
                                  UNMAPPED READS:
       % of reads unmapped: too many mismatches |	0.02%
                 % of reads unmapped: too short |	1.24%
                     % of reads unmapped: other |	0.19%
                                  CHIMERIC READS:
                       Number of chimeric reads |	0
                            % of chimeric reads |	0.00%
