                                 Started job on |	May 31 06:56:32
                             Started mapping on |	May 31 06:56:34
                                    Finished on |	May 31 07:00:15
       Mapping speed, Million of reads per hour |	186.71

                          Number of input reads |	11462204
                      Average input read length |	292
                                    UNIQUE READS:
                   Uniquely mapped reads number |	9657249
                        Uniquely mapped reads % |	84.25%
                          Average mapped length |	255.16
                       Number of splices: Total |	1807811
            Number of splices: Annotated (sjdb) |	1645068
                       Number of splices: GT/AG |	1786740
                       Number of splices: GC/AG |	3546
                       Number of splices: AT/AC |	2772
               Number of splices: Non-canonical |	14753
                      Mismatch rate per base, % |	0.95%
                         Deletion rate per base |	0.02%
                        Deletion average length |	1.86
                        Insertion rate per base |	0.06%
                       Insertion average length |	2.18
                             MULTI-MAPPING READS:
        Number of reads mapped to multiple loci |	1592514
             % of reads mapped to multiple loci |	13.89%
        Number of reads mapped to too many loci |	16842
             % of reads mapped to too many loci |	0.15%
                                  UNMAPPED READS:
       % of reads unmapped: too many mismatches |	0.03%
                 % of reads unmapped: too short |	1.47%
                     % of reads unmapped: other |	0.21%
                                  CHIMERIC READS:
                       Number of chimeric reads |	0
                            % of chimeric reads |	0.00%
