                                 Started job on |	Jun 14 04:57:32
                             Started mapping on |	Jun 14 04:57:34
                                    Finished on |	Jun 14 05:08:39
       Mapping speed, Million of reads per hour |	178.79

                          Number of input reads |	33026695
                      Average input read length |	295
                                    UNIQUE READS:
                   Uniquely mapped reads number |	29273790
                        Uniquely mapped reads % |	88.64%
                          Average mapped length |	273.56
                       Number of splices: Total |	8045450
            Number of splices: Annotated (sjdb) |	7370502
                       Number of splices: GT/AG |	7997244
                       Number of splices: GC/AG |	4608
                       Number of splices: AT/AC |	4920
               Number of splices: Non-canonical |	38678
                      Mismatch rate per base, % |	0.59%
                         Deletion rate per base |	0.02%
                        Deletion average length |	1.84
                        Insertion rate per base |	0.06%
                       Insertion average length |	1.85
                             MULTI-MAPPING READS:
        Number of reads mapped to multiple loci |	3657891
             % of reads mapped to multiple loci |	11.08%
        Number of reads mapped to too many loci |	20289
             % of reads mapped to too many loci |	0.06%
                                  UNMAPPED READS:
       % of reads unmapped: too many mismatches |	0.01%
                 % of reads unmapped: too short |	0.17%
                     % of reads unmapped: other |	0.05%
                                  CHIMERIC READS:
                       Number of chimeric reads |	0
                            % of chimeric reads |	0.00%
