                                 Started job on |	May 31 05:17:53
                             Started mapping on |	May 31 05:18:08
                                    Finished on |	May 31 05:51:12
       Mapping speed, Million of reads per hour |	106.36

                          Number of input reads |	58615308
                      Average input read length |	298
                                    UNIQUE READS:
                   Uniquely mapped reads number |	23057729
                        Uniquely mapped reads % |	39.34%
                          Average mapped length |	295.09
                       Number of splices: Total |	22169270
            Number of splices: Annotated (sjdb) |	0
                       Number of splices: GT/AG |	22091434
                       Number of splices: GC/AG |	56145
                       Number of splices: AT/AC |	1645
               Number of splices: Non-canonical |	20046
                      Mismatch rate per base, % |	0.28%
                         Deletion rate per base |	0.00%
                        Deletion average length |	1.45
                        Insertion rate per base |	0.01%
                       Insertion average length |	1.56
                             MULTI-MAPPING READS:
        Number of reads mapped to multiple loci |	22671086
             % of reads mapped to multiple loci |	38.68%
        Number of reads mapped to too many loci |	36534
             % of reads mapped to too many loci |	0.06%
                                  UNMAPPED READS:
       % of reads unmapped: too many mismatches |	0.00%
                 % of reads unmapped: too short |	21.91%
                     % of reads unmapped: other |	0.01%
                                  CHIMERIC READS:
                       Number of chimeric reads |	0
                            % of chimeric reads |	0.00%
