                                 Started job on |	Jun 19 22:15:48
                             Started mapping on |	Jun 19 22:16:06
                                    Finished on |	Jun 19 23:20:30
       Mapping speed, Million of reads per hour |	39.56

                          Number of input reads |	42464157
                      Average input read length |	295
                                    UNIQUE READS:
                   Uniquely mapped reads number |	2408086
                        Uniquely mapped reads % |	5.67%
                          Average mapped length |	295.36
                       Number of splices: Total |	2298111
            Number of splices: Annotated (sjdb) |	0
                       Number of splices: GT/AG |	2291157
                       Number of splices: GC/AG |	4299
                       Number of splices: AT/AC |	231
               Number of splices: Non-canonical |	2424
                      Mismatch rate per base, % |	0.28%
                         Deletion rate per base |	0.00%
                        Deletion average length |	1.43
                        Insertion rate per base |	0.01%
                       Insertion average length |	1.49
                             MULTI-MAPPING READS:
        Number of reads mapped to multiple loci |	2583726
             % of reads mapped to multiple loci |	6.08%
        Number of reads mapped to too many loci |	6514
             % of reads mapped to too many loci |	0.02%
                                  UNMAPPED READS:
       % of reads unmapped: too many mismatches |	0.00%
                 % of reads unmapped: too short |	88.21%
                     % of reads unmapped: other |	0.02%
                                  CHIMERIC READS:
                       Number of chimeric reads |	0
                            % of chimeric reads |	0.00%
