                                 Started job on |	Jun 20 06:35:46
                             Started mapping on |	Jun 20 06:36:00
                                    Finished on |	Jun 20 07:56:02
       Mapping speed, Million of reads per hour |	38.03

                          Number of input reads |	50723291
                      Average input read length |	294
                                    UNIQUE READS:
                   Uniquely mapped reads number |	989431
                        Uniquely mapped reads % |	1.95%
                          Average mapped length |	294.68
                       Number of splices: Total |	885685
            Number of splices: Annotated (sjdb) |	0
                       Number of splices: GT/AG |	882538
                       Number of splices: GC/AG |	1931
                       Number of splices: AT/AC |	98
               Number of splices: Non-canonical |	1118
                      Mismatch rate per base, % |	0.27%
                         Deletion rate per base |	0.01%
                        Deletion average length |	1.44
                        Insertion rate per base |	0.01%
                       Insertion average length |	1.54
                             MULTI-MAPPING READS:
        Number of reads mapped to multiple loci |	957089
             % of reads mapped to multiple loci |	1.89%
        Number of reads mapped to too many loci |	6213
             % of reads mapped to too many loci |	0.01%
                                  UNMAPPED READS:
       % of reads unmapped: too many mismatches |	0.00%
                 % of reads unmapped: too short |	96.13%
                     % of reads unmapped: other |	0.02%
                                  CHIMERIC READS:
                       Number of chimeric reads |	0
                            % of chimeric reads |	0.00%
