                                 Started job on |	Jun 08 00:59:35
                             Started mapping on |	Jun 08 00:59:49
                                    Finished on |	Jun 08 01:54:13
       Mapping speed, Million of reads per hour |	46.80

                          Number of input reads |	42432124
                      Average input read length |	296
                                    UNIQUE READS:
                   Uniquely mapped reads number |	6681454
                        Uniquely mapped reads % |	15.75%
                          Average mapped length |	295.36
                       Number of splices: Total |	6932087
            Number of splices: Annotated (sjdb) |	0
                       Number of splices: GT/AG |	6914876
                       Number of splices: GC/AG |	11263
                       Number of splices: AT/AC |	533
               Number of splices: Non-canonical |	5415
                      Mismatch rate per base, % |	0.30%
                         Deletion rate per base |	0.00%
                        Deletion average length |	1.37
                        Insertion rate per base |	0.01%
                       Insertion average length |	1.49
                             MULTI-MAPPING READS:
        Number of reads mapped to multiple loci |	4789658
             % of reads mapped to multiple loci |	11.29%
        Number of reads mapped to too many loci |	11053
             % of reads mapped to too many loci |	0.03%
                                  UNMAPPED READS:
       % of reads unmapped: too many mismatches |	0.00%
                 % of reads unmapped: too short |	72.92%
                     % of reads unmapped: other |	0.02%
                                  CHIMERIC READS:
                       Number of chimeric reads |	0
                            % of chimeric reads |	0.00%
