                                 Started job on |	Jun 13 18:19:19
                             Started mapping on |	Jun 13 18:19:35
                                    Finished on |	Jun 13 19:22:54
       Mapping speed, Million of reads per hour |	41.54

                          Number of input reads |	43834325
                      Average input read length |	296
                                    UNIQUE READS:
                   Uniquely mapped reads number |	4062687
                        Uniquely mapped reads % |	9.27%
                          Average mapped length |	295.32
                       Number of splices: Total |	4055378
            Number of splices: Annotated (sjdb) |	0
                       Number of splices: GT/AG |	4043667
                       Number of splices: GC/AG |	7563
                       Number of splices: AT/AC |	335
               Number of splices: Non-canonical |	3813
                      Mismatch rate per base, % |	0.29%
                         Deletion rate per base |	0.00%
                        Deletion average length |	1.41
                        Insertion rate per base |	0.01%
                       Insertion average length |	1.50
                             MULTI-MAPPING READS:
        Number of reads mapped to multiple loci |	3917769
             % of reads mapped to multiple loci |	8.94%
        Number of reads mapped to too many loci |	7936
             % of reads mapped to too many loci |	0.02%
                                  UNMAPPED READS:
       % of reads unmapped: too many mismatches |	0.00%
                 % of reads unmapped: too short |	81.75%
                     % of reads unmapped: other |	0.02%
                                  CHIMERIC READS:
                       Number of chimeric reads |	0
                            % of chimeric reads |	0.00%
