                                 Started job on |	May 30 22:02:24
                             Started mapping on |	May 30 22:02:37
                                    Finished on |	May 30 22:35:50
       Mapping speed, Million of reads per hour |	115.48

                          Number of input reads |	63931686
                      Average input read length |	298
                                    UNIQUE READS:
                   Uniquely mapped reads number |	24573855
                        Uniquely mapped reads % |	38.44%
                          Average mapped length |	295.58
                       Number of splices: Total |	24112436
            Number of splices: Annotated (sjdb) |	0
                       Number of splices: GT/AG |	24033908
                       Number of splices: GC/AG |	55822
                       Number of splices: AT/AC |	1557
               Number of splices: Non-canonical |	21149
                      Mismatch rate per base, % |	0.28%
                         Deletion rate per base |	0.00%
                        Deletion average length |	1.45
                        Insertion rate per base |	0.00%
                       Insertion average length |	1.55
                             MULTI-MAPPING READS:
        Number of reads mapped to multiple loci |	26728982
             % of reads mapped to multiple loci |	41.81%
        Number of reads mapped to too many loci |	34387
             % of reads mapped to too many loci |	0.05%
                                  UNMAPPED READS:
       % of reads unmapped: too many mismatches |	0.00%
                 % of reads unmapped: too short |	19.69%
                     % of reads unmapped: other |	0.01%
                                  CHIMERIC READS:
                       Number of chimeric reads |	0
                            % of chimeric reads |	0.00%
