                                 Started job on |	Jun 07 22:53:47
                             Started mapping on |	Jun 07 22:54:02
                                    Finished on |	Jun 07 23:47:26
       Mapping speed, Million of reads per hour |	67.31

                          Number of input reads |	59906454
                      Average input read length |	297
                                    UNIQUE READS:
                   Uniquely mapped reads number |	13482211
                        Uniquely mapped reads % |	22.51%
                          Average mapped length |	295.76
                       Number of splices: Total |	14038975
            Number of splices: Annotated (sjdb) |	0
                       Number of splices: GT/AG |	13998842
                       Number of splices: GC/AG |	26047
                       Number of splices: AT/AC |	940
               Number of splices: Non-canonical |	13146
                      Mismatch rate per base, % |	0.28%
                         Deletion rate per base |	0.00%
                        Deletion average length |	1.40
                        Insertion rate per base |	0.00%
                       Insertion average length |	1.57
                             MULTI-MAPPING READS:
        Number of reads mapped to multiple loci |	18265084
             % of reads mapped to multiple loci |	30.49%
        Number of reads mapped to too many loci |	16182
             % of reads mapped to too many loci |	0.03%
                                  UNMAPPED READS:
       % of reads unmapped: too many mismatches |	0.00%
                 % of reads unmapped: too short |	46.96%
                     % of reads unmapped: other |	0.01%
                                  CHIMERIC READS:
                       Number of chimeric reads |	0
                            % of chimeric reads |	0.00%
