                                 Started job on |	Jun 06 03:24:11
                             Started mapping on |	Jun 06 03:24:27
                                    Finished on |	Jun 06 03:57:38
       Mapping speed, Million of reads per hour |	109.82

                          Number of input reads |	60736919
                      Average input read length |	298
                                    UNIQUE READS:
                   Uniquely mapped reads number |	20650273
                        Uniquely mapped reads % |	34.00%
                          Average mapped length |	295.63
                       Number of splices: Total |	20927735
            Number of splices: Annotated (sjdb) |	0
                       Number of splices: GT/AG |	20860566
                       Number of splices: GC/AG |	46897
                       Number of splices: AT/AC |	1395
               Number of splices: Non-canonical |	18877
                      Mismatch rate per base, % |	0.28%
                         Deletion rate per base |	0.00%
                        Deletion average length |	1.45
                        Insertion rate per base |	0.00%
                       Insertion average length |	1.55
                             MULTI-MAPPING READS:
        Number of reads mapped to multiple loci |	25639788
             % of reads mapped to multiple loci |	42.21%
        Number of reads mapped to too many loci |	28243
             % of reads mapped to too many loci |	0.05%
                                  UNMAPPED READS:
       % of reads unmapped: too many mismatches |	0.00%
                 % of reads unmapped: too short |	23.73%
                     % of reads unmapped: other |	0.01%
                                  CHIMERIC READS:
                       Number of chimeric reads |	0
                            % of chimeric reads |	0.00%
