                                 Started job on |	Jun 20 00:44:28
                             Started mapping on |	Jun 20 00:44:45
                                    Finished on |	Jun 20 01:48:26
       Mapping speed, Million of reads per hour |	38.05

                          Number of input reads |	40387853
                      Average input read length |	295
                                    UNIQUE READS:
                   Uniquely mapped reads number |	1008109
                        Uniquely mapped reads % |	2.50%
                          Average mapped length |	294.76
                       Number of splices: Total |	935101
            Number of splices: Annotated (sjdb) |	0
                       Number of splices: GT/AG |	931925
                       Number of splices: GC/AG |	1968
                       Number of splices: AT/AC |	113
               Number of splices: Non-canonical |	1095
                      Mismatch rate per base, % |	0.29%
                         Deletion rate per base |	0.01%
                        Deletion average length |	1.43
                        Insertion rate per base |	0.01%
                       Insertion average length |	1.50
                             MULTI-MAPPING READS:
        Number of reads mapped to multiple loci |	936084
             % of reads mapped to multiple loci |	2.32%
        Number of reads mapped to too many loci |	5592
             % of reads mapped to too many loci |	0.01%
                                  UNMAPPED READS:
       % of reads unmapped: too many mismatches |	0.00%
                 % of reads unmapped: too short |	95.16%
                     % of reads unmapped: other |	0.02%
                                  CHIMERIC READS:
                       Number of chimeric reads |	0
                            % of chimeric reads |	0.00%
