                                 Started job on |	Jun 13 20:39:25
                             Started mapping on |	Jun 13 20:39:42
                                    Finished on |	Jun 13 21:47:31
       Mapping speed, Million of reads per hour |	40.26

                          Number of input reads |	45500348
                      Average input read length |	296
                                    UNIQUE READS:
                   Uniquely mapped reads number |	3383169
                        Uniquely mapped reads % |	7.44%
                          Average mapped length |	295.22
                       Number of splices: Total |	3317071
            Number of splices: Annotated (sjdb) |	0
                       Number of splices: GT/AG |	3307046
                       Number of splices: GC/AG |	6236
                       Number of splices: AT/AC |	320
               Number of splices: Non-canonical |	3469
                      Mismatch rate per base, % |	0.29%
                         Deletion rate per base |	0.00%
                        Deletion average length |	1.44
                        Insertion rate per base |	0.01%
                       Insertion average length |	1.51
                             MULTI-MAPPING READS:
        Number of reads mapped to multiple loci |	3772947
             % of reads mapped to multiple loci |	8.29%
        Number of reads mapped to too many loci |	7713
             % of reads mapped to too many loci |	0.02%
                                  UNMAPPED READS:
       % of reads unmapped: too many mismatches |	0.00%
                 % of reads unmapped: too short |	84.24%
                     % of reads unmapped: other |	0.02%
                                  CHIMERIC READS:
                       Number of chimeric reads |	0
                            % of chimeric reads |	0.00%
