                                 Started job on |	Jun 07 21:32:42
                             Started mapping on |	Jun 07 21:32:56
                                    Finished on |	Jun 07 22:10:40
       Mapping speed, Million of reads per hour |	86.05

                          Number of input reads |	54117708
                      Average input read length |	297
                                    UNIQUE READS:
                   Uniquely mapped reads number |	16290287
                        Uniquely mapped reads % |	30.10%
                          Average mapped length |	295.44
                       Number of splices: Total |	16693779
            Number of splices: Annotated (sjdb) |	0
                       Number of splices: GT/AG |	16641815
                       Number of splices: GC/AG |	35908
                       Number of splices: AT/AC |	1248
               Number of splices: Non-canonical |	14808
                      Mismatch rate per base, % |	0.28%
                         Deletion rate per base |	0.00%
                        Deletion average length |	1.42
                        Insertion rate per base |	0.00%
                       Insertion average length |	1.58
                             MULTI-MAPPING READS:
        Number of reads mapped to multiple loci |	19331233
             % of reads mapped to multiple loci |	35.72%
        Number of reads mapped to too many loci |	17107
             % of reads mapped to too many loci |	0.03%
                                  UNMAPPED READS:
       % of reads unmapped: too many mismatches |	0.00%
                 % of reads unmapped: too short |	34.13%
                     % of reads unmapped: other |	0.01%
                                  CHIMERIC READS:
                       Number of chimeric reads |	0
                            % of chimeric reads |	0.00%
