                                 Started job on |	Jun 06 05:46:46
                             Started mapping on |	Jun 06 05:47:01
                                    Finished on |	Jun 06 06:28:17
       Mapping speed, Million of reads per hour |	95.54

                          Number of input reads |	65710552
                      Average input read length |	298
                                    UNIQUE READS:
                   Uniquely mapped reads number |	20029075
                        Uniquely mapped reads % |	30.48%
                          Average mapped length |	295.76
                       Number of splices: Total |	20710250
            Number of splices: Annotated (sjdb) |	0
                       Number of splices: GT/AG |	20647748
                       Number of splices: GC/AG |	42594
                       Number of splices: AT/AC |	1263
               Number of splices: Non-canonical |	18645
                      Mismatch rate per base, % |	0.28%
                         Deletion rate per base |	0.00%
                        Deletion average length |	1.42
                        Insertion rate per base |	0.00%
                       Insertion average length |	1.55
                             MULTI-MAPPING READS:
        Number of reads mapped to multiple loci |	27072729
             % of reads mapped to multiple loci |	41.20%
        Number of reads mapped to too many loci |	27417
             % of reads mapped to too many loci |	0.04%
                                  UNMAPPED READS:
       % of reads unmapped: too many mismatches |	0.00%
                 % of reads unmapped: too short |	28.27%
                     % of reads unmapped: other |	0.01%
                                  CHIMERIC READS:
                       Number of chimeric reads |	0
                            % of chimeric reads |	0.00%
