                                 Started job on |	Jun 03 18:41:14
                             Started mapping on |	Jun 03 18:41:30
                                    Finished on |	Jun 03 19:04:27
       Mapping speed, Million of reads per hour |	138.72

                          Number of input reads |	53062066
                      Average input read length |	298
                                    UNIQUE READS:
                   Uniquely mapped reads number |	20592226
                        Uniquely mapped reads % |	38.81%
                          Average mapped length |	295.75
                       Number of splices: Total |	19481790
            Number of splices: Annotated (sjdb) |	0
                       Number of splices: GT/AG |	19408858
                       Number of splices: GC/AG |	53882
                       Number of splices: AT/AC |	1438
               Number of splices: Non-canonical |	17612
                      Mismatch rate per base, % |	0.27%
                         Deletion rate per base |	0.00%
                        Deletion average length |	1.47
                        Insertion rate per base |	0.00%
                       Insertion average length |	1.57
                             MULTI-MAPPING READS:
        Number of reads mapped to multiple loci |	23287926
             % of reads mapped to multiple loci |	43.89%
        Number of reads mapped to too many loci |	25590
             % of reads mapped to too many loci |	0.05%
                                  UNMAPPED READS:
       % of reads unmapped: too many mismatches |	0.00%
                 % of reads unmapped: too short |	17.25%
                     % of reads unmapped: other |	0.01%
                                  CHIMERIC READS:
                       Number of chimeric reads |	0
                            % of chimeric reads |	0.00%
