                                 Started job on |	Jun 20 03:17:13
                             Started mapping on |	Jun 20 03:17:30
                                    Finished on |	Jun 20 04:32:29
       Mapping speed, Million of reads per hour |	37.93

                          Number of input reads |	47403441
                      Average input read length |	294
                                    UNIQUE READS:
                   Uniquely mapped reads number |	935439
                        Uniquely mapped reads % |	1.97%
                          Average mapped length |	294.06
                       Number of splices: Total |	860631
            Number of splices: Annotated (sjdb) |	0
                       Number of splices: GT/AG |	857696
                       Number of splices: GC/AG |	1788
                       Number of splices: AT/AC |	114
               Number of splices: Non-canonical |	1033
                      Mismatch rate per base, % |	0.29%
                         Deletion rate per base |	0.01%
                        Deletion average length |	1.43
                        Insertion rate per base |	0.01%
                       Insertion average length |	1.53
                             MULTI-MAPPING READS:
        Number of reads mapped to multiple loci |	848253
             % of reads mapped to multiple loci |	1.79%
        Number of reads mapped to too many loci |	5655
             % of reads mapped to too many loci |	0.01%
                                  UNMAPPED READS:
       % of reads unmapped: too many mismatches |	0.00%
                 % of reads unmapped: too short |	96.21%
                     % of reads unmapped: other |	0.02%
                                  CHIMERIC READS:
                       Number of chimeric reads |	0
                            % of chimeric reads |	0.00%
