                                 Started job on |	Jun 21 10:13:44
                             Started mapping on |	Jun 21 10:13:46
                                    Finished on |	Jun 21 10:21:09
       Mapping speed, Million of reads per hour |	277.83

                          Number of input reads |	34188391
                      Average input read length |	294
                                    UNIQUE READS:
                   Uniquely mapped reads number |	30447271
                        Uniquely mapped reads % |	89.06%
                          Average mapped length |	273.45
                       Number of splices: Total |	7912933
            Number of splices: Annotated (sjdb) |	7359865
                       Number of splices: GT/AG |	7860271
                       Number of splices: GC/AG |	6887
                       Number of splices: AT/AC |	4893
               Number of splices: Non-canonical |	40882
                      Mismatch rate per base, % |	0.52%
                         Deletion rate per base |	0.02%
                        Deletion average length |	1.85
                        Insertion rate per base |	0.05%
                       Insertion average length |	1.92
                             MULTI-MAPPING READS:
        Number of reads mapped to multiple loci |	3639232
             % of reads mapped to multiple loci |	10.64%
        Number of reads mapped to too many loci |	36525
             % of reads mapped to too many loci |	0.11%
                                  UNMAPPED READS:
       % of reads unmapped: too many mismatches |	0.07%
                 % of reads unmapped: too short |	0.09%
                     % of reads unmapped: other |	0.03%
                                  CHIMERIC READS:
                       Number of chimeric reads |	0
                            % of chimeric reads |	0.00%
