                                 Started job on |	Jun 06 13:02:49
                             Started mapping on |	Jun 06 13:02:51
                                    Finished on |	Jun 06 13:07:24
       Mapping speed, Million of reads per hour |	168.22

                          Number of input reads |	12756876
                      Average input read length |	292
                                    UNIQUE READS:
                   Uniquely mapped reads number |	11048550
                        Uniquely mapped reads % |	86.61%
                          Average mapped length |	266.75
                       Number of splices: Total |	2271589
            Number of splices: Annotated (sjdb) |	2073972
                       Number of splices: GT/AG |	2241129
                       Number of splices: GC/AG |	4877
                       Number of splices: AT/AC |	3489
               Number of splices: Non-canonical |	22094
                      Mismatch rate per base, % |	0.93%
                         Deletion rate per base |	0.03%
                        Deletion average length |	1.87
                        Insertion rate per base |	0.06%
                       Insertion average length |	2.20
                             MULTI-MAPPING READS:
        Number of reads mapped to multiple loci |	1498917
             % of reads mapped to multiple loci |	11.75%
        Number of reads mapped to too many loci |	14913
             % of reads mapped to too many loci |	0.12%
                                  UNMAPPED READS:
       % of reads unmapped: too many mismatches |	0.02%
                 % of reads unmapped: too short |	1.32%
                     % of reads unmapped: other |	0.18%
                                  CHIMERIC READS:
                       Number of chimeric reads |	0
                            % of chimeric reads |	0.00%
