                                 Started job on |	Jun 14 11:10:07
                             Started mapping on |	Jun 14 11:10:09
                                    Finished on |	Jun 14 11:23:39
       Mapping speed, Million of reads per hour |	172.53

                          Number of input reads |	38819929
                      Average input read length |	295
                                    UNIQUE READS:
                   Uniquely mapped reads number |	36527843
                        Uniquely mapped reads % |	94.10%
                          Average mapped length |	291.00
                       Number of splices: Total |	10092892
            Number of splices: Annotated (sjdb) |	9196494
                       Number of splices: GT/AG |	10021302
                       Number of splices: GC/AG |	6230
                       Number of splices: AT/AC |	7188
               Number of splices: Non-canonical |	58172
                      Mismatch rate per base, % |	0.59%
                         Deletion rate per base |	0.02%
                        Deletion average length |	1.86
                        Insertion rate per base |	0.06%
                       Insertion average length |	1.88
                             MULTI-MAPPING READS:
        Number of reads mapped to multiple loci |	2168774
             % of reads mapped to multiple loci |	5.59%
        Number of reads mapped to too many loci |	25008
             % of reads mapped to too many loci |	0.06%
                                  UNMAPPED READS:
       % of reads unmapped: too many mismatches |	0.01%
                 % of reads unmapped: too short |	0.19%
                     % of reads unmapped: other |	0.05%
                                  CHIMERIC READS:
                       Number of chimeric reads |	0
                            % of chimeric reads |	0.00%
