                                 Started job on |	Jun 14 08:48:29
                             Started mapping on |	Jun 14 08:48:31
                                    Finished on |	Jun 14 08:57:40
       Mapping speed, Million of reads per hour |	162.00

                          Number of input reads |	24705056
                      Average input read length |	293
                                    UNIQUE READS:
                   Uniquely mapped reads number |	23166659
                        Uniquely mapped reads % |	93.77%
                          Average mapped length |	289.08
                       Number of splices: Total |	6266102
            Number of splices: Annotated (sjdb) |	5693823
                       Number of splices: GT/AG |	6221211
                       Number of splices: GC/AG |	4923
                       Number of splices: AT/AC |	4084
               Number of splices: Non-canonical |	35884
                      Mismatch rate per base, % |	0.71%
                         Deletion rate per base |	0.02%
                        Deletion average length |	1.85
                        Insertion rate per base |	0.06%
                       Insertion average length |	1.88
                             MULTI-MAPPING READS:
        Number of reads mapped to multiple loci |	1420025
             % of reads mapped to multiple loci |	5.75%
        Number of reads mapped to too many loci |	20827
             % of reads mapped to too many loci |	0.08%
                                  UNMAPPED READS:
       % of reads unmapped: too many mismatches |	0.01%
                 % of reads unmapped: too short |	0.31%
                     % of reads unmapped: other |	0.07%
                                  CHIMERIC READS:
                       Number of chimeric reads |	0
                            % of chimeric reads |	0.00%
