                                 Started job on |	Jun 03 20:47:25
                             Started mapping on |	Jun 03 20:47:27
                                    Finished on |	Jun 03 20:51:03
       Mapping speed, Million of reads per hour |	174.16

                          Number of input reads |	10449801
                      Average input read length |	292
                                    UNIQUE READS:
                   Uniquely mapped reads number |	9301964
                        Uniquely mapped reads % |	89.02%
                          Average mapped length |	283.80
                       Number of splices: Total |	1863200
            Number of splices: Annotated (sjdb) |	1692630
                       Number of splices: GT/AG |	1838759
                       Number of splices: GC/AG |	3962
                       Number of splices: AT/AC |	3226
               Number of splices: Non-canonical |	17253
                      Mismatch rate per base, % |	0.96%
                         Deletion rate per base |	0.02%
                        Deletion average length |	1.84
                        Insertion rate per base |	0.06%
                       Insertion average length |	2.16
                             MULTI-MAPPING READS:
        Number of reads mapped to multiple loci |	891109
             % of reads mapped to multiple loci |	8.53%
        Number of reads mapped to too many loci |	15818
             % of reads mapped to too many loci |	0.15%
                                  UNMAPPED READS:
       % of reads unmapped: too many mismatches |	0.03%
                 % of reads unmapped: too short |	2.04%
                     % of reads unmapped: other |	0.24%
                                  CHIMERIC READS:
                       Number of chimeric reads |	0
                            % of chimeric reads |	0.00%
