                                 Started job on |	Jun 21 02:35:29
                             Started mapping on |	Jun 21 02:35:31
                                    Finished on |	Jun 21 02:44:42
       Mapping speed, Million of reads per hour |	247.57

                          Number of input reads |	37891537
                      Average input read length |	295
                                    UNIQUE READS:
                   Uniquely mapped reads number |	33267693
                        Uniquely mapped reads % |	87.80%
                          Average mapped length |	273.74
                       Number of splices: Total |	9551895
            Number of splices: Annotated (sjdb) |	8793357
                       Number of splices: GT/AG |	9494256
                       Number of splices: GC/AG |	4630
                       Number of splices: AT/AC |	5323
               Number of splices: Non-canonical |	47686
                      Mismatch rate per base, % |	0.53%
                         Deletion rate per base |	0.02%
                        Deletion average length |	1.84
                        Insertion rate per base |	0.06%
                       Insertion average length |	1.85
                             MULTI-MAPPING READS:
        Number of reads mapped to multiple loci |	4530112
             % of reads mapped to multiple loci |	11.96%
        Number of reads mapped to too many loci |	18364
             % of reads mapped to too many loci |	0.05%
                                  UNMAPPED READS:
       % of reads unmapped: too many mismatches |	0.01%
                 % of reads unmapped: too short |	0.15%
                     % of reads unmapped: other |	0.04%
                                  CHIMERIC READS:
                       Number of chimeric reads |	0
                            % of chimeric reads |	0.00%
