                                 Started job on |	Jun 21 07:44:45
                             Started mapping on |	Jun 21 07:44:47
                                    Finished on |	Jun 21 07:53:31
       Mapping speed, Million of reads per hour |	292.64

                          Number of input reads |	42595077
                      Average input read length |	295
                                    UNIQUE READS:
                   Uniquely mapped reads number |	35958298
                        Uniquely mapped reads % |	84.42%
                          Average mapped length |	254.96
                       Number of splices: Total |	10192811
            Number of splices: Annotated (sjdb) |	9562238
                       Number of splices: GT/AG |	10139541
                       Number of splices: GC/AG |	7746
                       Number of splices: AT/AC |	5287
               Number of splices: Non-canonical |	40237
                      Mismatch rate per base, % |	0.50%
                         Deletion rate per base |	0.02%
                        Deletion average length |	1.84
                        Insertion rate per base |	0.05%
                       Insertion average length |	1.86
                             MULTI-MAPPING READS:
        Number of reads mapped to multiple loci |	6545457
             % of reads mapped to multiple loci |	15.37%
        Number of reads mapped to too many loci |	29490
             % of reads mapped to too many loci |	0.07%
                                  UNMAPPED READS:
       % of reads unmapped: too many mismatches |	0.04%
                 % of reads unmapped: too short |	0.08%
                     % of reads unmapped: other |	0.03%
                                  CHIMERIC READS:
                       Number of chimeric reads |	0
                            % of chimeric reads |	0.00%
