                                 Started job on |	Jun 14 07:03:32
                             Started mapping on |	Jun 14 07:03:34
                                    Finished on |	Jun 14 07:14:15
       Mapping speed, Million of reads per hour |	167.48

                          Number of input reads |	29820404
                      Average input read length |	294
                                    UNIQUE READS:
                   Uniquely mapped reads number |	27950786
                        Uniquely mapped reads % |	93.73%
                          Average mapped length |	289.81
                       Number of splices: Total |	6786866
            Number of splices: Annotated (sjdb) |	6151785
                       Number of splices: GT/AG |	6723432
                       Number of splices: GC/AG |	7185
                       Number of splices: AT/AC |	5706
               Number of splices: Non-canonical |	50543
                      Mismatch rate per base, % |	0.73%
                         Deletion rate per base |	0.02%
                        Deletion average length |	1.89
                        Insertion rate per base |	0.07%
                       Insertion average length |	1.86
                             MULTI-MAPPING READS:
        Number of reads mapped to multiple loci |	1738074
             % of reads mapped to multiple loci |	5.83%
        Number of reads mapped to too many loci |	32574
             % of reads mapped to too many loci |	0.11%
                                  UNMAPPED READS:
       % of reads unmapped: too many mismatches |	0.01%
                 % of reads unmapped: too short |	0.24%
                     % of reads unmapped: other |	0.08%
                                  CHIMERIC READS:
                       Number of chimeric reads |	0
                            % of chimeric reads |	0.00%
