                                 Started job on |	May 30 23:47:19
                             Started mapping on |	May 30 23:47:21
                                    Finished on |	May 30 23:50:31
       Mapping speed, Million of reads per hour |	191.79

                          Number of input reads |	10122111
                      Average input read length |	291
                                    UNIQUE READS:
                   Uniquely mapped reads number |	7560165
                        Uniquely mapped reads % |	74.69%
                          Average mapped length |	233.12
                       Number of splices: Total |	1188110
            Number of splices: Annotated (sjdb) |	1078976
                       Number of splices: GT/AG |	1176580
                       Number of splices: GC/AG |	2503
                       Number of splices: AT/AC |	1272
               Number of splices: Non-canonical |	7755
                      Mismatch rate per base, % |	0.90%
                         Deletion rate per base |	0.02%
                        Deletion average length |	1.83
                        Insertion rate per base |	0.05%
                       Insertion average length |	2.07
                             MULTI-MAPPING READS:
        Number of reads mapped to multiple loci |	2371608
             % of reads mapped to multiple loci |	23.43%
        Number of reads mapped to too many loci |	16839
             % of reads mapped to too many loci |	0.17%
                                  UNMAPPED READS:
       % of reads unmapped: too many mismatches |	0.03%
                 % of reads unmapped: too short |	1.52%
                     % of reads unmapped: other |	0.17%
                                  CHIMERIC READS:
                       Number of chimeric reads |	0
                            % of chimeric reads |	0.00%
