                                 Started job on |	May 31 07:51:05
                             Started mapping on |	May 31 07:51:07
                                    Finished on |	May 31 07:54:13
       Mapping speed, Million of reads per hour |	232.97

                          Number of input reads |	12036602
                      Average input read length |	292
                                    UNIQUE READS:
                   Uniquely mapped reads number |	9130500
                        Uniquely mapped reads % |	75.86%
                          Average mapped length |	203.15
                       Number of splices: Total |	1678089
            Number of splices: Annotated (sjdb) |	1566539
                       Number of splices: GT/AG |	1666392
                       Number of splices: GC/AG |	2548
                       Number of splices: AT/AC |	1616
               Number of splices: Non-canonical |	7533
                      Mismatch rate per base, % |	0.77%
                         Deletion rate per base |	0.02%
                        Deletion average length |	1.84
                        Insertion rate per base |	0.05%
                       Insertion average length |	2.08
                             MULTI-MAPPING READS:
        Number of reads mapped to multiple loci |	2780932
             % of reads mapped to multiple loci |	23.10%
        Number of reads mapped to too many loci |	8803
             % of reads mapped to too many loci |	0.07%
                                  UNMAPPED READS:
       % of reads unmapped: too many mismatches |	0.01%
                 % of reads unmapped: too short |	0.85%
                     % of reads unmapped: other |	0.11%
                                  CHIMERIC READS:
                       Number of chimeric reads |	0
                            % of chimeric reads |	0.00%
