                                 Started job on |	Jun 06 12:00:01
                             Started mapping on |	Jun 06 12:00:02
                                    Finished on |	Jun 06 12:04:16
       Mapping speed, Million of reads per hour |	193.62

                          Number of input reads |	13660685
                      Average input read length |	293
                                    UNIQUE READS:
                   Uniquely mapped reads number |	10998064
                        Uniquely mapped reads % |	80.51%
                          Average mapped length |	238.57
                       Number of splices: Total |	2120488
            Number of splices: Annotated (sjdb) |	1972881
                       Number of splices: GT/AG |	2100445
                       Number of splices: GC/AG |	2839
                       Number of splices: AT/AC |	3807
               Number of splices: Non-canonical |	13397
                      Mismatch rate per base, % |	0.79%
                         Deletion rate per base |	0.02%
                        Deletion average length |	1.87
                        Insertion rate per base |	0.06%
                       Insertion average length |	2.02
                             MULTI-MAPPING READS:
        Number of reads mapped to multiple loci |	2504527
             % of reads mapped to multiple loci |	18.33%
        Number of reads mapped to too many loci |	9852
             % of reads mapped to too many loci |	0.07%
                                  UNMAPPED READS:
       % of reads unmapped: too many mismatches |	0.01%
                 % of reads unmapped: too short |	0.94%
                     % of reads unmapped: other |	0.13%
                                  CHIMERIC READS:
                       Number of chimeric reads |	0
                            % of chimeric reads |	0.00%
