                                 Started job on |	Jun 06 14:14:36
                             Started mapping on |	Jun 06 14:14:38
                                    Finished on |	Jun 06 14:20:36
       Mapping speed, Million of reads per hour |	158.23

                          Number of input reads |	15734705
                      Average input read length |	292
                                    UNIQUE READS:
                   Uniquely mapped reads number |	13799539
                        Uniquely mapped reads % |	87.70%
                          Average mapped length |	267.88
                       Number of splices: Total |	2978878
            Number of splices: Annotated (sjdb) |	2714996
                       Number of splices: GT/AG |	2937111
                       Number of splices: GC/AG |	7277
                       Number of splices: AT/AC |	3860
               Number of splices: Non-canonical |	30630
                      Mismatch rate per base, % |	0.91%
                         Deletion rate per base |	0.02%
                        Deletion average length |	1.88
                        Insertion rate per base |	0.06%
                       Insertion average length |	2.21
                             MULTI-MAPPING READS:
        Number of reads mapped to multiple loci |	1722399
             % of reads mapped to multiple loci |	10.95%
        Number of reads mapped to too many loci |	22022
             % of reads mapped to too many loci |	0.14%
                                  UNMAPPED READS:
       % of reads unmapped: too many mismatches |	0.02%
                 % of reads unmapped: too short |	1.04%
                     % of reads unmapped: other |	0.16%
                                  CHIMERIC READS:
                       Number of chimeric reads |	0
                            % of chimeric reads |	0.00%
