                                 Started job on |	Jun 08 08:31:06
                             Started mapping on |	Jun 08 08:31:08
                                    Finished on |	Jun 08 08:35:59
       Mapping speed, Million of reads per hour |	188.88

                          Number of input reads |	15268192
                      Average input read length |	293
                                    UNIQUE READS:
                   Uniquely mapped reads number |	12808758
                        Uniquely mapped reads % |	83.89%
                          Average mapped length |	250.23
                       Number of splices: Total |	2854851
            Number of splices: Annotated (sjdb) |	2610315
                       Number of splices: GT/AG |	2816205
                       Number of splices: GC/AG |	8308
                       Number of splices: AT/AC |	3227
               Number of splices: Non-canonical |	27111
                      Mismatch rate per base, % |	0.88%
                         Deletion rate per base |	0.02%
                        Deletion average length |	1.87
                        Insertion rate per base |	0.06%
                       Insertion average length |	2.25
                             MULTI-MAPPING READS:
        Number of reads mapped to multiple loci |	2302261
             % of reads mapped to multiple loci |	15.08%
        Number of reads mapped to too many loci |	12473
             % of reads mapped to too many loci |	0.08%
                                  UNMAPPED READS:
       % of reads unmapped: too many mismatches |	0.01%
                 % of reads unmapped: too short |	0.79%
                     % of reads unmapped: other |	0.14%
                                  CHIMERIC READS:
                       Number of chimeric reads |	0
                            % of chimeric reads |	0.00%
