                                 Started job on |	May 30 23:19:05
                             Started mapping on |	May 30 23:19:20
                                    Finished on |	May 30 23:47:19
       Mapping speed, Million of reads per hour |	120.52

                          Number of input reads |	56208450
                      Average input read length |	298
                                    UNIQUE READS:
                   Uniquely mapped reads number |	25078377
                        Uniquely mapped reads % |	44.62%
                          Average mapped length |	294.36
                       Number of splices: Total |	26769503
            Number of splices: Annotated (sjdb) |	0
                       Number of splices: GT/AG |	26704427
                       Number of splices: GC/AG |	46507
                       Number of splices: AT/AC |	1556
               Number of splices: Non-canonical |	17013
                      Mismatch rate per base, % |	0.36%
                         Deletion rate per base |	0.00%
                        Deletion average length |	1.46
                        Insertion rate per base |	0.00%
                       Insertion average length |	1.54
                             MULTI-MAPPING READS:
        Number of reads mapped to multiple loci |	21130231
             % of reads mapped to multiple loci |	37.59%
        Number of reads mapped to too many loci |	36291
             % of reads mapped to too many loci |	0.06%
                                  UNMAPPED READS:
       % of reads unmapped: too many mismatches |	0.00%
                 % of reads unmapped: too short |	17.72%
                     % of reads unmapped: other |	0.01%
                                  CHIMERIC READS:
                       Number of chimeric reads |	0
                            % of chimeric reads |	0.00%
