                                 Started job on |	Jun 21 08:28:05
                             Started mapping on |	Jun 21 08:30:42
                                    Finished on |	Jun 21 09:27:55
       Mapping speed, Million of reads per hour |	39.18

                          Number of input reads |	37367066
                      Average input read length |	295
                                    UNIQUE READS:
                   Uniquely mapped reads number |	1784323
                        Uniquely mapped reads % |	4.78%
                          Average mapped length |	294.50
                       Number of splices: Total |	1658163
            Number of splices: Annotated (sjdb) |	0
                       Number of splices: GT/AG |	1652921
                       Number of splices: GC/AG |	3334
                       Number of splices: AT/AC |	197
               Number of splices: Non-canonical |	1711
                      Mismatch rate per base, % |	0.33%
                         Deletion rate per base |	0.01%
                        Deletion average length |	1.49
                        Insertion rate per base |	0.01%
                       Insertion average length |	1.56
                             MULTI-MAPPING READS:
        Number of reads mapped to multiple loci |	1404733
             % of reads mapped to multiple loci |	3.76%
        Number of reads mapped to too many loci |	6998
             % of reads mapped to too many loci |	0.02%
                                  UNMAPPED READS:
       % of reads unmapped: too many mismatches |	0.00%
                 % of reads unmapped: too short |	91.43%
                     % of reads unmapped: other |	0.02%
                                  CHIMERIC READS:
                       Number of chimeric reads |	0
                            % of chimeric reads |	0.00%
