                                 Started job on |	Jun 08 07:39:10
                             Started mapping on |	Jun 08 07:39:52
                                    Finished on |	Jun 08 08:12:33
       Mapping speed, Million of reads per hour |	102.42

                          Number of input reads |	55792616
                      Average input read length |	298
                                    UNIQUE READS:
                   Uniquely mapped reads number |	19496273
                        Uniquely mapped reads % |	34.94%
                          Average mapped length |	295.11
                       Number of splices: Total |	22094792
            Number of splices: Annotated (sjdb) |	0
                       Number of splices: GT/AG |	22046403
                       Number of splices: GC/AG |	31945
                       Number of splices: AT/AC |	1133
               Number of splices: Non-canonical |	15311
                      Mismatch rate per base, % |	0.37%
                         Deletion rate per base |	0.00%
                        Deletion average length |	1.44
                        Insertion rate per base |	0.00%
                       Insertion average length |	1.57
                             MULTI-MAPPING READS:
        Number of reads mapped to multiple loci |	21119081
             % of reads mapped to multiple loci |	37.85%
        Number of reads mapped to too many loci |	19742
             % of reads mapped to too many loci |	0.04%
                                  UNMAPPED READS:
       % of reads unmapped: too many mismatches |	0.00%
                 % of reads unmapped: too short |	27.16%
                     % of reads unmapped: other |	0.01%
                                  CHIMERIC READS:
                       Number of chimeric reads |	0
                            % of chimeric reads |	0.00%
