                                 Started job on |	Jun 06 12:14:09
                             Started mapping on |	Jun 06 12:14:25
                                    Finished on |	Jun 06 12:44:52
       Mapping speed, Million of reads per hour |	113.86

                          Number of input reads |	57783710
                      Average input read length |	298
                                    UNIQUE READS:
                   Uniquely mapped reads number |	21609117
                        Uniquely mapped reads % |	37.40%
                          Average mapped length |	294.85
                       Number of splices: Total |	23497467
            Number of splices: Annotated (sjdb) |	0
                       Number of splices: GT/AG |	23438731
                       Number of splices: GC/AG |	41339
                       Number of splices: AT/AC |	1381
               Number of splices: Non-canonical |	16016
                      Mismatch rate per base, % |	0.36%
                         Deletion rate per base |	0.00%
                        Deletion average length |	1.47
                        Insertion rate per base |	0.00%
                       Insertion average length |	1.55
                             MULTI-MAPPING READS:
        Number of reads mapped to multiple loci |	23520552
             % of reads mapped to multiple loci |	40.70%
        Number of reads mapped to too many loci |	27771
             % of reads mapped to too many loci |	0.05%
                                  UNMAPPED READS:
       % of reads unmapped: too many mismatches |	0.00%
                 % of reads unmapped: too short |	21.84%
                     % of reads unmapped: other |	0.01%
                                  CHIMERIC READS:
                       Number of chimeric reads |	0
                            % of chimeric reads |	0.00%
