                                 Started job on |	Jun 14 07:33:06
                             Started mapping on |	Jun 14 07:33:21
                                    Finished on |	Jun 14 08:17:41
       Mapping speed, Million of reads per hour |	48.54

                          Number of input reads |	35862216
                      Average input read length |	295
                                    UNIQUE READS:
                   Uniquely mapped reads number |	5963259
                        Uniquely mapped reads % |	16.63%
                          Average mapped length |	293.98
                       Number of splices: Total |	5988286
            Number of splices: Annotated (sjdb) |	0
                       Number of splices: GT/AG |	5971634
                       Number of splices: GC/AG |	11037
                       Number of splices: AT/AC |	450
               Number of splices: Non-canonical |	5165
                      Mismatch rate per base, % |	0.37%
                         Deletion rate per base |	0.00%
                        Deletion average length |	1.49
                        Insertion rate per base |	0.01%
                       Insertion average length |	1.51
                             MULTI-MAPPING READS:
        Number of reads mapped to multiple loci |	5225796
             % of reads mapped to multiple loci |	14.57%
        Number of reads mapped to too many loci |	9518
             % of reads mapped to too many loci |	0.03%
                                  UNMAPPED READS:
       % of reads unmapped: too many mismatches |	0.00%
                 % of reads unmapped: too short |	68.75%
                     % of reads unmapped: other |	0.02%
                                  CHIMERIC READS:
                       Number of chimeric reads |	0
                            % of chimeric reads |	0.00%
