                                 Started job on |	Jun 08 10:08:11
                             Started mapping on |	Jun 08 10:08:27
                                    Finished on |	Jun 08 11:06:51
       Mapping speed, Million of reads per hour |	49.41

                          Number of input reads |	48091072
                      Average input read length |	296
                                    UNIQUE READS:
                   Uniquely mapped reads number |	10667826
                        Uniquely mapped reads % |	22.18%
                          Average mapped length |	294.45
                       Number of splices: Total |	11299686
            Number of splices: Annotated (sjdb) |	0
                       Number of splices: GT/AG |	11276374
                       Number of splices: GC/AG |	15740
                       Number of splices: AT/AC |	765
               Number of splices: Non-canonical |	6807
                      Mismatch rate per base, % |	0.38%
                         Deletion rate per base |	0.00%
                        Deletion average length |	1.49
                        Insertion rate per base |	0.01%
                       Insertion average length |	1.51
                             MULTI-MAPPING READS:
        Number of reads mapped to multiple loci |	3864161
             % of reads mapped to multiple loci |	8.04%
        Number of reads mapped to too many loci |	11435
             % of reads mapped to too many loci |	0.02%
                                  UNMAPPED READS:
       % of reads unmapped: too many mismatches |	0.00%
                 % of reads unmapped: too short |	69.74%
                     % of reads unmapped: other |	0.02%
                                  CHIMERIC READS:
                       Number of chimeric reads |	0
                            % of chimeric reads |	0.00%
