                                 Started job on |	Jun 21 05:30:45
                             Started mapping on |	Jun 21 05:31:13
                                    Finished on |	Jun 21 06:46:47
       Mapping speed, Million of reads per hour |	37.74

                          Number of input reads |	47532248
                      Average input read length |	295
                                    UNIQUE READS:
                   Uniquely mapped reads number |	2866206
                        Uniquely mapped reads % |	6.03%
                          Average mapped length |	294.78
                       Number of splices: Total |	2656463
            Number of splices: Annotated (sjdb) |	0
                       Number of splices: GT/AG |	2647211
                       Number of splices: GC/AG |	6097
                       Number of splices: AT/AC |	366
               Number of splices: Non-canonical |	2789
                      Mismatch rate per base, % |	0.32%
                         Deletion rate per base |	0.01%
                        Deletion average length |	1.48
                        Insertion rate per base |	0.01%
                       Insertion average length |	1.53
                             MULTI-MAPPING READS:
        Number of reads mapped to multiple loci |	2086223
             % of reads mapped to multiple loci |	4.39%
        Number of reads mapped to too many loci |	6271
             % of reads mapped to too many loci |	0.01%
                                  UNMAPPED READS:
       % of reads unmapped: too many mismatches |	0.00%
                 % of reads unmapped: too short |	89.55%
                     % of reads unmapped: other |	0.02%
                                  CHIMERIC READS:
                       Number of chimeric reads |	0
                            % of chimeric reads |	0.00%
