                                 Started job on |	Jun 14 05:33:53
                             Started mapping on |	Jun 14 05:34:09
                                    Finished on |	Jun 14 06:27:00
       Mapping speed, Million of reads per hour |	46.96

                          Number of input reads |	41361575
                      Average input read length |	295
                                    UNIQUE READS:
                   Uniquely mapped reads number |	7316522
                        Uniquely mapped reads % |	17.69%
                          Average mapped length |	294.04
                       Number of splices: Total |	7473435
            Number of splices: Annotated (sjdb) |	0
                       Number of splices: GT/AG |	7455962
                       Number of splices: GC/AG |	11809
                       Number of splices: AT/AC |	562
               Number of splices: Non-canonical |	5102
                      Mismatch rate per base, % |	0.38%
                         Deletion rate per base |	0.00%
                        Deletion average length |	1.49
                        Insertion rate per base |	0.01%
                       Insertion average length |	1.50
                             MULTI-MAPPING READS:
        Number of reads mapped to multiple loci |	4268415
             % of reads mapped to multiple loci |	10.32%
        Number of reads mapped to too many loci |	9288
             % of reads mapped to too many loci |	0.02%
                                  UNMAPPED READS:
       % of reads unmapped: too many mismatches |	0.00%
                 % of reads unmapped: too short |	71.95%
                     % of reads unmapped: other |	0.02%
                                  CHIMERIC READS:
                       Number of chimeric reads |	0
                            % of chimeric reads |	0.00%
