                                 Started job on |	Jun 03 20:09:16
                             Started mapping on |	Jun 03 20:09:31
                                    Finished on |	Jun 03 20:35:26
       Mapping speed, Million of reads per hour |	138.71

                          Number of input reads |	59915914
                      Average input read length |	298
                                    UNIQUE READS:
                   Uniquely mapped reads number |	24768840
                        Uniquely mapped reads % |	41.34%
                          Average mapped length |	294.97
                       Number of splices: Total |	27251857
            Number of splices: Annotated (sjdb) |	0
                       Number of splices: GT/AG |	27188982
                       Number of splices: GC/AG |	43314
                       Number of splices: AT/AC |	1390
               Number of splices: Non-canonical |	18171
                      Mismatch rate per base, % |	0.35%
                         Deletion rate per base |	0.00%
                        Deletion average length |	1.45
                        Insertion rate per base |	0.00%
                       Insertion average length |	1.54
                             MULTI-MAPPING READS:
        Number of reads mapped to multiple loci |	24810506
             % of reads mapped to multiple loci |	41.41%
        Number of reads mapped to too many loci |	25420
             % of reads mapped to too many loci |	0.04%
                                  UNMAPPED READS:
       % of reads unmapped: too many mismatches |	0.00%
                 % of reads unmapped: too short |	17.20%
                     % of reads unmapped: other |	0.01%
                                  CHIMERIC READS:
                       Number of chimeric reads |	0
                            % of chimeric reads |	0.00%
