                                 Started job on |	Jun 21 00:37:31
                             Started mapping on |	Jun 21 00:37:50
                                    Finished on |	Jun 21 01:44:29
       Mapping speed, Million of reads per hour |	44.31

                          Number of input reads |	49219427
                      Average input read length |	296
                                    UNIQUE READS:
                   Uniquely mapped reads number |	5918064
                        Uniquely mapped reads % |	12.02%
                          Average mapped length |	294.92
                       Number of splices: Total |	5876430
            Number of splices: Annotated (sjdb) |	0
                       Number of splices: GT/AG |	5861576
                       Number of splices: GC/AG |	9445
                       Number of splices: AT/AC |	515
               Number of splices: Non-canonical |	4894
                      Mismatch rate per base, % |	0.34%
                         Deletion rate per base |	0.00%
                        Deletion average length |	1.49
                        Insertion rate per base |	0.01%
                       Insertion average length |	1.51
                             MULTI-MAPPING READS:
        Number of reads mapped to multiple loci |	5443251
             % of reads mapped to multiple loci |	11.06%
        Number of reads mapped to too many loci |	11696
             % of reads mapped to too many loci |	0.02%
                                  UNMAPPED READS:
       % of reads unmapped: too many mismatches |	0.00%
                 % of reads unmapped: too short |	76.88%
                     % of reads unmapped: other |	0.02%
                                  CHIMERIC READS:
                       Number of chimeric reads |	0
                            % of chimeric reads |	0.00%
