                                 Started job on |	May 31 07:06:59
                             Started mapping on |	May 31 07:07:13
                                    Finished on |	May 31 07:37:47
       Mapping speed, Million of reads per hour |	123.85

                          Number of input reads |	63096407
                      Average input read length |	298
                                    UNIQUE READS:
                   Uniquely mapped reads number |	27234198
                        Uniquely mapped reads % |	43.16%
                          Average mapped length |	294.50
                       Number of splices: Total |	28756951
            Number of splices: Annotated (sjdb) |	0
                       Number of splices: GT/AG |	28678381
                       Number of splices: GC/AG |	55686
                       Number of splices: AT/AC |	1701
               Number of splices: Non-canonical |	21183
                      Mismatch rate per base, % |	0.36%
                         Deletion rate per base |	0.00%
                        Deletion average length |	1.47
                        Insertion rate per base |	0.00%
                       Insertion average length |	1.57
                             MULTI-MAPPING READS:
        Number of reads mapped to multiple loci |	23963389
             % of reads mapped to multiple loci |	37.98%
        Number of reads mapped to too many loci |	33139
             % of reads mapped to too many loci |	0.05%
                                  UNMAPPED READS:
       % of reads unmapped: too many mismatches |	0.00%
                 % of reads unmapped: too short |	18.80%
                     % of reads unmapped: other |	0.01%
                                  CHIMERIC READS:
                       Number of chimeric reads |	0
                            % of chimeric reads |	0.00%
