                                 Started job on |	Jun 06 13:17:23
                             Started mapping on |	Jun 06 13:17:43
                                    Finished on |	Jun 06 13:52:15
       Mapping speed, Million of reads per hour |	98.04

                          Number of input reads |	56429091
                      Average input read length |	297
                                    UNIQUE READS:
                   Uniquely mapped reads number |	20366237
                        Uniquely mapped reads % |	36.09%
                          Average mapped length |	294.72
                       Number of splices: Total |	22386577
            Number of splices: Annotated (sjdb) |	0
                       Number of splices: GT/AG |	22330140
                       Number of splices: GC/AG |	39324
                       Number of splices: AT/AC |	1279
               Number of splices: Non-canonical |	15834
                      Mismatch rate per base, % |	0.36%
                         Deletion rate per base |	0.00%
                        Deletion average length |	1.47
                        Insertion rate per base |	0.00%
                       Insertion average length |	1.56
                             MULTI-MAPPING READS:
        Number of reads mapped to multiple loci |	20456034
             % of reads mapped to multiple loci |	36.25%
        Number of reads mapped to too many loci |	21558
             % of reads mapped to too many loci |	0.04%
                                  UNMAPPED READS:
       % of reads unmapped: too many mismatches |	0.00%
                 % of reads unmapped: too short |	27.61%
                     % of reads unmapped: other |	0.01%
                                  CHIMERIC READS:
                       Number of chimeric reads |	0
                            % of chimeric reads |	0.00%
