                                 Started job on |	Jun 06 11:08:05
                             Started mapping on |	Jun 06 11:08:21
                                    Finished on |	Jun 06 11:40:33
       Mapping speed, Million of reads per hour |	108.66

                          Number of input reads |	58312020
                      Average input read length |	298
                                    UNIQUE READS:
                   Uniquely mapped reads number |	20456873
                        Uniquely mapped reads % |	35.08%
                          Average mapped length |	294.31
                       Number of splices: Total |	22955255
            Number of splices: Annotated (sjdb) |	0
                       Number of splices: GT/AG |	22895580
                       Number of splices: GC/AG |	41546
                       Number of splices: AT/AC |	1218
               Number of splices: Non-canonical |	16911
                      Mismatch rate per base, % |	0.38%
                         Deletion rate per base |	0.00%
                        Deletion average length |	1.51
                        Insertion rate per base |	0.00%
                       Insertion average length |	1.55
                             MULTI-MAPPING READS:
        Number of reads mapped to multiple loci |	24307000
             % of reads mapped to multiple loci |	41.68%
        Number of reads mapped to too many loci |	28660
             % of reads mapped to too many loci |	0.05%
                                  UNMAPPED READS:
       % of reads unmapped: too many mismatches |	0.00%
                 % of reads unmapped: too short |	23.18%
                     % of reads unmapped: other |	0.01%
                                  CHIMERIC READS:
                       Number of chimeric reads |	0
                            % of chimeric reads |	0.00%
