                                 Started job on |	Jun 21 03:06:50
                             Started mapping on |	Jun 21 03:07:12
                                    Finished on |	Jun 21 04:13:36
       Mapping speed, Million of reads per hour |	36.73

                          Number of input reads |	40650120
                      Average input read length |	295
                                    UNIQUE READS:
                   Uniquely mapped reads number |	2787922
                        Uniquely mapped reads % |	6.86%
                          Average mapped length |	294.33
                       Number of splices: Total |	2587117
            Number of splices: Annotated (sjdb) |	0
                       Number of splices: GT/AG |	2578902
                       Number of splices: GC/AG |	5352
                       Number of splices: AT/AC |	315
               Number of splices: Non-canonical |	2548
                      Mismatch rate per base, % |	0.34%
                         Deletion rate per base |	0.01%
                        Deletion average length |	1.50
                        Insertion rate per base |	0.01%
                       Insertion average length |	1.53
                             MULTI-MAPPING READS:
        Number of reads mapped to multiple loci |	2172510
             % of reads mapped to multiple loci |	5.34%
        Number of reads mapped to too many loci |	7148
             % of reads mapped to too many loci |	0.02%
                                  UNMAPPED READS:
       % of reads unmapped: too many mismatches |	0.00%
                 % of reads unmapped: too short |	87.76%
                     % of reads unmapped: other |	0.02%
                                  CHIMERIC READS:
                       Number of chimeric reads |	0
                            % of chimeric reads |	0.00%
