                                 Started job on |	Jun 04 21:10:54
                             Started mapping on |	Jun 04 21:11:12
                                    Finished on |	Jun 04 22:46:28
       Mapping speed, Million of reads per hour |	35.33

                          Number of input reads |	56099620
                      Average input read length |	296
                                    UNIQUE READS:
                   Uniquely mapped reads number |	8127714
                        Uniquely mapped reads % |	14.49%
                          Average mapped length |	293.38
                       Number of splices: Total |	7561946
            Number of splices: Annotated (sjdb) |	0
                       Number of splices: GT/AG |	7536132
                       Number of splices: GC/AG |	18712
                       Number of splices: AT/AC |	754
               Number of splices: Non-canonical |	6348
                      Mismatch rate per base, % |	0.31%
                         Deletion rate per base |	0.00%
                        Deletion average length |	1.42
                        Insertion rate per base |	0.00%
                       Insertion average length |	1.54
                             MULTI-MAPPING READS:
        Number of reads mapped to multiple loci |	9755373
             % of reads mapped to multiple loci |	17.39%
        Number of reads mapped to too many loci |	22955
             % of reads mapped to too many loci |	0.04%
                                  UNMAPPED READS:
       % of reads unmapped: too many mismatches |	0.00%
                 % of reads unmapped: too short |	68.07%
                     % of reads unmapped: other |	0.01%
                                  CHIMERIC READS:
                       Number of chimeric reads |	0
                            % of chimeric reads |	0.00%
