                                 Started job on |	Jun 03 19:22:07
                             Started mapping on |	Jun 03 19:22:21
                                    Finished on |	Jun 03 20:13:13
       Mapping speed, Million of reads per hour |	53.52

                          Number of input reads |	45376231
                      Average input read length |	295
                                    UNIQUE READS:
                   Uniquely mapped reads number |	7771206
                        Uniquely mapped reads % |	17.13%
                          Average mapped length |	293.39
                       Number of splices: Total |	7243563
            Number of splices: Annotated (sjdb) |	0
                       Number of splices: GT/AG |	7221133
                       Number of splices: GC/AG |	16708
                       Number of splices: AT/AC |	620
               Number of splices: Non-canonical |	5102
                      Mismatch rate per base, % |	0.31%
                         Deletion rate per base |	0.00%
                        Deletion average length |	1.41
                        Insertion rate per base |	0.00%
                       Insertion average length |	1.53
                             MULTI-MAPPING READS:
        Number of reads mapped to multiple loci |	8851603
             % of reads mapped to multiple loci |	19.51%
        Number of reads mapped to too many loci |	23699
             % of reads mapped to too many loci |	0.05%
                                  UNMAPPED READS:
       % of reads unmapped: too many mismatches |	0.00%
                 % of reads unmapped: too short |	63.30%
                     % of reads unmapped: other |	0.01%
                                  CHIMERIC READS:
                       Number of chimeric reads |	0
                            % of chimeric reads |	0.00%
