                                 Started job on |	May 31 03:04:34
                             Started mapping on |	May 31 03:04:49
                                    Finished on |	May 31 04:24:29
       Mapping speed, Million of reads per hour |	45.10

                          Number of input reads |	59879717
                      Average input read length |	296
                                    UNIQUE READS:
                   Uniquely mapped reads number |	11180549
                        Uniquely mapped reads % |	18.67%
                          Average mapped length |	293.19
                       Number of splices: Total |	10841689
            Number of splices: Annotated (sjdb) |	0
                       Number of splices: GT/AG |	10813568
                       Number of splices: GC/AG |	20452
                       Number of splices: AT/AC |	854
               Number of splices: Non-canonical |	6815
                      Mismatch rate per base, % |	0.34%
                         Deletion rate per base |	0.00%
                        Deletion average length |	1.43
                        Insertion rate per base |	0.01%
                       Insertion average length |	1.54
                             MULTI-MAPPING READS:
        Number of reads mapped to multiple loci |	5654793
             % of reads mapped to multiple loci |	9.44%
        Number of reads mapped to too many loci |	20327
             % of reads mapped to too many loci |	0.03%
                                  UNMAPPED READS:
       % of reads unmapped: too many mismatches |	0.00%
                 % of reads unmapped: too short |	71.84%
                     % of reads unmapped: other |	0.01%
                                  CHIMERIC READS:
                       Number of chimeric reads |	0
                            % of chimeric reads |	0.00%
