                                 Started job on |	Jun 09 21:52:16
                             Started mapping on |	Jun 09 21:52:32
                                    Finished on |	Jun 09 22:38:18
       Mapping speed, Million of reads per hour |	44.15

                          Number of input reads |	33678778
                      Average input read length |	295
                                    UNIQUE READS:
                   Uniquely mapped reads number |	3507932
                        Uniquely mapped reads % |	10.42%
                          Average mapped length |	294.07
                       Number of splices: Total |	3312060
            Number of splices: Annotated (sjdb) |	0
                       Number of splices: GT/AG |	3301312
                       Number of splices: GC/AG |	7822
                       Number of splices: AT/AC |	349
               Number of splices: Non-canonical |	2577
                      Mismatch rate per base, % |	0.31%
                         Deletion rate per base |	0.00%
                        Deletion average length |	1.40
                        Insertion rate per base |	0.00%
                       Insertion average length |	1.54
                             MULTI-MAPPING READS:
        Number of reads mapped to multiple loci |	4027663
             % of reads mapped to multiple loci |	11.96%
        Number of reads mapped to too many loci |	12584
             % of reads mapped to too many loci |	0.04%
                                  UNMAPPED READS:
       % of reads unmapped: too many mismatches |	0.00%
                 % of reads unmapped: too short |	77.57%
                     % of reads unmapped: other |	0.02%
                                  CHIMERIC READS:
                       Number of chimeric reads |	0
                            % of chimeric reads |	0.00%
