                                 Started job on |	Jun 13 09:27:17
                             Started mapping on |	Jun 13 09:27:48
                                    Finished on |	Jun 13 10:27:06
       Mapping speed, Million of reads per hour |	39.64

                          Number of input reads |	39181582
                      Average input read length |	295
                                    UNIQUE READS:
                   Uniquely mapped reads number |	2499542
                        Uniquely mapped reads % |	6.38%
                          Average mapped length |	292.92
                       Number of splices: Total |	2287700
            Number of splices: Annotated (sjdb) |	0
                       Number of splices: GT/AG |	2280207
                       Number of splices: GC/AG |	5396
                       Number of splices: AT/AC |	241
               Number of splices: Non-canonical |	1856
                      Mismatch rate per base, % |	0.31%
                         Deletion rate per base |	0.00%
                        Deletion average length |	1.40
                        Insertion rate per base |	0.00%
                       Insertion average length |	1.50
                             MULTI-MAPPING READS:
        Number of reads mapped to multiple loci |	2909621
             % of reads mapped to multiple loci |	7.43%
        Number of reads mapped to too many loci |	16426
             % of reads mapped to too many loci |	0.04%
                                  UNMAPPED READS:
       % of reads unmapped: too many mismatches |	0.00%
                 % of reads unmapped: too short |	86.14%
                     % of reads unmapped: other |	0.02%
                                  CHIMERIC READS:
                       Number of chimeric reads |	0
                            % of chimeric reads |	0.00%
