                                 Started job on |	Jun 17 11:47:44
                             Started mapping on |	Jun 17 11:48:01
                                    Finished on |	Jun 17 13:03:09
       Mapping speed, Million of reads per hour |	33.02

                          Number of input reads |	41350575
                      Average input read length |	295
                                    UNIQUE READS:
                   Uniquely mapped reads number |	1121477
                        Uniquely mapped reads % |	2.71%
                          Average mapped length |	293.08
                       Number of splices: Total |	971235
            Number of splices: Annotated (sjdb) |	0
                       Number of splices: GT/AG |	967019
                       Number of splices: GC/AG |	2983
                       Number of splices: AT/AC |	148
               Number of splices: Non-canonical |	1085
                      Mismatch rate per base, % |	0.30%
                         Deletion rate per base |	0.01%
                        Deletion average length |	1.45
                        Insertion rate per base |	0.01%
                       Insertion average length |	1.50
                             MULTI-MAPPING READS:
        Number of reads mapped to multiple loci |	995774
             % of reads mapped to multiple loci |	2.41%
        Number of reads mapped to too many loci |	7125
             % of reads mapped to too many loci |	0.02%
                                  UNMAPPED READS:
       % of reads unmapped: too many mismatches |	0.00%
                 % of reads unmapped: too short |	94.85%
                     % of reads unmapped: other |	0.02%
                                  CHIMERIC READS:
                       Number of chimeric reads |	0
                            % of chimeric reads |	0.00%
