                                 Started job on |	Jun 13 06:59:04
                             Started mapping on |	Jun 13 06:59:27
                                    Finished on |	Jun 13 08:02:02
       Mapping speed, Million of reads per hour |	40.13

                          Number of input reads |	41860284
                      Average input read length |	295
                                    UNIQUE READS:
                   Uniquely mapped reads number |	2963272
                        Uniquely mapped reads % |	7.08%
                          Average mapped length |	292.93
                       Number of splices: Total |	2737055
            Number of splices: Annotated (sjdb) |	0
                       Number of splices: GT/AG |	2727613
                       Number of splices: GC/AG |	6756
                       Number of splices: AT/AC |	320
               Number of splices: Non-canonical |	2366
                      Mismatch rate per base, % |	0.31%
                         Deletion rate per base |	0.00%
                        Deletion average length |	1.41
                        Insertion rate per base |	0.00%
                       Insertion average length |	1.52
                             MULTI-MAPPING READS:
        Number of reads mapped to multiple loci |	3385582
             % of reads mapped to multiple loci |	8.09%
        Number of reads mapped to too many loci |	17091
             % of reads mapped to too many loci |	0.04%
                                  UNMAPPED READS:
       % of reads unmapped: too many mismatches |	0.00%
                 % of reads unmapped: too short |	84.78%
                     % of reads unmapped: other |	0.02%
                                  CHIMERIC READS:
                       Number of chimeric reads |	0
                            % of chimeric reads |	0.00%
