                                 Started job on |	Jun 13 04:14:01
                             Started mapping on |	Jun 13 04:14:23
                                    Finished on |	Jun 13 05:23:15
       Mapping speed, Million of reads per hour |	36.17

                          Number of input reads |	41515879
                      Average input read length |	296
                                    UNIQUE READS:
                   Uniquely mapped reads number |	2886219
                        Uniquely mapped reads % |	6.95%
                          Average mapped length |	292.37
                       Number of splices: Total |	2651341
            Number of splices: Annotated (sjdb) |	0
                       Number of splices: GT/AG |	2643369
                       Number of splices: GC/AG |	5855
                       Number of splices: AT/AC |	325
               Number of splices: Non-canonical |	1792
                      Mismatch rate per base, % |	0.32%
                         Deletion rate per base |	0.00%
                        Deletion average length |	1.42
                        Insertion rate per base |	0.01%
                       Insertion average length |	1.54
                             MULTI-MAPPING READS:
        Number of reads mapped to multiple loci |	1441694
             % of reads mapped to multiple loci |	3.47%
        Number of reads mapped to too many loci |	14130
             % of reads mapped to too many loci |	0.03%
                                  UNMAPPED READS:
       % of reads unmapped: too many mismatches |	0.00%
                 % of reads unmapped: too short |	89.52%
                     % of reads unmapped: other |	0.02%
                                  CHIMERIC READS:
                       Number of chimeric reads |	0
                            % of chimeric reads |	0.00%
