                                 Started job on |	Jun 17 08:42:31
                             Started mapping on |	Jun 17 08:42:45
                                    Finished on |	Jun 17 09:57:17
       Mapping speed, Million of reads per hour |	35.57

                          Number of input reads |	44187995
                      Average input read length |	296
                                    UNIQUE READS:
                   Uniquely mapped reads number |	1856791
                        Uniquely mapped reads % |	4.20%
                          Average mapped length |	293.94
                       Number of splices: Total |	1649318
            Number of splices: Annotated (sjdb) |	0
                       Number of splices: GT/AG |	1643039
                       Number of splices: GC/AG |	4592
                       Number of splices: AT/AC |	213
               Number of splices: Non-canonical |	1474
                      Mismatch rate per base, % |	0.30%
                         Deletion rate per base |	0.00%
                        Deletion average length |	1.42
                        Insertion rate per base |	0.01%
                       Insertion average length |	1.53
                             MULTI-MAPPING READS:
        Number of reads mapped to multiple loci |	1936055
             % of reads mapped to multiple loci |	4.38%
        Number of reads mapped to too many loci |	9222
             % of reads mapped to too many loci |	0.02%
                                  UNMAPPED READS:
       % of reads unmapped: too many mismatches |	0.00%
                 % of reads unmapped: too short |	91.38%
                     % of reads unmapped: other |	0.01%
                                  CHIMERIC READS:
                       Number of chimeric reads |	0
                            % of chimeric reads |	0.00%
