                                 Started job on |	Jun 06 17:03:01
                             Started mapping on |	Jun 06 17:03:23
                                    Finished on |	Jun 06 17:56:03
       Mapping speed, Million of reads per hour |	46.13

                          Number of input reads |	40488431
                      Average input read length |	295
                                    UNIQUE READS:
                   Uniquely mapped reads number |	5275669
                        Uniquely mapped reads % |	13.03%
                          Average mapped length |	294.26
                       Number of splices: Total |	4964474
            Number of splices: Annotated (sjdb) |	0
                       Number of splices: GT/AG |	4948573
                       Number of splices: GC/AG |	11924
                       Number of splices: AT/AC |	450
               Number of splices: Non-canonical |	3527
                      Mismatch rate per base, % |	0.31%
                         Deletion rate per base |	0.00%
                        Deletion average length |	1.41
                        Insertion rate per base |	0.00%
                       Insertion average length |	1.55
                             MULTI-MAPPING READS:
        Number of reads mapped to multiple loci |	6758295
             % of reads mapped to multiple loci |	16.69%
        Number of reads mapped to too many loci |	19100
             % of reads mapped to too many loci |	0.05%
                                  UNMAPPED READS:
       % of reads unmapped: too many mismatches |	0.00%
                 % of reads unmapped: too short |	70.22%
                     % of reads unmapped: other |	0.01%
                                  CHIMERIC READS:
                       Number of chimeric reads |	0
                            % of chimeric reads |	0.00%
