                                 Started job on |	Jun 09 23:36:06
                             Started mapping on |	Jun 09 23:36:22
                                    Finished on |	Jun 10 00:46:17
       Mapping speed, Million of reads per hour |	38.40

                          Number of input reads |	44744610
                      Average input read length |	296
                                    UNIQUE READS:
                   Uniquely mapped reads number |	3619905
                        Uniquely mapped reads % |	8.09%
                          Average mapped length |	291.88
                       Number of splices: Total |	3408408
            Number of splices: Annotated (sjdb) |	0
                       Number of splices: GT/AG |	3398848
                       Number of splices: GC/AG |	7044
                       Number of splices: AT/AC |	360
               Number of splices: Non-canonical |	2156
                      Mismatch rate per base, % |	0.34%
                         Deletion rate per base |	0.00%
                        Deletion average length |	1.42
                        Insertion rate per base |	0.01%
                       Insertion average length |	1.54
                             MULTI-MAPPING READS:
        Number of reads mapped to multiple loci |	1231725
             % of reads mapped to multiple loci |	2.75%
        Number of reads mapped to too many loci |	15307
             % of reads mapped to too many loci |	0.03%
                                  UNMAPPED READS:
       % of reads unmapped: too many mismatches |	0.00%
                 % of reads unmapped: too short |	89.10%
                     % of reads unmapped: other |	0.02%
                                  CHIMERIC READS:
                       Number of chimeric reads |	0
                            % of chimeric reads |	0.00%
