                                 Started job on |	Jun 19 01:29:49
                             Started mapping on |	Jun 19 01:30:04
                                    Finished on |	Jun 19 02:57:35
       Mapping speed, Million of reads per hour |	37.22

                          Number of input reads |	54295310
                      Average input read length |	296
                                    UNIQUE READS:
                   Uniquely mapped reads number |	616644
                        Uniquely mapped reads % |	1.14%
                          Average mapped length |	290.34
                       Number of splices: Total |	514348
            Number of splices: Annotated (sjdb) |	0
                       Number of splices: GT/AG |	511911
                       Number of splices: GC/AG |	1504
                       Number of splices: AT/AC |	89
               Number of splices: Non-canonical |	844
                      Mismatch rate per base, % |	0.29%
                         Deletion rate per base |	0.01%
                        Deletion average length |	1.45
                        Insertion rate per base |	0.01%
                       Insertion average length |	1.68
                             MULTI-MAPPING READS:
        Number of reads mapped to multiple loci |	536563
             % of reads mapped to multiple loci |	0.99%
        Number of reads mapped to too many loci |	14420
             % of reads mapped to too many loci |	0.03%
                                  UNMAPPED READS:
       % of reads unmapped: too many mismatches |	0.00%
                 % of reads unmapped: too short |	97.83%
                     % of reads unmapped: other |	0.02%
                                  CHIMERIC READS:
                       Number of chimeric reads |	0
                            % of chimeric reads |	0.00%
