                                 Started job on |	Jun 17 14:30:53
                             Started mapping on |	Jun 17 14:31:09
                                    Finished on |	Jun 17 15:52:46
       Mapping speed, Million of reads per hour |	34.86

                          Number of input reads |	47425564
                      Average input read length |	295
                                    UNIQUE READS:
                   Uniquely mapped reads number |	682298
                        Uniquely mapped reads % |	1.44%
                          Average mapped length |	291.01
                       Number of splices: Total |	568887
            Number of splices: Annotated (sjdb) |	0
                       Number of splices: GT/AG |	566252
                       Number of splices: GC/AG |	1703
                       Number of splices: AT/AC |	94
               Number of splices: Non-canonical |	838
                      Mismatch rate per base, % |	0.30%
                         Deletion rate per base |	0.01%
                        Deletion average length |	1.48
                        Insertion rate per base |	0.01%
                       Insertion average length |	1.74
                             MULTI-MAPPING READS:
        Number of reads mapped to multiple loci |	607404
             % of reads mapped to multiple loci |	1.28%
        Number of reads mapped to too many loci |	11281
             % of reads mapped to too many loci |	0.02%
                                  UNMAPPED READS:
       % of reads unmapped: too many mismatches |	0.00%
                 % of reads unmapped: too short |	97.24%
                     % of reads unmapped: other |	0.02%
                                  CHIMERIC READS:
                       Number of chimeric reads |	0
                            % of chimeric reads |	0.00%
